#
# A fatal error has been detected by the Java Runtime Environment:
#
#  EXCEPTION_ACCESS_VIOLATION (0xc0000005) at pc=0x00000001800044cb, pid=22604, tid=16916
#
# JRE version: Java(TM) SE Runtime Environment (17.0.1+12) (build 17.0.1+12-LTS-39)
# Java VM: Java HotSpot(TM) 64-Bit Server VM (17.0.1+12-LTS-39, mixed mode, sharing, tiered, compressed oops, compressed class ptrs, g1 gc, windows-amd64)
# Problematic frame:
# C  [rxtxSerial.dll+0x44cb]
#
# No core dump will be written. Minidumps are not enabled by default on client versions of Windows
#
# If you would like to submit a bug report, please visit:
#   https://bugreport.java.com/bugreport/crash.jsp
# The crash happened outside the Java Virtual Machine in native code.
# See problematic frame for where to report the bug.
#

---------------  S U M M A R Y ------------

Command Line: MultiWiiConf

Host: Intel(R) Core(TM) i5-9300H CPU @ 2.40GHz, 8 cores, 7G,  Windows 10 , 64 bit Build 22000 (10.0.22000.434)
Time: Sat Mar 26 23:47:54 2022 SE Asia Standard Time elapsed time: 35.533577 seconds (0d 0h 0m 35s)

---------------  T H R E A D  ---------------

Current thread (0x00000284123bc020):  JavaThread "Animation Thread" [_thread_in_native, id=16916, stack(0x000000f337e00000,0x000000f337f00000)]

Stack: [0x000000f337e00000,0x000000f337f00000],  sp=0x000000f337efec30,  free space=1019k
Native frames: (J=compiled Java code, j=interpreted, Vv=VM code, C=native code)
C  [rxtxSerial.dll+0x44cb]

Java frames: (J=compiled Java code, j=interpreted, Vv=VM code)
j  gnu.io.RXTXPort.nativeDrain(Z)Z+0
j  gnu.io.RXTXPort$SerialOutputStream.flush()V+92
j  processing.serial.Serial.write([B)V+12
j  MultiWiiConf.sendRequestMSP(Ljava/util/List;)V+60
j  MultiWiiConf.draw()V+934
J 1988 c1 processing.core.PApplet.handleDraw()V (239 bytes) @ 0x00000284008fc1bc [0x00000284008fba80+0x000000000000073c]
j  processing.core.PApplet.run()V+72
j  java.lang.Thread.run()V+11 java.base@17.0.1
v  ~StubRoutines::call_stub

siginfo: EXCEPTION_ACCESS_VIOLATION (0xc0000005), reading address 0x00000000382ff19c


Register to memory mapping:

RIP=0x00000001800044cb rxtxSerial.dll
RAX=0x000000000000001c is an unknown value
RBX=0x0000000000000001 is an unknown value
RCX=0x000000f337eff00c is pointing into the stack for thread: 0x00000284123bc020
RDX=0x0 is NULL
RSP=0x000000f337efec30 is pointing into the stack for thread: 0x00000284123bc020
RBP=0x0000000000000001 is an unknown value
RSI=0x0 is NULL
RDI=0x00000284123bc2c8 points into unknown readable memory: 0x00007ff842cb3630 | 30 36 cb 42 f8 7f 00 00
R8 =0x000000f337efe8f0 is pointing into the stack for thread: 0x00000284123bc020
R9 =0x0000000180000000 rxtxSerial.dll
R10=0x0 is NULL
R11=0x0000000000000200 is an unknown value
R12=0x00000000382ff190 is an unknown value
R13=0x0 is NULL
R14=0x000000f337eff120 is pointing into the stack for thread: 0x00000284123bc020
R15=0x00000284123bc020 is a thread


Registers:
RAX=0x000000000000001c, RBX=0x0000000000000001, RCX=0x000000f337eff00c, RDX=0x0000000000000000
RSP=0x000000f337efec30, RBP=0x0000000000000001, RSI=0x0000000000000000, RDI=0x00000284123bc2c8
R8 =0x000000f337efe8f0, R9 =0x0000000180000000, R10=0x0000000000000000, R11=0x0000000000000200
R12=0x00000000382ff190, R13=0x0000000000000000, R14=0x000000f337eff120, R15=0x00000284123bc020
RIP=0x00000001800044cb, EFLAGS=0x0000000000010206

Top of Stack: (sp=0x000000f337efec30)
0x000000f337efec30:   000002841a158a88 000000018001c4c0
0x000000f337efec40:   0000000000000000 0000000000000001
0x000000f337efec50:   0000000000000000 0000000000000000
0x000000f337efec60:   000000f337eff120 00000284123bc020
0x000000f337efec70:   0000000800008968 000000080000fea0
0x000000f337efec80:   00000284123bc020 000000080000fea0
0x000000f337efec90:   00000284123bc020 fffffffe00000000
0x000000f337efeca0:   0000000000000000 0000000000000000
0x000000f337efecb0:   00000284115d50d0 00007ff8425b3657
0x000000f337efecc0:   000002841235ad08 0000000800008968
0x000000f337efecd0:   0000000089ffc420 00007ff8425b58ae
0x000000f337efece0:   000000f337efecf0 000000080000fea0
0x000000f337efecf0:   000000f337efed50 00000000824a14e8
0x000000f337efed00:   0000000089ffc420 00000284123bc020
0x000000f337efed10:   00000284115d5478 00000284115d50a0
0x000000f337efed20:   0000000800008968 00007ff842871528 

Instructions: (pc=0x00000001800044cb)
0x00000001800043cb:   89 54 24 30 e8 3c f4 ff ff 48 8b 54 24 30 4c 8d
0x00000001800043db:   0d b4 80 01 00 4c 8d 05 b1 80 01 00 48 8b cf 8b
0x00000001800043eb:   e8 e8 1f f4 ff ff 33 db 4c 63 e0 8b cd e8 43 41
0x00000001800043fb:   00 00 ff c3 8b f0 85 c0 74 0f e8 72 63 00 00 83
0x000000018000440b:   38 04 75 05 83 fb 03 7c e2 48 8d 15 a5 80 01 00
0x000000018000441b:   48 8d 8c 24 c0 03 00 00 44 8b c6 e8 11 5e 00 00
0x000000018000442b:   85 f6 0f 84 86 00 00 00 e8 44 63 00 00 8b 08 e8
0x000000018000443b:   59 62 00 00 4c 8b 07 48 8d 15 a7 80 01 00 48 8b
0x000000018000444b:   cf 48 8b f0 41 ff 50 30 48 8b d8 48 85 c0 75 1b
0x000000018000445b:   48 8b 07 48 8b cf ff 90 80 00 00 00 4c 8b 1f 48
0x000000018000446b:   8b cf 41 ff 93 88 00 00 00 eb 43 4c 8d 0d 63 80
0x000000018000447b:   01 00 48 8d 15 7c 90 01 00 48 8d 8c 24 78 03 00
0x000000018000448b:   00 4c 8b c6 e8 a8 5d 00 00 4c 8b 1f 4c 8d 84 24
0x000000018000449b:   78 03 00 00 48 8b d3 48 8b cf 41 ff 53 70 4c 8b
0x00000001800044ab:   1f 48 8b d3 48 8b cf 41 ff 93 b8 00 00 00 45 84
0x00000001800044bb:   ed 0f 85 b7 00 00 00 4d 85 e4 0f 84 ae 00 00 00
0x00000001800044cb:   41 83 7c 24 0c 00 0f 84 a2 00 00 00 48 8d 4c 24
0x00000001800044db:   38 49 8b d4 41 b8 40 03 00 00 e8 06 64 00 00 4c
0x00000001800044eb:   8b 1f 48 8b 54 24 30 48 8b cf 41 ff 93 f8 00 00
0x00000001800044fb:   00 48 8b 54 24 30 4c 8d 0d f8 7a 01 00 4c 8d 05
0x000000018000450b:   f5 7a 01 00 48 8b cf 48 8b d8 e8 f6 f2 ff ff 4c
0x000000018000451b:   8b 1f 4c 8d 0d e4 7a 01 00 4c 8d 05 e5 7a 01 00
0x000000018000452b:   48 8b d3 48 8b cf 41 ff 93 08 01 00 00 83 bc 24
0x000000018000453b:   d0 00 00 00 01 48 8b f0 7f 34 48 85 db 74 2f 48
0x000000018000454b:   8b 17 48 8b cf ff 92 88 00 00 00 4c 8b 1f 48 8b
0x000000018000455b:   54 24 30 41 b9 02 00 00 00 4c 8b c6 48 8b cf c7
0x000000018000456b:   44 24 20 01 00 00 00 41 ff 93 28 01 00 00 32 c0
0x000000018000457b:   48 8b 8c 24 10 04 00 00 48 33 cc e8 05 5b 00 00
0x000000018000458b:   48 8b 9c 24 60 04 00 00 48 81 c4 20 04 00 00 41
0x000000018000459b:   5d 41 5c 5f 5e 5d c3 cc cc cc cc cc cc cc cc cc
0x00000001800045ab:   cc cc cc cc cc 40 53 48 83 ec 20 41 8b d8 4c 8d
0x00000001800045bb:   0d dc 7e 01 00 4c 8d 05 25 7f 01 00 e8 44 f2 ff 


Stack slot to memory mapping:
stack at sp + 0 slots: {method} {0x000002841a158a90} 'nativeDrain' '(Z)Z' in 'gnu/io/RXTXPort'
stack at sp + 1 slots: 0x000000018001c4c0 rxtxSerial.dll
stack at sp + 2 slots: 0x0 is NULL
stack at sp + 3 slots: 0x0000000000000001 is an unknown value
stack at sp + 4 slots: 0x0 is NULL
stack at sp + 5 slots: 0x0 is NULL
stack at sp + 6 slots: 0x000000f337eff120 is pointing into the stack for thread: 0x00000284123bc020
stack at sp + 7 slots: 0x00000284123bc020 is a thread


---------------  P R O C E S S  ---------------

Threads class SMR info:
_java_thread_list=0x000002841ae391c0, length=18, elements={
0x00000284115a31d0, 0x00000284115a4660, 0x00000284115b9000, 0x00000284115b99b0,
0x00000284115ba360, 0x00000284115bad10, 0x00000284115befa0, 0x00000284115bfa40,
0x00000284115ce390, 0x00000284120b5e90, 0x00000284120bc610, 0x0000028412137dd0,
0x0000028412138490, 0x0000028412125bf0, 0x000002841235c5f0, 0x00000284123bc020,
0x0000028473517ad0, 0x0000028413978010
}

Java Threads: ( => current thread )
  0x00000284115a31d0 JavaThread "Reference Handler" daemon [_thread_blocked, id=20156, stack(0x000000f336d00000,0x000000f336e00000)]
  0x00000284115a4660 JavaThread "Finalizer" daemon [_thread_blocked, id=26084, stack(0x000000f336e00000,0x000000f336f00000)]
  0x00000284115b9000 JavaThread "Signal Dispatcher" daemon [_thread_blocked, id=20400, stack(0x000000f336f00000,0x000000f337000000)]
  0x00000284115b99b0 JavaThread "Attach Listener" daemon [_thread_blocked, id=12804, stack(0x000000f337000000,0x000000f337100000)]
  0x00000284115ba360 JavaThread "Service Thread" daemon [_thread_blocked, id=13876, stack(0x000000f337100000,0x000000f337200000)]
  0x00000284115bad10 JavaThread "Monitor Deflation Thread" daemon [_thread_blocked, id=1588, stack(0x000000f337200000,0x000000f337300000)]
  0x00000284115befa0 JavaThread "C2 CompilerThread0" daemon [_thread_blocked, id=22892, stack(0x000000f337300000,0x000000f337400000)]
  0x00000284115bfa40 JavaThread "C1 CompilerThread0" daemon [_thread_blocked, id=25140, stack(0x000000f337400000,0x000000f337500000)]
  0x00000284115ce390 JavaThread "Sweeper thread" daemon [_thread_blocked, id=24196, stack(0x000000f337500000,0x000000f337600000)]
  0x00000284120b5e90 JavaThread "Notification Thread" daemon [_thread_blocked, id=9236, stack(0x000000f337600000,0x000000f337700000)]
  0x00000284120bc610 JavaThread "Common-Cleaner" daemon [_thread_blocked, id=9720, stack(0x000000f337800000,0x000000f337900000)]
  0x0000028412137dd0 JavaThread "Java2D Disposer" daemon [_thread_blocked, id=14628, stack(0x000000f337900000,0x000000f337a00000)]
  0x0000028412138490 JavaThread "AWT-Shutdown" [_thread_blocked, id=25672, stack(0x000000f337a00000,0x000000f337b00000)]
  0x0000028412125bf0 JavaThread "AWT-Windows" daemon [_thread_in_native, id=20704, stack(0x000000f337b00000,0x000000f337c00000)]
  0x000002841235c5f0 JavaThread "AWT-EventQueue-0" [_thread_blocked, id=22076, stack(0x000000f337c00000,0x000000f337d00000)]
=>0x00000284123bc020 JavaThread "Animation Thread" [_thread_in_native, id=16916, stack(0x000000f337e00000,0x000000f337f00000)]
  0x0000028473517ad0 JavaThread "DestroyJavaVM" [_thread_blocked, id=11448, stack(0x000000f336600000,0x000000f336700000)]
  0x0000028413978010 JavaThread "Thread-0" [_thread_in_native, id=21128, stack(0x000000f338200000,0x000000f338300000)]

Other Threads:
  0x000002841159c6c0 VMThread "VM Thread" [stack: 0x000000f336c00000,0x000000f336d00000] [id=4764]
  0x00000284120bc380 WatcherThread [stack: 0x000000f337700000,0x000000f337800000] [id=13856]
  0x0000028473558bd0 GCTaskThread "GC Thread#0" [stack: 0x000000f336700000,0x000000f336800000] [id=448]
  0x0000028413675d00 GCTaskThread "GC Thread#1" [stack: 0x000000f338300000,0x000000f338400000] [id=12436]
  0x0000028413678140 GCTaskThread "GC Thread#2" [stack: 0x000000f338400000,0x000000f338500000] [id=17872]
  0x00000284136783f0 GCTaskThread "GC Thread#3" [stack: 0x000000f338500000,0x000000f338600000] [id=22476]
  0x00000284136786a0 GCTaskThread "GC Thread#4" [stack: 0x000000f338600000,0x000000f338700000] [id=4104]
  0x00000284134f56f0 GCTaskThread "GC Thread#5" [stack: 0x000000f338700000,0x000000f338800000] [id=25088]
  0x00000284134f59a0 GCTaskThread "GC Thread#6" [stack: 0x000000f338800000,0x000000f338900000] [id=25700]
  0x000002841396da70 GCTaskThread "GC Thread#7" [stack: 0x000000f338900000,0x000000f338a00000] [id=24940]
  0x0000028473569d30 ConcurrentGCThread "G1 Main Marker" [stack: 0x000000f336800000,0x000000f336900000] [id=22184]
  0x000002847356a640 ConcurrentGCThread "G1 Conc#0" [stack: 0x000000f336900000,0x000000f336a00000] [id=24228]
  0x00000284735d1b10 ConcurrentGCThread "G1 Refine#0" [stack: 0x000000f336a00000,0x000000f336b00000] [id=19376]
  0x00000284114605f0 ConcurrentGCThread "G1 Service" [stack: 0x000000f336b00000,0x000000f336c00000] [id=6192]

Threads with active compile tasks:

VM state: not at safepoint (normal execution)

VM Mutex/Monitor currently owned by a thread: None

Heap address: 0x0000000082400000, size: 2012 MB, Compressed Oops mode: 32-bit

CDS archive(s) mapped at: [0x0000000800000000-0x0000000800bc0000-0x0000000800bc0000), size 12320768, SharedBaseAddress: 0x0000000800000000, ArchiveRelocationMode: 0.
Compressed class space mapped at: 0x0000000800c00000-0x0000000840c00000, reserved size: 1073741824
Narrow klass base: 0x0000000800000000, Narrow klass shift: 0, Narrow klass range: 0x100000000

GC Precious Log:
 CPUs: 8 total, 8 available
 Memory: 8044M
 Large Page Support: Disabled
 NUMA Support: Disabled
 Compressed Oops: Enabled (32-bit)
 Heap Region Size: 1M
 Heap Min Capacity: 8M
 Heap Initial Capacity: 126M
 Heap Max Capacity: 2012M
 Pre-touch: Disabled
 Parallel Workers: 8
 Concurrent Workers: 2
 Concurrent Refinement Workers: 8
 Periodic GC: Disabled

Heap:
 garbage-first heap   total 129024K, used 7959K [0x0000000082400000, 0x0000000100000000)
  region size 1024K, 6 young (6144K), 2 survivors (2048K)
 Metaspace       used 11002K, committed 11200K, reserved 1064960K
  class space    used 866K, committed 960K, reserved 1048576K

Heap Regions: E=young(eden), S=young(survivor), O=old, HS=humongous(starts), HC=humongous(continues), CS=collection set, F=free, OA=open archive, CA=closed archive, TAMS=top-at-mark-start (previous, next)
|   0|0x0000000082400000, 0x0000000082500000, 0x0000000082500000|100%| O|  |TAMS 0x0000000082400000, 0x0000000082400000| Untracked 
|   1|0x0000000082500000, 0x0000000082600000, 0x0000000082600000|100%| O|  |TAMS 0x0000000082500000, 0x0000000082500000| Untracked 
|   2|0x0000000082600000, 0x0000000082700000, 0x0000000082700000|100%| O|  |TAMS 0x0000000082600000, 0x0000000082600000| Untracked 
|   3|0x0000000082700000, 0x0000000082786800, 0x0000000082800000| 52%| O|  |TAMS 0x0000000082700000, 0x0000000082700000| Untracked 
|   4|0x0000000082800000, 0x0000000082800000, 0x0000000082900000|  0%| F|  |TAMS 0x0000000082800000, 0x0000000082800000| Untracked 
|   5|0x0000000082900000, 0x0000000082900000, 0x0000000082a00000|  0%| F|  |TAMS 0x0000000082900000, 0x0000000082900000| Untracked 
|   6|0x0000000082a00000, 0x0000000082a00000, 0x0000000082b00000|  0%| F|  |TAMS 0x0000000082a00000, 0x0000000082a00000| Untracked 
|   7|0x0000000082b00000, 0x0000000082b00000, 0x0000000082c00000|  0%| F|  |TAMS 0x0000000082b00000, 0x0000000082b00000| Untracked 
|   8|0x0000000082c00000, 0x0000000082c00000, 0x0000000082d00000|  0%| F|  |TAMS 0x0000000082c00000, 0x0000000082c00000| Untracked 
|   9|0x0000000082d00000, 0x0000000082d00000, 0x0000000082e00000|  0%| F|  |TAMS 0x0000000082d00000, 0x0000000082d00000| Untracked 
|  10|0x0000000082e00000, 0x0000000082e00000, 0x0000000082f00000|  0%| F|  |TAMS 0x0000000082e00000, 0x0000000082e00000| Untracked 
|  11|0x0000000082f00000, 0x0000000082f00000, 0x0000000083000000|  0%| F|  |TAMS 0x0000000082f00000, 0x0000000082f00000| Untracked 
|  12|0x0000000083000000, 0x0000000083000000, 0x0000000083100000|  0%| F|  |TAMS 0x0000000083000000, 0x0000000083000000| Untracked 
|  13|0x0000000083100000, 0x0000000083100000, 0x0000000083200000|  0%| F|  |TAMS 0x0000000083100000, 0x0000000083100000| Untracked 
|  14|0x0000000083200000, 0x0000000083200000, 0x0000000083300000|  0%| F|  |TAMS 0x0000000083200000, 0x0000000083200000| Untracked 
|  15|0x0000000083300000, 0x0000000083300000, 0x0000000083400000|  0%| F|  |TAMS 0x0000000083300000, 0x0000000083300000| Untracked 
|  16|0x0000000083400000, 0x0000000083400000, 0x0000000083500000|  0%| F|  |TAMS 0x0000000083400000, 0x0000000083400000| Untracked 
|  17|0x0000000083500000, 0x0000000083500000, 0x0000000083600000|  0%| F|  |TAMS 0x0000000083500000, 0x0000000083500000| Untracked 
|  18|0x0000000083600000, 0x0000000083600000, 0x0000000083700000|  0%| F|  |TAMS 0x0000000083600000, 0x0000000083600000| Untracked 
|  19|0x0000000083700000, 0x0000000083700000, 0x0000000083800000|  0%| F|  |TAMS 0x0000000083700000, 0x0000000083700000| Untracked 
|  20|0x0000000083800000, 0x0000000083800000, 0x0000000083900000|  0%| F|  |TAMS 0x0000000083800000, 0x0000000083800000| Untracked 
|  21|0x0000000083900000, 0x0000000083900000, 0x0000000083a00000|  0%| F|  |TAMS 0x0000000083900000, 0x0000000083900000| Untracked 
|  22|0x0000000083a00000, 0x0000000083a00000, 0x0000000083b00000|  0%| F|  |TAMS 0x0000000083a00000, 0x0000000083a00000| Untracked 
|  23|0x0000000083b00000, 0x0000000083b00000, 0x0000000083c00000|  0%| F|  |TAMS 0x0000000083b00000, 0x0000000083b00000| Untracked 
|  24|0x0000000083c00000, 0x0000000083c00000, 0x0000000083d00000|  0%| F|  |TAMS 0x0000000083c00000, 0x0000000083c00000| Untracked 
|  25|0x0000000083d00000, 0x0000000083d00000, 0x0000000083e00000|  0%| F|  |TAMS 0x0000000083d00000, 0x0000000083d00000| Untracked 
|  26|0x0000000083e00000, 0x0000000083e00000, 0x0000000083f00000|  0%| F|  |TAMS 0x0000000083e00000, 0x0000000083e00000| Untracked 
|  27|0x0000000083f00000, 0x0000000083f00000, 0x0000000084000000|  0%| F|  |TAMS 0x0000000083f00000, 0x0000000083f00000| Untracked 
|  28|0x0000000084000000, 0x0000000084000000, 0x0000000084100000|  0%| F|  |TAMS 0x0000000084000000, 0x0000000084000000| Untracked 
|  29|0x0000000084100000, 0x0000000084100000, 0x0000000084200000|  0%| F|  |TAMS 0x0000000084100000, 0x0000000084100000| Untracked 
|  30|0x0000000084200000, 0x0000000084200000, 0x0000000084300000|  0%| F|  |TAMS 0x0000000084200000, 0x0000000084200000| Untracked 
|  31|0x0000000084300000, 0x0000000084300000, 0x0000000084400000|  0%| F|  |TAMS 0x0000000084300000, 0x0000000084300000| Untracked 
|  32|0x0000000084400000, 0x0000000084400000, 0x0000000084500000|  0%| F|  |TAMS 0x0000000084400000, 0x0000000084400000| Untracked 
|  33|0x0000000084500000, 0x0000000084500000, 0x0000000084600000|  0%| F|  |TAMS 0x0000000084500000, 0x0000000084500000| Untracked 
|  34|0x0000000084600000, 0x0000000084600000, 0x0000000084700000|  0%| F|  |TAMS 0x0000000084600000, 0x0000000084600000| Untracked 
|  35|0x0000000084700000, 0x0000000084700000, 0x0000000084800000|  0%| F|  |TAMS 0x0000000084700000, 0x0000000084700000| Untracked 
|  36|0x0000000084800000, 0x0000000084800000, 0x0000000084900000|  0%| F|  |TAMS 0x0000000084800000, 0x0000000084800000| Untracked 
|  37|0x0000000084900000, 0x0000000084900000, 0x0000000084a00000|  0%| F|  |TAMS 0x0000000084900000, 0x0000000084900000| Untracked 
|  38|0x0000000084a00000, 0x0000000084a00000, 0x0000000084b00000|  0%| F|  |TAMS 0x0000000084a00000, 0x0000000084a00000| Untracked 
|  39|0x0000000084b00000, 0x0000000084b00000, 0x0000000084c00000|  0%| F|  |TAMS 0x0000000084b00000, 0x0000000084b00000| Untracked 
|  40|0x0000000084c00000, 0x0000000084c00000, 0x0000000084d00000|  0%| F|  |TAMS 0x0000000084c00000, 0x0000000084c00000| Untracked 
|  41|0x0000000084d00000, 0x0000000084d00000, 0x0000000084e00000|  0%| F|  |TAMS 0x0000000084d00000, 0x0000000084d00000| Untracked 
|  42|0x0000000084e00000, 0x0000000084e00000, 0x0000000084f00000|  0%| F|  |TAMS 0x0000000084e00000, 0x0000000084e00000| Untracked 
|  43|0x0000000084f00000, 0x0000000084f00000, 0x0000000085000000|  0%| F|  |TAMS 0x0000000084f00000, 0x0000000084f00000| Untracked 
|  44|0x0000000085000000, 0x0000000085000000, 0x0000000085100000|  0%| F|  |TAMS 0x0000000085000000, 0x0000000085000000| Untracked 
|  45|0x0000000085100000, 0x0000000085100000, 0x0000000085200000|  0%| F|  |TAMS 0x0000000085100000, 0x0000000085100000| Untracked 
|  46|0x0000000085200000, 0x0000000085200000, 0x0000000085300000|  0%| F|  |TAMS 0x0000000085200000, 0x0000000085200000| Untracked 
|  47|0x0000000085300000, 0x0000000085300000, 0x0000000085400000|  0%| F|  |TAMS 0x0000000085300000, 0x0000000085300000| Untracked 
|  48|0x0000000085400000, 0x0000000085400000, 0x0000000085500000|  0%| F|  |TAMS 0x0000000085400000, 0x0000000085400000| Untracked 
|  49|0x0000000085500000, 0x000000008553f7e0, 0x0000000085600000| 24%| S|CS|TAMS 0x0000000085500000, 0x0000000085500000| Complete 
|  50|0x0000000085600000, 0x0000000085700000, 0x0000000085700000|100%| S|CS|TAMS 0x0000000085600000, 0x0000000085600000| Complete 
|  51|0x0000000085700000, 0x0000000085700000, 0x0000000085800000|  0%| F|  |TAMS 0x0000000085700000, 0x0000000085700000| Untracked 
|  52|0x0000000085800000, 0x0000000085800000, 0x0000000085900000|  0%| F|  |TAMS 0x0000000085800000, 0x0000000085800000| Untracked 
|  53|0x0000000085900000, 0x0000000085900000, 0x0000000085a00000|  0%| F|  |TAMS 0x0000000085900000, 0x0000000085900000| Untracked 
|  54|0x0000000085a00000, 0x0000000085a00000, 0x0000000085b00000|  0%| F|  |TAMS 0x0000000085a00000, 0x0000000085a00000| Untracked 
|  55|0x0000000085b00000, 0x0000000085b00000, 0x0000000085c00000|  0%| F|  |TAMS 0x0000000085b00000, 0x0000000085b00000| Untracked 
|  56|0x0000000085c00000, 0x0000000085c00000, 0x0000000085d00000|  0%| F|  |TAMS 0x0000000085c00000, 0x0000000085c00000| Untracked 
|  57|0x0000000085d00000, 0x0000000085d00000, 0x0000000085e00000|  0%| F|  |TAMS 0x0000000085d00000, 0x0000000085d00000| Untracked 
|  58|0x0000000085e00000, 0x0000000085e00000, 0x0000000085f00000|  0%| F|  |TAMS 0x0000000085e00000, 0x0000000085e00000| Untracked 
|  59|0x0000000085f00000, 0x0000000085f00000, 0x0000000086000000|  0%| F|  |TAMS 0x0000000085f00000, 0x0000000085f00000| Untracked 
|  60|0x0000000086000000, 0x0000000086000000, 0x0000000086100000|  0%| F|  |TAMS 0x0000000086000000, 0x0000000086000000| Untracked 
|  61|0x0000000086100000, 0x0000000086100000, 0x0000000086200000|  0%| F|  |TAMS 0x0000000086100000, 0x0000000086100000| Untracked 
|  62|0x0000000086200000, 0x0000000086200000, 0x0000000086300000|  0%| F|  |TAMS 0x0000000086200000, 0x0000000086200000| Untracked 
|  63|0x0000000086300000, 0x0000000086300000, 0x0000000086400000|  0%| F|  |TAMS 0x0000000086300000, 0x0000000086300000| Untracked 
|  64|0x0000000086400000, 0x0000000086400000, 0x0000000086500000|  0%| F|  |TAMS 0x0000000086400000, 0x0000000086400000| Untracked 
|  65|0x0000000086500000, 0x0000000086500000, 0x0000000086600000|  0%| F|  |TAMS 0x0000000086500000, 0x0000000086500000| Untracked 
|  66|0x0000000086600000, 0x0000000086600000, 0x0000000086700000|  0%| F|  |TAMS 0x0000000086600000, 0x0000000086600000| Untracked 
|  67|0x0000000086700000, 0x0000000086700000, 0x0000000086800000|  0%| F|  |TAMS 0x0000000086700000, 0x0000000086700000| Untracked 
|  68|0x0000000086800000, 0x0000000086800000, 0x0000000086900000|  0%| F|  |TAMS 0x0000000086800000, 0x0000000086800000| Untracked 
|  69|0x0000000086900000, 0x0000000086900000, 0x0000000086a00000|  0%| F|  |TAMS 0x0000000086900000, 0x0000000086900000| Untracked 
|  70|0x0000000086a00000, 0x0000000086a00000, 0x0000000086b00000|  0%| F|  |TAMS 0x0000000086a00000, 0x0000000086a00000| Untracked 
|  71|0x0000000086b00000, 0x0000000086b00000, 0x0000000086c00000|  0%| F|  |TAMS 0x0000000086b00000, 0x0000000086b00000| Untracked 
|  72|0x0000000086c00000, 0x0000000086c00000, 0x0000000086d00000|  0%| F|  |TAMS 0x0000000086c00000, 0x0000000086c00000| Untracked 
|  73|0x0000000086d00000, 0x0000000086d00000, 0x0000000086e00000|  0%| F|  |TAMS 0x0000000086d00000, 0x0000000086d00000| Untracked 
|  74|0x0000000086e00000, 0x0000000086e00000, 0x0000000086f00000|  0%| F|  |TAMS 0x0000000086e00000, 0x0000000086e00000| Untracked 
|  75|0x0000000086f00000, 0x0000000086f00000, 0x0000000087000000|  0%| F|  |TAMS 0x0000000086f00000, 0x0000000086f00000| Untracked 
|  76|0x0000000087000000, 0x0000000087000000, 0x0000000087100000|  0%| F|  |TAMS 0x0000000087000000, 0x0000000087000000| Untracked 
|  77|0x0000000087100000, 0x0000000087100000, 0x0000000087200000|  0%| F|  |TAMS 0x0000000087100000, 0x0000000087100000| Untracked 
|  78|0x0000000087200000, 0x0000000087200000, 0x0000000087300000|  0%| F|  |TAMS 0x0000000087200000, 0x0000000087200000| Untracked 
|  79|0x0000000087300000, 0x0000000087300000, 0x0000000087400000|  0%| F|  |TAMS 0x0000000087300000, 0x0000000087300000| Untracked 
|  80|0x0000000087400000, 0x0000000087400000, 0x0000000087500000|  0%| F|  |TAMS 0x0000000087400000, 0x0000000087400000| Untracked 
|  81|0x0000000087500000, 0x0000000087500000, 0x0000000087600000|  0%| F|  |TAMS 0x0000000087500000, 0x0000000087500000| Untracked 
|  82|0x0000000087600000, 0x0000000087600000, 0x0000000087700000|  0%| F|  |TAMS 0x0000000087600000, 0x0000000087600000| Untracked 
|  83|0x0000000087700000, 0x0000000087700000, 0x0000000087800000|  0%| F|  |TAMS 0x0000000087700000, 0x0000000087700000| Untracked 
|  84|0x0000000087800000, 0x0000000087800000, 0x0000000087900000|  0%| F|  |TAMS 0x0000000087800000, 0x0000000087800000| Untracked 
|  85|0x0000000087900000, 0x0000000087900000, 0x0000000087a00000|  0%| F|  |TAMS 0x0000000087900000, 0x0000000087900000| Untracked 
|  86|0x0000000087a00000, 0x0000000087a00000, 0x0000000087b00000|  0%| F|  |TAMS 0x0000000087a00000, 0x0000000087a00000| Untracked 
|  87|0x0000000087b00000, 0x0000000087b00000, 0x0000000087c00000|  0%| F|  |TAMS 0x0000000087b00000, 0x0000000087b00000| Untracked 
|  88|0x0000000087c00000, 0x0000000087c00000, 0x0000000087d00000|  0%| F|  |TAMS 0x0000000087c00000, 0x0000000087c00000| Untracked 
|  89|0x0000000087d00000, 0x0000000087d00000, 0x0000000087e00000|  0%| F|  |TAMS 0x0000000087d00000, 0x0000000087d00000| Untracked 
|  90|0x0000000087e00000, 0x0000000087e00000, 0x0000000087f00000|  0%| F|  |TAMS 0x0000000087e00000, 0x0000000087e00000| Untracked 
|  91|0x0000000087f00000, 0x0000000087f00000, 0x0000000088000000|  0%| F|  |TAMS 0x0000000087f00000, 0x0000000087f00000| Untracked 
|  92|0x0000000088000000, 0x0000000088000000, 0x0000000088100000|  0%| F|  |TAMS 0x0000000088000000, 0x0000000088000000| Untracked 
|  93|0x0000000088100000, 0x0000000088100000, 0x0000000088200000|  0%| F|  |TAMS 0x0000000088100000, 0x0000000088100000| Untracked 
|  94|0x0000000088200000, 0x0000000088200000, 0x0000000088300000|  0%| F|  |TAMS 0x0000000088200000, 0x0000000088200000| Untracked 
|  95|0x0000000088300000, 0x0000000088300000, 0x0000000088400000|  0%| F|  |TAMS 0x0000000088300000, 0x0000000088300000| Untracked 
|  96|0x0000000088400000, 0x0000000088400000, 0x0000000088500000|  0%| F|  |TAMS 0x0000000088400000, 0x0000000088400000| Untracked 
|  97|0x0000000088500000, 0x0000000088500000, 0x0000000088600000|  0%| F|  |TAMS 0x0000000088500000, 0x0000000088500000| Untracked 
|  98|0x0000000088600000, 0x0000000088600000, 0x0000000088700000|  0%| F|  |TAMS 0x0000000088600000, 0x0000000088600000| Untracked 
|  99|0x0000000088700000, 0x0000000088700000, 0x0000000088800000|  0%| F|  |TAMS 0x0000000088700000, 0x0000000088700000| Untracked 
| 100|0x0000000088800000, 0x0000000088800000, 0x0000000088900000|  0%| F|  |TAMS 0x0000000088800000, 0x0000000088800000| Untracked 
| 101|0x0000000088900000, 0x0000000088900000, 0x0000000088a00000|  0%| F|  |TAMS 0x0000000088900000, 0x0000000088900000| Untracked 
| 102|0x0000000088a00000, 0x0000000088a00000, 0x0000000088b00000|  0%| F|  |TAMS 0x0000000088a00000, 0x0000000088a00000| Untracked 
| 103|0x0000000088b00000, 0x0000000088b00000, 0x0000000088c00000|  0%| F|  |TAMS 0x0000000088b00000, 0x0000000088b00000| Untracked 
| 104|0x0000000088c00000, 0x0000000088c00000, 0x0000000088d00000|  0%| F|  |TAMS 0x0000000088c00000, 0x0000000088c00000| Untracked 
| 105|0x0000000088d00000, 0x0000000088d00000, 0x0000000088e00000|  0%| F|  |TAMS 0x0000000088d00000, 0x0000000088d00000| Untracked 
| 106|0x0000000088e00000, 0x0000000088e00000, 0x0000000088f00000|  0%| F|  |TAMS 0x0000000088e00000, 0x0000000088e00000| Untracked 
| 107|0x0000000088f00000, 0x0000000088f00000, 0x0000000089000000|  0%| F|  |TAMS 0x0000000088f00000, 0x0000000088f00000| Untracked 
| 108|0x0000000089000000, 0x0000000089000000, 0x0000000089100000|  0%| F|  |TAMS 0x0000000089000000, 0x0000000089000000| Untracked 
| 109|0x0000000089100000, 0x0000000089100000, 0x0000000089200000|  0%| F|  |TAMS 0x0000000089100000, 0x0000000089100000| Untracked 
| 110|0x0000000089200000, 0x0000000089200000, 0x0000000089300000|  0%| F|  |TAMS 0x0000000089200000, 0x0000000089200000| Untracked 
| 111|0x0000000089300000, 0x0000000089300000, 0x0000000089400000|  0%| F|  |TAMS 0x0000000089300000, 0x0000000089300000| Untracked 
| 112|0x0000000089400000, 0x0000000089400000, 0x0000000089500000|  0%| F|  |TAMS 0x0000000089400000, 0x0000000089400000| Untracked 
| 113|0x0000000089500000, 0x0000000089500000, 0x0000000089600000|  0%| F|  |TAMS 0x0000000089500000, 0x0000000089500000| Untracked 
| 114|0x0000000089600000, 0x0000000089600000, 0x0000000089700000|  0%| F|  |TAMS 0x0000000089600000, 0x0000000089600000| Untracked 
| 115|0x0000000089700000, 0x0000000089700000, 0x0000000089800000|  0%| F|  |TAMS 0x0000000089700000, 0x0000000089700000| Untracked 
| 116|0x0000000089800000, 0x0000000089800000, 0x0000000089900000|  0%| F|  |TAMS 0x0000000089800000, 0x0000000089800000| Untracked 
| 117|0x0000000089900000, 0x0000000089900000, 0x0000000089a00000|  0%| F|  |TAMS 0x0000000089900000, 0x0000000089900000| Untracked 
| 118|0x0000000089a00000, 0x0000000089a00000, 0x0000000089b00000|  0%| F|  |TAMS 0x0000000089a00000, 0x0000000089a00000| Untracked 
| 119|0x0000000089b00000, 0x0000000089b00000, 0x0000000089c00000|  0%| F|  |TAMS 0x0000000089b00000, 0x0000000089b00000| Untracked 
| 120|0x0000000089c00000, 0x0000000089c00000, 0x0000000089d00000|  0%| F|  |TAMS 0x0000000089c00000, 0x0000000089c00000| Untracked 
| 121|0x0000000089d00000, 0x0000000089d00000, 0x0000000089e00000|  0%| F|  |TAMS 0x0000000089d00000, 0x0000000089d00000| Untracked 
| 122|0x0000000089e00000, 0x0000000089e00800, 0x0000000089f00000|  0%| E|  |TAMS 0x0000000089e00000, 0x0000000089e00000| Complete 
| 123|0x0000000089f00000, 0x000000008a000000, 0x000000008a000000|100%| E|CS|TAMS 0x0000000089f00000, 0x0000000089f00000| Complete 
| 124|0x000000008a000000, 0x000000008a100000, 0x000000008a100000|100%| E|CS|TAMS 0x000000008a000000, 0x000000008a000000| Complete 
| 125|0x000000008a100000, 0x000000008a200000, 0x000000008a200000|100%| E|CS|TAMS 0x000000008a100000, 0x000000008a100000| Complete 

Card table byte_map: [0x000002847b430000,0x000002847b820000] _byte_map_base: 0x000002847b01e000

Marking Bits (Prev, Next): (CMBitMap*) 0x00000284735590e0, (CMBitMap*) 0x0000028473559120
 Prev Bits: [0x000002847bc10000, 0x000002847db80000)
 Next Bits: [0x000002847db80000, 0x000002847faf0000)

Polling page: 0x0000028472ce0000

Metaspace:

Usage:
  Non-class:      9.90 MB used.
      Class:    866.57 KB used.
       Both:     10.74 MB used.

Virtual space:
  Non-class space:       16.00 MB reserved,      10.00 MB ( 62%) committed,  2 nodes.
      Class space:        1.00 GB reserved,     960.00 KB ( <1%) committed,  1 nodes.
             Both:        1.02 GB reserved,      10.94 MB (  1%) committed. 

Chunk freelists:
   Non-Class:  1.82 MB
       Class:  3.04 MB
        Both:  4.85 MB

MaxMetaspaceSize: unlimited
CompressedClassSpaceSize: 1.00 GB
Initial GC threshold: 21.00 MB
Current GC threshold: 21.00 MB
CDS: on
MetaspaceReclaimPolicy: balanced
 - commit_granule_bytes: 65536.
 - commit_granule_words: 8192.
 - virtual_space_node_default_size: 1048576.
 - enlarge_chunks_in_place: 1.
 - new_chunks_are_fully_committed: 0.
 - uncommit_free_chunks: 1.
 - use_allocation_guard: 0.
 - handle_deallocations: 1.


Internal statistics:

num_allocs_failed_limit: 0.
num_arena_births: 100.
num_arena_deaths: 0.
num_vsnodes_births: 3.
num_vsnodes_deaths: 0.
num_space_committed: 171.
num_space_uncommitted: 0.
num_chunks_returned_to_freelist: 0.
num_chunks_taken_from_freelist: 283.
num_chunk_merges: 0.
num_chunk_splits: 195.
num_chunks_enlarged: 132.
num_purges: 0.
num_inconsistent_stats: 0.

CodeHeap 'non-profiled nmethods': size=120000Kb used=1128Kb max_used=1128Kb free=118872Kb
 bounds [0x0000028407ad0000, 0x0000028407d40000, 0x000002840f000000]
CodeHeap 'profiled nmethods': size=120000Kb used=3937Kb max_used=3937Kb free=116062Kb
 bounds [0x00000284005a0000, 0x0000028400980000, 0x0000028407ad0000]
CodeHeap 'non-nmethods': size=5760Kb used=1461Kb max_used=1526Kb free=4298Kb
 bounds [0x0000028400000000, 0x0000028400270000, 0x00000284005a0000]
 total_blobs=3055 nmethods=2215 adapters=752
 compilation: enabled
              stopped_count=0, restarted_count=0
 full_count=0

Compilation events (20 events):
Event: 33.920 Thread 0x00000284115bfa40 2206       3       processing.opengl.PGraphicsOpenGL::glLightNoAmbient (37 bytes)
Event: 33.920 Thread 0x00000284115bfa40 nmethod 2206 0x0000028400976190 code [0x0000028400976380, 0x00000284009768f8]
Event: 33.920 Thread 0x00000284115bfa40 2207       3       com.sun.opengl.impl.GLImpl::glLightfv (40 bytes)
Event: 33.920 Thread 0x00000284115bfa40 nmethod 2207 0x0000028400976b10 code [0x0000028400976d00, 0x0000028400976ff8]
Event: 33.920 Thread 0x00000284115bfa40 2209       3       processing.opengl.PGraphicsOpenGL::glLightDiffuse (25 bytes)
Event: 33.921 Thread 0x00000284115bfa40 nmethod 2209 0x0000028400977190 code [0x0000028400977340, 0x0000028400977528]
Event: 33.921 Thread 0x00000284115bfa40 2210       3       processing.core.PApplet::rotateZ (24 bytes)
Event: 33.921 Thread 0x00000284115bfa40 nmethod 2210 0x0000028400977690 code [0x0000028400977840, 0x0000028400977b38]
Event: 33.921 Thread 0x00000284115bfa40 2211       3       processing.core.PApplet::rotateX (24 bytes)
Event: 33.921 Thread 0x00000284115bfa40 nmethod 2211 0x0000028400977c90 code [0x0000028400977e40, 0x0000028400978138]
Event: 33.922 Thread 0x00000284115befa0 2212       4       controlP5.ControllerGroup::preDraw (1 bytes)
Event: 33.922 Thread 0x00000284115befa0 nmethod 2212 0x0000028407be8d10 code [0x0000028407be8e80, 0x0000028407be8ef8]
Event: 34.165 Thread 0x00000284115befa0 2213       4       java.nio.Buffer::limit (65 bytes)
Event: 34.166 Thread 0x00000284115befa0 nmethod 2213 0x0000028407be9010 code [0x0000028407be9180, 0x0000028407be9278]
Event: 34.347 Thread 0x00000284115befa0 2214       4       sun.awt.SunToolkit::getAppContext (42 bytes)
Event: 34.347 Thread 0x00000284115befa0 nmethod 2214 0x0000028407be9390 code [0x0000028407be9520, 0x0000028407be9618]
Event: 34.371 Thread 0x00000284115befa0 2215       4       java.awt.EventQueue::getNextEventPrivate (76 bytes)
Event: 34.376 Thread 0x00000284115befa0 nmethod 2215 0x0000028407be9710 code [0x0000028407be98a0, 0x0000028407be9d58]
Event: 35.516 Thread 0x00000284115bfa40 2216       3       java.lang.Byte::<init> (10 bytes)
Event: 35.516 Thread 0x00000284115bfa40 nmethod 2216 0x0000028400978290 code [0x0000028400978440, 0x0000028400978618]

GC Heap History (6 events):
Event: 1.729 GC heap before
{Heap before GC invocations=0 (full 0):
 garbage-first heap   total 129024K, used 22528K [0x0000000082400000, 0x0000000100000000)
  region size 1024K, 23 young (23552K), 0 survivors (0K)
 Metaspace       used 9635K, committed 9792K, reserved 1064960K
  class space    used 831K, committed 896K, reserved 1048576K
}
Event: 1.733 GC heap after
{Heap after GC invocations=1 (full 0):
 garbage-first heap   total 129024K, used 3678K [0x0000000082400000, 0x0000000100000000)
  region size 1024K, 3 young (3072K), 3 survivors (3072K)
 Metaspace       used 9635K, committed 9792K, reserved 1064960K
  class space    used 831K, committed 896K, reserved 1048576K
}
Event: 1.746 GC heap before
{Heap before GC invocations=1 (full 0):
 garbage-first heap   total 129024K, used 36446K [0x0000000082400000, 0x0000000100000000)
  region size 1024K, 35 young (35840K), 3 survivors (3072K)
 Metaspace       used 9648K, committed 9792K, reserved 1064960K
  class space    used 832K, committed 896K, reserved 1048576K
}
Event: 1.748 GC heap after
{Heap after GC invocations=2 (full 0):
 garbage-first heap   total 129024K, used 4088K [0x0000000082400000, 0x0000000100000000)
  region size 1024K, 1 young (1024K), 1 survivors (1024K)
 Metaspace       used 9648K, committed 9792K, reserved 1064960K
  class space    used 832K, committed 896K, reserved 1048576K
}
Event: 28.328 GC heap before
{Heap before GC invocations=2 (full 0):
 garbage-first heap   total 129024K, used 79864K [0x0000000082400000, 0x0000000100000000)
  region size 1024K, 75 young (76800K), 1 survivors (1024K)
 Metaspace       used 10992K, committed 11200K, reserved 1064960K
  class space    used 865K, committed 960K, reserved 1048576K
}
Event: 28.330 GC heap after
{Heap after GC invocations=3 (full 0):
 garbage-first heap   total 129024K, used 4887K [0x0000000082400000, 0x0000000100000000)
  region size 1024K, 2 young (2048K), 2 survivors (2048K)
 Metaspace       used 10992K, committed 11200K, reserved 1064960K
  class space    used 865K, committed 960K, reserved 1048576K
}

Deoptimization events (20 events):
Event: 9.360 Thread 0x00000284123bc020 DEOPT PACKING pc=0x0000028407ba8814 sp=0x000000f337eff2a0
Event: 9.360 Thread 0x00000284123bc020 DEOPT UNPACKING pc=0x00000284000523a3 sp=0x000000f337eff260 mode 2
Event: 9.409 Thread 0x00000284123bc020 Uncommon trap: trap_request=0xffffffd6 fr.pc=0x0000028407ba8814 relative=0x0000000000000374
Event: 9.409 Thread 0x00000284123bc020 Uncommon trap: reason=array_check action=maybe_recompile pc=0x0000028407ba8814 method=java.util.Arrays.fill([Ljava/lang/Object;Ljava/lang/Object;)V @ 13 c2
Event: 9.409 Thread 0x00000284123bc020 DEOPT PACKING pc=0x0000028407ba8814 sp=0x000000f337eff2a0
Event: 9.409 Thread 0x00000284123bc020 DEOPT UNPACKING pc=0x00000284000523a3 sp=0x000000f337eff260 mode 2
Event: 9.409 Thread 0x00000284123bc020 Uncommon trap: trap_request=0xffffffbe fr.pc=0x0000028407ba540c relative=0x00000000000001ec
Event: 9.409 Thread 0x00000284123bc020 Uncommon trap: reason=profile_predicate action=maybe_recompile pc=0x0000028407ba540c method=java.util.Arrays.fill([Ljava/lang/Object;Ljava/lang/Object;)V @ 5 c2
Event: 9.409 Thread 0x00000284123bc020 DEOPT PACKING pc=0x0000028407ba540c sp=0x000000f337eff2a0
Event: 9.409 Thread 0x00000284123bc020 DEOPT UNPACKING pc=0x00000284000523a3 sp=0x000000f337eff278 mode 2
Event: 10.875 Thread 0x00000284123bc020 DEOPT PACKING pc=0x0000028400832ecd sp=0x000000f337eff130
Event: 10.875 Thread 0x00000284123bc020 DEOPT UNPACKING pc=0x0000028400052b43 sp=0x000000f337efe5d8 mode 0
Event: 13.418 Thread 0x0000028412125bf0 Uncommon trap: trap_request=0xffffff45 fr.pc=0x0000028407bb1790 relative=0x0000000000000190
Event: 13.418 Thread 0x0000028412125bf0 Uncommon trap: reason=unstable_if action=reinterpret pc=0x0000028407bb1790 method=java.util.concurrent.locks.ReentrantLock$NonfairSync.initialTryLock()Z @ 25 c2
Event: 13.418 Thread 0x0000028412125bf0 DEOPT PACKING pc=0x0000028407bb1790 sp=0x000000f337bfe040
Event: 13.418 Thread 0x0000028412125bf0 DEOPT UNPACKING pc=0x00000284000523a3 sp=0x000000f337bfdfe0 mode 2
Event: 35.474 Thread 0x00000284123bc020 Uncommon trap: trap_request=0xffffff45 fr.pc=0x0000028407ba38d0 relative=0x0000000000000c90
Event: 35.474 Thread 0x00000284123bc020 Uncommon trap: reason=unstable_if action=reinterpret pc=0x0000028407ba38d0 method=controlP5.ControlBroadcaster.broadcast(LcontrolP5/ControlEvent;I)LcontrolP5/ControlBroadcaster; @ 65 c2
Event: 35.474 Thread 0x00000284123bc020 DEOPT PACKING pc=0x0000028407ba38d0 sp=0x000000f337efee00
Event: 35.474 Thread 0x00000284123bc020 DEOPT UNPACKING pc=0x00000284000523a3 sp=0x000000f337efed98 mode 2

Classes unloaded (0 events):
No events

Classes redefined (0 events):
No events

Internal exceptions (20 events):
Event: 0.864 Thread 0x0000028412125bf0 Exception <a 'java/lang/NoSuchMethodError'{0x0000000089e0f848}: 'void java.lang.invoke.DirectMethodHandle$Holder.invokeVirtual(java.lang.Object, java.lang.Object)'> (0x0000000089e0f848) 
thrown [t:\workspace\open\src\hotspot\share\interpreter\linkResolver.cpp, line 766]
Event: 0.891 Thread 0x0000028473517ad0 Exception <a 'java/lang/NoSuchMethodError'{0x0000000089d37e30}: 'void java.lang.invoke.DirectMethodHandle$Holder.invokeStaticInit(java.lang.Object)'> (0x0000000089d37e30) 
thrown [t:\workspace\open\src\hotspot\share\interpreter\linkResolver.cpp, line 766]
Event: 0.968 Thread 0x0000028473517ad0 Exception <a 'java/lang/NullPointerException'{0x0000000089c115b8}> (0x0000000089c115b8) 
thrown [t:\workspace\open\src\hotspot\share\interpreter\linkResolver.cpp, line 1440]
Event: 1.650 Thread 0x00000284123b8b00 Exception <a 'java/lang/NoSuchMethodError'{0x0000000089c89cc8}: 'java.lang.Object java.lang.invoke.DirectMethodHandle$Holder.newInvokeSpecial(java.lang.Object, java.lang.Object, java.lang.Object, int, int, int, int, int)'> (0x0000000089c89cc8) 
thrown [t:\workspace\open\src\hotspot\share\interpreter\linkResolver.cpp, line 766]
Event: 1.681 Thread 0x00000284123bc020 Exception <a 'java/io/IOException'{0x0000000089338c08}> (0x0000000089338c08) 
thrown [t:\workspace\open\src\hotspot\share\prims\jni.cpp, line 516]
Event: 1.681 Thread 0x00000284123bc020 Exception <a 'java/io/IOException'{0x0000000089338ff8}> (0x0000000089338ff8) 
thrown [t:\workspace\open\src\hotspot\share\prims\jni.cpp, line 516]
Event: 1.707 Thread 0x00000284123bc020 Exception <a 'java/io/IOException'{0x00000000893ef048}> (0x00000000893ef048) 
thrown [t:\workspace\open\src\hotspot\share\prims\jni.cpp, line 516]
Event: 1.707 Thread 0x00000284123bc020 Exception <a 'java/io/IOException'{0x00000000893ef3b0}> (0x00000000893ef3b0) 
thrown [t:\workspace\open\src\hotspot\share\prims\jni.cpp, line 516]
Event: 1.707 Thread 0x00000284123bc020 Exception <a 'java/io/FileNotFoundException'{0x00000000893efbd8}> (0x00000000893efbd8) 
thrown [t:\workspace\open\src\hotspot\share\prims\jni.cpp, line 516]
Event: 1.709 Thread 0x00000284123bc020 Exception <a 'java/io/FileNotFoundException'{0x0000000089201c98}> (0x0000000089201c98) 
thrown [t:\workspace\open\src\hotspot\share\prims\jni.cpp, line 516]
Event: 1.710 Thread 0x00000284123bc020 Exception <a 'java/io/FileNotFoundException'{0x0000000089213aa8}> (0x0000000089213aa8) 
thrown [t:\workspace\open\src\hotspot\share\prims\jni.cpp, line 516]
Event: 1.712 Thread 0x00000284123bc020 Exception <a 'java/io/FileNotFoundException'{0x00000000892251e8}> (0x00000000892251e8) 
thrown [t:\workspace\open\src\hotspot\share\prims\jni.cpp, line 516]
Event: 1.713 Thread 0x00000284123bc020 Exception <a 'java/io/FileNotFoundException'{0x00000000892345c0}> (0x00000000892345c0) 
thrown [t:\workspace\open\src\hotspot\share\prims\jni.cpp, line 516]
Event: 1.714 Thread 0x00000284123bc020 Exception <a 'java/io/FileNotFoundException'{0x0000000089245d00}> (0x0000000089245d00) 
thrown [t:\workspace\open\src\hotspot\share\prims\jni.cpp, line 516]
Event: 1.715 Thread 0x00000284123bc020 Exception <a 'java/io/FileNotFoundException'{0x000000008925d990}> (0x000000008925d990) 
thrown [t:\workspace\open\src\hotspot\share\prims\jni.cpp, line 516]
Event: 1.717 Thread 0x00000284123bc020 Exception <a 'java/io/FileNotFoundException'{0x000000008926f0d0}> (0x000000008926f0d0) 
thrown [t:\workspace\open\src\hotspot\share\prims\jni.cpp, line 516]
Event: 5.914 Thread 0x00000284123bc020 Exception <a 'java/io/FileNotFoundException'{0x00000000861dbfe0}> (0x00000000861dbfe0) 
thrown [t:\workspace\open\src\hotspot\share\prims\jni.cpp, line 516]
Event: 5.916 Thread 0x00000284123bc020 Exception <a 'java/io/FileNotFoundException'{0x00000000861ed9c8}> (0x00000000861ed9c8) 
thrown [t:\workspace\open\src\hotspot\share\prims\jni.cpp, line 516]
Event: 5.917 Thread 0x00000284123bc020 Exception <a 'java/io/FileNotFoundException'{0x00000000861fbdf0}> (0x00000000861fbdf0) 
thrown [t:\workspace\open\src\hotspot\share\prims\jni.cpp, line 516]
Event: 5.918 Thread 0x00000284123bc020 Exception <a 'java/io/FileNotFoundException'{0x0000000086015a30}> (0x0000000086015a30) 
thrown [t:\workspace\open\src\hotspot\share\prims\jni.cpp, line 516]

VM Operations (20 events):
Event: 15.529 Executing VM operation: Cleanup
Event: 15.529 Executing VM operation: Cleanup done
Event: 16.529 Executing VM operation: Cleanup
Event: 16.529 Executing VM operation: Cleanup done
Event: 18.530 Executing VM operation: Cleanup
Event: 18.530 Executing VM operation: Cleanup done
Event: 20.531 Executing VM operation: Cleanup
Event: 20.531 Executing VM operation: Cleanup done
Event: 21.531 Executing VM operation: Cleanup
Event: 21.531 Executing VM operation: Cleanup done
Event: 27.548 Executing VM operation: Cleanup
Event: 27.549 Executing VM operation: Cleanup done
Event: 28.328 Executing VM operation: G1CollectForAllocation
Event: 28.330 Executing VM operation: G1CollectForAllocation done
Event: 33.369 Executing VM operation: Cleanup
Event: 33.369 Executing VM operation: Cleanup done
Event: 34.384 Executing VM operation: Cleanup
Event: 34.384 Executing VM operation: Cleanup done
Event: 35.392 Executing VM operation: Cleanup
Event: 35.392 Executing VM operation: Cleanup done

Events (20 events):
Event: 1.941 loading class jdk/internal/reflect/MethodAccessorGenerator$1
Event: 1.941 loading class jdk/internal/reflect/MethodAccessorGenerator$1 done
Event: 1.942 loading class jdk/internal/reflect/ClassDefiner
Event: 1.942 loading class jdk/internal/reflect/ClassDefiner done
Event: 1.942 loading class jdk/internal/reflect/ClassDefiner$1
Event: 1.942 loading class jdk/internal/reflect/ClassDefiner$1 done
Event: 1.942 loading class java/nio/DirectFloatBufferU
Event: 1.942 loading class java/nio/DirectFloatBufferU done
Event: 2.014 Thread 0x000002841aafb530 Thread added: 0x000002841aafb530
Event: 2.816 Thread 0x000002841aafb530 Thread exited: 0x000002841aafb530
Event: 5.919 loading class java/util/TooManyListenersException
Event: 5.919 loading class java/util/TooManyListenersException done
Event: 5.924 Thread 0x0000028413978010 Thread added: 0x0000028413978010
Event: 5.932 loading class sun/nio/cs/UTF_8$Encoder
Event: 5.932 loading class sun/nio/cs/UTF_8$Encoder done
Event: 5.932 loading class java/io/FileOutputStream$1
Event: 5.932 loading class java/io/FileOutputStream$1 done
Event: 6.665 Thread 0x00000284123b8b00 Thread exited: 0x00000284123b8b00
Event: 35.515 loading class java/lang/Byte$ByteCache
Event: 35.515 loading class java/lang/Byte$ByteCache done


Dynamic libraries:
0x00007ff668690000 - 0x00007ff6686a0000 	C:\Program Files\Java\jdk-17.0.1\bin\javaw.exe
0x00007ff8e9000000 - 0x00007ff8e9209000 	C:\WINDOWS\SYSTEM32\ntdll.dll
0x00007ff8afee0000 - 0x00007ff8afef6000 	C:\Program Files\AVG\Antivirus\aswhook.dll
0x00007ff8e6f00000 - 0x00007ff8e6fbd000 	C:\WINDOWS\System32\KERNEL32.DLL
0x00007ff8e6a00000 - 0x00007ff8e6d74000 	C:\WINDOWS\System32\KERNELBASE.dll
0x00007ff8e36d0000 - 0x00007ff8e3761000 	C:\WINDOWS\SYSTEM32\apphelp.dll
0x00007ff8e6d80000 - 0x00007ff8e6e91000 	C:\WINDOWS\System32\ucrtbase.dll
0x00007ff8e01e0000 - 0x00007ff8e01f8000 	C:\Program Files\Java\jdk-17.0.1\bin\jli.dll
0x00007ff8d26d0000 - 0x00007ff8d26ea000 	C:\Program Files\Java\jdk-17.0.1\bin\VCRUNTIME140.dll
0x00007ff8e8b20000 - 0x00007ff8e8bce000 	C:\WINDOWS\System32\ADVAPI32.dll
0x00007ff8e8a70000 - 0x00007ff8e8b13000 	C:\WINDOWS\System32\msvcrt.dll
0x00007ff8e8d70000 - 0x00007ff8e8e0e000 	C:\WINDOWS\System32\sechost.dll
0x00007ff8e7b70000 - 0x00007ff8e7c90000 	C:\WINDOWS\System32\RPCRT4.dll
0x00007ff8e7d10000 - 0x00007ff8e7ebc000 	C:\WINDOWS\System32\USER32.dll
0x00007ff8e6860000 - 0x00007ff8e6886000 	C:\WINDOWS\System32\win32u.dll
0x00007ff8d0120000 - 0x00007ff8d03c5000 	C:\WINDOWS\WinSxS\amd64_microsoft.windows.common-controls_6595b64144ccf1df_6.0.22000.120_none_9d947278b86cc467\COMCTL32.dll
0x00007ff8e87a0000 - 0x00007ff8e87c9000 	C:\WINDOWS\System32\GDI32.dll
0x00007ff8e6610000 - 0x00007ff8e6722000 	C:\WINDOWS\System32\gdi32full.dll
0x00007ff8e64f0000 - 0x00007ff8e658d000 	C:\WINDOWS\System32\msvcp_win.dll
0x00007ff8dd540000 - 0x00007ff8dd54a000 	C:\WINDOWS\SYSTEM32\VERSION.dll
0x00007ff8e8540000 - 0x00007ff8e8571000 	C:\WINDOWS\System32\IMM32.DLL
0x00007ff8e01d0000 - 0x00007ff8e01dc000 	C:\Program Files\Java\jdk-17.0.1\bin\vcruntime140_1.dll
0x00007ff8cd8d0000 - 0x00007ff8cd95d000 	C:\Program Files\Java\jdk-17.0.1\bin\msvcp140.dll
0x00007ff842230000 - 0x00007ff842dee000 	C:\Program Files\Java\jdk-17.0.1\bin\server\jvm.dll
0x00007ff8e8a60000 - 0x00007ff8e8a68000 	C:\WINDOWS\System32\PSAPI.DLL
0x00007ff8df590000 - 0x00007ff8df5c3000 	C:\WINDOWS\SYSTEM32\WINMM.dll
0x00007ff8cfdd0000 - 0x00007ff8cfdd9000 	C:\WINDOWS\SYSTEM32\WSOCK32.dll
0x00007ff8e8830000 - 0x00007ff8e889f000 	C:\WINDOWS\System32\ws2_32.DLL
0x00007ff8e55f0000 - 0x00007ff8e5608000 	C:\WINDOWS\SYSTEM32\kernel.appcore.dll
0x00007ff8d3950000 - 0x00007ff8d395a000 	C:\Program Files\Java\jdk-17.0.1\bin\jimage.dll
0x00007ff8e38f0000 - 0x00007ff8e3b11000 	C:\WINDOWS\SYSTEM32\DBGHELP.DLL
0x00007ff8d4f60000 - 0x00007ff8d4f91000 	C:\WINDOWS\SYSTEM32\dbgcore.DLL
0x00007ff8e6590000 - 0x00007ff8e660f000 	C:\WINDOWS\System32\bcryptPrimitives.dll
0x00007ff8ce640000 - 0x00007ff8ce665000 	C:\Program Files\Java\jdk-17.0.1\bin\java.dll
0x00007ff88c700000 - 0x00007ff88c7d6000 	C:\Program Files\Java\jdk-17.0.1\bin\svml.dll
0x00007ff8e6fc0000 - 0x00007ff8e776e000 	C:\WINDOWS\System32\SHELL32.dll
0x00007ff8e4660000 - 0x00007ff8e4ec8000 	C:\WINDOWS\SYSTEM32\windows.storage.dll
0x00007ff8e7770000 - 0x00007ff8e7ae8000 	C:\WINDOWS\System32\combase.dll
0x00007ff8e44f0000 - 0x00007ff8e4656000 	C:\WINDOWS\SYSTEM32\wintypes.dll
0x00007ff8e8590000 - 0x00007ff8e867a000 	C:\WINDOWS\System32\SHCORE.dll
0x00007ff8e87d0000 - 0x00007ff8e882d000 	C:\WINDOWS\System32\shlwapi.dll
0x00007ff8e6420000 - 0x00007ff8e6441000 	C:\WINDOWS\SYSTEM32\profapi.dll
0x00007ff8d1cd0000 - 0x00007ff8d1ce9000 	C:\Program Files\Java\jdk-17.0.1\bin\net.dll
0x00007ff8dffa0000 - 0x00007ff8e00ac000 	C:\WINDOWS\SYSTEM32\WINHTTP.dll
0x00007ff8e5a90000 - 0x00007ff8e5af7000 	C:\WINDOWS\system32\mswsock.dll
0x00007ff8d0f50000 - 0x00007ff8d0f65000 	C:\Program Files\Java\jdk-17.0.1\bin\nio.dll
0x00007ff8ce620000 - 0x00007ff8ce638000 	C:\Program Files\Java\jdk-17.0.1\bin\zip.dll
0x00007ff8d1c40000 - 0x00007ff8d1c50000 	C:\Program Files\Java\jdk-17.0.1\bin\verify.dll
0x00007ff8890f0000 - 0x00007ff88927f000 	C:\Program Files\Java\jdk-17.0.1\bin\awt.dll
0x00007ff8e83e0000 - 0x00007ff8e84b6000 	C:\WINDOWS\System32\OLEAUT32.dll
0x00007ff8e3c30000 - 0x00007ff8e3cdc000 	C:\WINDOWS\system32\uxtheme.dll
0x00007ff89e130000 - 0x00007ff89e261000 	C:\ProgramData\A-Volute\A-Volute.SonicStudio3\Modules\ScheduledModules\x64\AudioDevProps2.dll
0x00007ff8e8e20000 - 0x00007ff8e8fba000 	C:\WINDOWS\System32\ole32.dll
0x00007ff8e8680000 - 0x00007ff8e879e000 	C:\WINDOWS\System32\MSCTF.dll
0x00007ff8e4160000 - 0x00007ff8e418f000 	C:\WINDOWS\system32\DWMAPI.DLL
0x00007ff8ca340000 - 0x00007ff8ca441000 	C:\WINDOWS\system32\opengl32.dll
0x00007ff8ce7e0000 - 0x00007ff8ce80d000 	C:\WINDOWS\SYSTEM32\GLU32.dll
0x00007ff8e4060000 - 0x00007ff8e4098000 	C:\WINDOWS\SYSTEM32\dxcore.dll
0x00007ff8cb3d0000 - 0x00007ff8cb459000 	C:\Program Files\Java\jdk-17.0.1\bin\freetype.dll
0x00007ff8883e0000 - 0x00007ff888488000 	C:\Program Files\Java\jdk-17.0.1\bin\fontmanager.dll
0x0000000010000000 - 0x000000001005a000 	D:\Arduino\QuadX\MultiWiiConf\application.windows64\jogl.dll
0x0000000050670000 - 0x0000000050739000 	C:\WINDOWS\WinSxS\amd64_microsoft.vc80.crt_1fc8b3b9a1e18e3b_8.0.50727.9680_none_88e394a52fab6222\MSVCR80.dll
0x00007ff8d1340000 - 0x00007ff8d1347000 	C:\Program Files\Java\jdk-17.0.1\bin\jawt.dll
0x00000000001e0000 - 0x00000000001e7000 	D:\Arduino\QuadX\MultiWiiConf\application.windows64\jogl_awt.dll
0x00007ff8cea30000 - 0x00007ff8ceb5d000 	C:\WINDOWS\SYSTEM32\textinputframework.dll
0x00007ff8e00b0000 - 0x00007ff8e00f4000 	C:\WINDOWS\SYSTEM32\directxdatabasehelper.dll
0x00007ff8e40b0000 - 0x00007ff8e40e4000 	C:\WINDOWS\SYSTEM32\ntmarta.dll
0x00007ff8e8cc0000 - 0x00007ff8e8d6f000 	C:\WINDOWS\System32\clbcatq.dll
0x00007ff8ddd30000 - 0x00007ff8dde64000 	C:\Windows\System32\AppXDeploymentClient.dll
0x00007ff8dd990000 - 0x00007ff8ddb7f000 	C:\WINDOWS\SYSTEM32\urlmon.dll
0x00007ff8ddcd0000 - 0x00007ff8ddcf8000 	C:\Windows\System32\srvcli.dll
0x00007ff8e5110000 - 0x00007ff8e511c000 	C:\Windows\System32\netutils.dll
0x00007ff8dd600000 - 0x00007ff8dd8b3000 	C:\Windows\System32\iertutil.dll
0x00007ff841210000 - 0x00007ff84222a000 	C:\WINDOWS\System32\DriverStore\FileRepository\14_asus_coffeelake_hws_iigd_dch.inf_amd64_44acbf350b15f150\ig9icd64.dll
0x00007ff8e3d10000 - 0x00007ff8e3e03000 	C:\WINDOWS\system32\dxgi.dll
0x00007ff87e500000 - 0x00007ff87e99e000 	C:\WINDOWS\System32\DriverStore\FileRepository\14_asus_coffeelake_hws_iigd_dch.inf_amd64_44acbf350b15f150\igdml64.dll
0x00007ff8da1b0000 - 0x00007ff8da571000 	C:\WINDOWS\System32\DriverStore\FileRepository\14_asus_coffeelake_hws_iigd_dch.inf_amd64_44acbf350b15f150\igdgmm64.dll
0x00007ff8d6ef0000 - 0x00007ff8da1ad000 	C:\WINDOWS\System32\DriverStore\FileRepository\14_asus_coffeelake_hws_iigd_dch.inf_amd64_44acbf350b15f150\igc64.dll
0x00007ff8e5e10000 - 0x00007ff8e5e5d000 	C:\WINDOWS\SYSTEM32\powrprof.dll
0x00007ff8e5db0000 - 0x00007ff8e5dc3000 	C:\WINDOWS\SYSTEM32\UMPDC.dll
0x0000000180000000 - 0x0000000180025000 	D:\Arduino\QuadX\MultiWiiConf\application.windows64\rxtxSerial.dll
0x00007ff8e32c0000 - 0x00007ff8e33f2000 	C:\WINDOWS\SYSTEM32\CoreMessaging.dll
0x00007ff8df220000 - 0x00007ff8df58d000 	C:\WINDOWS\SYSTEM32\CoreUIComponents.dll
0x00007ff8e5cf0000 - 0x00007ff8e5cfc000 	C:\WINDOWS\SYSTEM32\CRYPTBASE.DLL

dbghelp: loaded successfully - version: 4.0.5 - missing functions: none
symbol engine: initialized successfully - sym options: 0x614 - pdb path: .;C:\Program Files\Java\jdk-17.0.1\bin;C:\WINDOWS\SYSTEM32;C:\Program Files\AVG\Antivirus;C:\WINDOWS\WinSxS\amd64_microsoft.windows.common-controls_6595b64144ccf1df_6.0.22000.120_none_9d947278b86cc467;C:\Program Files\Java\jdk-17.0.1\bin\server;C:\ProgramData\A-Volute\A-Volute.SonicStudio3\Modules\ScheduledModules\x64;D:\Arduino\QuadX\MultiWiiConf\application.windows64;C:\WINDOWS\WinSxS\amd64_microsoft.vc80.crt_1fc8b3b9a1e18e3b_8.0.50727.9680_none_88e394a52fab6222;C:\WINDOWS\System32\DriverStore\FileRepository\14_asus_coffeelake_hws_iigd_dch.inf_amd64_44acbf350b15f150

VM Arguments:
java_command: MultiWiiConf
java_class_path (initial): D:\Arduino\QuadX\MultiWiiConf\application.windows64\lib\MultiWiiConf.jar;D:\Arduino\QuadX\MultiWiiConf\application.windows64\lib\core.jar;D:\Arduino\QuadX\MultiWiiConf\application.windows64\lib\RXTXcomm.jar;D:\Arduino\QuadX\MultiWiiConf\application.windows64\lib\serial.jar;D:\Arduino\QuadX\MultiWiiConf\application.windows64\lib\controlP5.jar;D:\Arduino\QuadX\MultiWiiConf\application.windows64\lib\gluegen-rt.jar;D:\Arduino\QuadX\MultiWiiConf\application.windows64\lib\jogl.jar;D:\Arduino\QuadX\MultiWiiConf\application.windows64\lib\opengl.jar
Launcher Type: SUN_STANDARD

[Global flags]
     intx CICompilerCount                          = 4                                         {product} {ergonomic}
     uint ConcGCThreads                            = 2                                         {product} {ergonomic}
     uint G1ConcRefinementThreads                  = 8                                         {product} {ergonomic}
   size_t G1HeapRegionSize                         = 1048576                                   {product} {ergonomic}
    uintx GCDrainStackTargetSize                   = 64                                        {product} {ergonomic}
   size_t InitialHeapSize                          = 132120576                                 {product} {ergonomic}
   size_t MarkStackSize                            = 4194304                                   {product} {ergonomic}
   size_t MaxHeapSize                              = 2109734912                                {product} {ergonomic}
   size_t MaxNewSize                               = 1265631232                                {product} {ergonomic}
   size_t MinHeapDeltaBytes                        = 1048576                                   {product} {ergonomic}
   size_t MinHeapSize                              = 8388608                                   {product} {ergonomic}
    uintx NonNMethodCodeHeapSize                   = 5839372                                {pd product} {ergonomic}
    uintx NonProfiledCodeHeapSize                  = 122909434                              {pd product} {ergonomic}
    uintx ProfiledCodeHeapSize                     = 122909434                              {pd product} {ergonomic}
    uintx ReservedCodeCacheSize                    = 251658240                              {pd product} {ergonomic}
     bool SegmentedCodeCache                       = true                                      {product} {ergonomic}
   size_t SoftMaxHeapSize                          = 2109734912                             {manageable} {ergonomic}
     bool UseCompressedClassPointers               = true                           {product lp64_product} {ergonomic}
     bool UseCompressedOops                        = true                           {product lp64_product} {ergonomic}
     bool UseG1GC                                  = true                                      {product} {ergonomic}
     bool UseLargePagesIndividualAllocation        = false                                  {pd product} {ergonomic}

Logging:
Log output configuration:
 #0: stdout all=warning uptime,level,tags
 #1: stderr all=off uptime,level,tags

Environment Variables:
CLASSPATH=D:\Arduino\QuadX\MultiWiiConf\application.windows64\lib\MultiWiiConf.jar;D:\Arduino\QuadX\MultiWiiConf\application.windows64\lib\core.jar;D:\Arduino\QuadX\MultiWiiConf\application.windows64\lib\RXTXcomm.jar;D:\Arduino\QuadX\MultiWiiConf\application.windows64\lib\serial.jar;D:\Arduino\QuadX\MultiWiiConf\application.windows64\lib\controlP5.jar;D:\Arduino\QuadX\MultiWiiConf\application.windows64\lib\gluegen-rt.jar;D:\Arduino\QuadX\MultiWiiConf\application.windows64\lib\jogl.jar;D:\Arduino\QuadX\MultiWiiConf\application.windows64\lib\opengl.jar
PATH=C:\Program Files\Common Files\Oracle\Java\javapath;C:\Windows\system32;C:\Windows;C:\Windows\System32\Wbem;C:\Windows\System32\WindowsPowerShell\v1.0;C:\Program Files (x86)\NVIDIA Corporation\PhysX\Common;C:\Program Files\NVIDIA Corporation\NVIDIA NvDLISR;C:\WINDOWS\system32;C:\WINDOWS;C:\WINDOWS\System32\Wbem;C:\WINDOWS\System32\WindowsPowerShell\v1.0;C:\Gradle\gradle-7.3.3\bin;C:\Program Files\Microsoft SQL Server\Client SDK\ODBC\110\Tools\Binn;C:\Program Files (x86)\Microsoft SQL Server\120\Tools\Binn;C:\Program Files\Microsoft SQL Server\120\Tools\Binn;C:\Program Files\Microsoft SQL Server\120\DTS\Binn;C:\Program Files (x86)\Windows Kits\8.1\Windows Performance Toolkit;C:\Users\admin\AppData\Local\Programs\Python\Python310\Scripts;C:\Users\admin\AppData\Local\Programs\Python\Python310;C:\Users\admin\AppData\Local\Microsoft\WindowsApps;C:\Users\admin\AppData\Local\Programs\Microsoft VS Code\bin;C:\Tools\gradle-7.3.3\bin
USERNAME=admin
OS=Windows_NT
PROCESSOR_IDENTIFIER=Intel64 Family 6 Model 158 Stepping 10, GenuineIntel



---------------  S Y S T E M  ---------------

OS:
 Windows 10 , 64 bit Build 22000 (10.0.22000.434)
OS uptime: 13 days 8:08 hours

CPU: total 8 (initial active 8) (4 cores per cpu, 2 threads per core) family 6 model 158 stepping 10 microcode 0xde, cx8, cmov, fxsr, ht, mmx, 3dnowpref, sse, sse2, sse3, ssse3, sse4.1, sse4.2, popcnt, lzcnt, tsc, tscinvbit, avx, avx2, aes, erms, clmul, bmi1, bmi2, adx, fma, vzeroupper, clflush, clflushopt

Memory: 4k page, system-wide physical 8044M (1074M free)
TotalPageFile size 18284M (AvailPageFile size 4457M)
current process WorkingSet (physical memory assigned to process): 219M, peak: 226M
current process commit charge ("private bytes"): 254M, peak: 267M

vm_info: Java HotSpot(TM) 64-Bit Server VM (17.0.1+12-LTS-39) for windows-amd64 JRE (17.0.1+12-LTS-39), built on Sep 27 2021 18:41:35 by "mach5one" with MS VC++ 16.8 (VS2019)

END.
