#
# A fatal error has been detected by the Java Runtime Environment:
#
#  EXCEPTION_ACCESS_VIOLATION (0xc0000005) at pc=0x00000001800044cb, pid=6428, tid=13064
#
# JRE version: Java(TM) SE Runtime Environment (17.0.1+12) (build 17.0.1+12-LTS-39)
# Java VM: Java HotSpot(TM) 64-Bit Server VM (17.0.1+12-LTS-39, mixed mode, sharing, tiered, compressed oops, compressed class ptrs, g1 gc, windows-amd64)
# Problematic frame:
# C  [rxtxSerial.dll+0x44cb]
#
# No core dump will be written. Minidumps are not enabled by default on client versions of Windows
#
# If you would like to submit a bug report, please visit:
#   https://bugreport.java.com/bugreport/crash.jsp
# The crash happened outside the Java Virtual Machine in native code.
# See problematic frame for where to report the bug.
#

---------------  S U M M A R Y ------------

Command Line: MultiWiiConf

Host: Intel(R) Core(TM) i5-9300H CPU @ 2.40GHz, 8 cores, 7G,  Windows 10 , 64 bit Build 22000 (10.0.22000.434)
Time: Sat Mar 26 23:48:23 2022 SE Asia Standard Time elapsed time: 22.800382 seconds (0d 0h 0m 22s)

---------------  T H R E A D  ---------------

Current thread (0x000001a7b07cddf0):  JavaThread "Animation Thread" [_thread_in_native, id=13064, stack(0x0000000dbd600000,0x0000000dbd700000)]

Stack: [0x0000000dbd600000,0x0000000dbd700000],  sp=0x0000000dbd6fe980,  free space=1018k
Native frames: (J=compiled Java code, j=interpreted, Vv=VM code, C=native code)
C  [rxtxSerial.dll+0x44cb]

Java frames: (J=compiled Java code, j=interpreted, Vv=VM code)
j  gnu.io.RXTXPort.nativeDrain(Z)Z+0
j  gnu.io.RXTXPort$SerialOutputStream.flush()V+92
j  processing.serial.Serial.write([B)V+12
j  MultiWiiConf.sendRequestMSP(Ljava/util/List;)V+60
j  MultiWiiConf.draw()V+934
J 1834 c1 processing.core.PApplet.handleDraw()V (239 bytes) @ 0x000001a79914e33c [0x000001a79914dc00+0x000000000000073c]
j  processing.core.PApplet.run()V+72
j  java.lang.Thread.run()V+11 java.base@17.0.1
v  ~StubRoutines::call_stub

siginfo: EXCEPTION_ACCESS_VIOLATION (0xc0000005), reading address 0xffffffffbd5ff30c


Register to memory mapping:

RIP=0x00000001800044cb rxtxSerial.dll
RAX=0x000000000000001c is an unknown value
RBX=0x0000000000000001 is an unknown value
RCX=0x0000000dbd6fed5c is pointing into the stack for thread: 0x000001a7b07cddf0
RDX=0x0 is NULL
RSP=0x0000000dbd6fe980 is pointing into the stack for thread: 0x000001a7b07cddf0
RBP=0x0000000000000001 is an unknown value
RSI=0x0 is NULL
RDI=0x000001a7b07ce098 points into unknown readable memory: 0x00007ff842cb3630 | 30 36 cb 42 f8 7f 00 00
R8 =0x0000000dbd6fe640 is pointing into the stack for thread: 0x000001a7b07cddf0
R9 =0x0000000180000000 rxtxSerial.dll
R10=0x0 is NULL
R11=0x0000000000000200 is an unknown value
R12=0xffffffffbd5ff300 is an unknown value
R13=0x0 is NULL
R14=0x0000000dbd6fee70 is pointing into the stack for thread: 0x000001a7b07cddf0
R15=0x000001a7b07cddf0 is a thread


Registers:
RAX=0x000000000000001c, RBX=0x0000000000000001, RCX=0x0000000dbd6fed5c, RDX=0x0000000000000000
RSP=0x0000000dbd6fe980, RBP=0x0000000000000001, RSI=0x0000000000000000, RDI=0x000001a7b07ce098
R8 =0x0000000dbd6fe640, R9 =0x0000000180000000, R10=0x0000000000000000, R11=0x0000000000000200
R12=0xffffffffbd5ff300, R13=0x0000000000000000, R14=0x0000000dbd6fee70, R15=0x000001a7b07cddf0
RIP=0x00000001800044cb, EFLAGS=0x0000000000010286

Top of Stack: (sp=0x0000000dbd6fe980)
0x0000000dbd6fe980:   000001a7b8058998 000000018001c4c0
0x0000000dbd6fe990:   0000000000000000 0000000000000001
0x0000000dbd6fe9a0:   0000000000000000 0000000000000000
0x0000000dbd6fe9b0:   0000000dbd6fee70 000001a7b07cddf0
0x0000000dbd6fe9c0:   0000000800008968 000000080000fea0
0x0000000dbd6fe9d0:   000001a7b07cddf0 000000080000fea0
0x0000000dbd6fe9e0:   000001a7b07cddf0 fffffffe00000000
0x0000000dbd6fe9f0:   0000000000000000 0000000000000000
0x0000000dbd6fea00:   000001a7af88e790 00007ff8425b3657
0x0000000dbd6fea10:   000001a7b07428f8 0000000800008968
0x0000000dbd6fea20:   0000000085bfef10 00007ff8425b58ae
0x0000000dbd6fea30:   0000000dbd6fea40 000000080000fea0
0x0000000dbd6fea40:   0000000dbd6feaa0 000000008249c948
0x0000000dbd6fea50:   0000000085bfef10 000001a7b07cddf0
0x0000000dbd6fea60:   000001a7af88eb38 000001a7af88e760
0x0000000dbd6fea70:   0000000800008968 00007ff842871528 

Instructions: (pc=0x00000001800044cb)
0x00000001800043cb:   89 54 24 30 e8 3c f4 ff ff 48 8b 54 24 30 4c 8d
0x00000001800043db:   0d b4 80 01 00 4c 8d 05 b1 80 01 00 48 8b cf 8b
0x00000001800043eb:   e8 e8 1f f4 ff ff 33 db 4c 63 e0 8b cd e8 43 41
0x00000001800043fb:   00 00 ff c3 8b f0 85 c0 74 0f e8 72 63 00 00 83
0x000000018000440b:   38 04 75 05 83 fb 03 7c e2 48 8d 15 a5 80 01 00
0x000000018000441b:   48 8d 8c 24 c0 03 00 00 44 8b c6 e8 11 5e 00 00
0x000000018000442b:   85 f6 0f 84 86 00 00 00 e8 44 63 00 00 8b 08 e8
0x000000018000443b:   59 62 00 00 4c 8b 07 48 8d 15 a7 80 01 00 48 8b
0x000000018000444b:   cf 48 8b f0 41 ff 50 30 48 8b d8 48 85 c0 75 1b
0x000000018000445b:   48 8b 07 48 8b cf ff 90 80 00 00 00 4c 8b 1f 48
0x000000018000446b:   8b cf 41 ff 93 88 00 00 00 eb 43 4c 8d 0d 63 80
0x000000018000447b:   01 00 48 8d 15 7c 90 01 00 48 8d 8c 24 78 03 00
0x000000018000448b:   00 4c 8b c6 e8 a8 5d 00 00 4c 8b 1f 4c 8d 84 24
0x000000018000449b:   78 03 00 00 48 8b d3 48 8b cf 41 ff 53 70 4c 8b
0x00000001800044ab:   1f 48 8b d3 48 8b cf 41 ff 93 b8 00 00 00 45 84
0x00000001800044bb:   ed 0f 85 b7 00 00 00 4d 85 e4 0f 84 ae 00 00 00
0x00000001800044cb:   41 83 7c 24 0c 00 0f 84 a2 00 00 00 48 8d 4c 24
0x00000001800044db:   38 49 8b d4 41 b8 40 03 00 00 e8 06 64 00 00 4c
0x00000001800044eb:   8b 1f 48 8b 54 24 30 48 8b cf 41 ff 93 f8 00 00
0x00000001800044fb:   00 48 8b 54 24 30 4c 8d 0d f8 7a 01 00 4c 8d 05
0x000000018000450b:   f5 7a 01 00 48 8b cf 48 8b d8 e8 f6 f2 ff ff 4c
0x000000018000451b:   8b 1f 4c 8d 0d e4 7a 01 00 4c 8d 05 e5 7a 01 00
0x000000018000452b:   48 8b d3 48 8b cf 41 ff 93 08 01 00 00 83 bc 24
0x000000018000453b:   d0 00 00 00 01 48 8b f0 7f 34 48 85 db 74 2f 48
0x000000018000454b:   8b 17 48 8b cf ff 92 88 00 00 00 4c 8b 1f 48 8b
0x000000018000455b:   54 24 30 41 b9 02 00 00 00 4c 8b c6 48 8b cf c7
0x000000018000456b:   44 24 20 01 00 00 00 41 ff 93 28 01 00 00 32 c0
0x000000018000457b:   48 8b 8c 24 10 04 00 00 48 33 cc e8 05 5b 00 00
0x000000018000458b:   48 8b 9c 24 60 04 00 00 48 81 c4 20 04 00 00 41
0x000000018000459b:   5d 41 5c 5f 5e 5d c3 cc cc cc cc cc cc cc cc cc
0x00000001800045ab:   cc cc cc cc cc 40 53 48 83 ec 20 41 8b d8 4c 8d
0x00000001800045bb:   0d dc 7e 01 00 4c 8d 05 25 7f 01 00 e8 44 f2 ff 


Stack slot to memory mapping:
stack at sp + 0 slots: {method} {0x000001a7b80589a0} 'nativeDrain' '(Z)Z' in 'gnu/io/RXTXPort'
stack at sp + 1 slots: 0x000000018001c4c0 rxtxSerial.dll
stack at sp + 2 slots: 0x0 is NULL
stack at sp + 3 slots: 0x0000000000000001 is an unknown value
stack at sp + 4 slots: 0x0 is NULL
stack at sp + 5 slots: 0x0 is NULL
stack at sp + 6 slots: 0x0000000dbd6fee70 is pointing into the stack for thread: 0x000001a7b07cddf0
stack at sp + 7 slots: 0x000001a7b07cddf0 is a thread


---------------  P R O C E S S  ---------------

Threads class SMR info:
_java_thread_list=0x000001a7b8c0a7a0, length=18, elements={
0x000001a7af85b440, 0x000001a7af85cb20, 0x000001a7af874b30, 0x000001a7af8755e0,
0x000001a7af878c20, 0x000001a7af879e40, 0x000001a7af87f880, 0x000001a7af8819e0,
0x000001a7af88d260, 0x000001a7b049a480, 0x000001a7b04ab3c0, 0x000001a7b0540040,
0x000001a7b0540510, 0x000001a7b05409e0, 0x000001a7b07832e0, 0x000001a7b07cddf0,
0x000001a78f8f3f40, 0x000001a7b194db90
}

Java Threads: ( => current thread )
  0x000001a7af85b440 JavaThread "Reference Handler" daemon [_thread_blocked, id=24024, stack(0x0000000dbc500000,0x0000000dbc600000)]
  0x000001a7af85cb20 JavaThread "Finalizer" daemon [_thread_blocked, id=21820, stack(0x0000000dbc600000,0x0000000dbc700000)]
  0x000001a7af874b30 JavaThread "Signal Dispatcher" daemon [_thread_blocked, id=23180, stack(0x0000000dbc700000,0x0000000dbc800000)]
  0x000001a7af8755e0 JavaThread "Attach Listener" daemon [_thread_blocked, id=4788, stack(0x0000000dbc800000,0x0000000dbc900000)]
  0x000001a7af878c20 JavaThread "Service Thread" daemon [_thread_blocked, id=14372, stack(0x0000000dbc900000,0x0000000dbca00000)]
  0x000001a7af879e40 JavaThread "Monitor Deflation Thread" daemon [_thread_blocked, id=2252, stack(0x0000000dbca00000,0x0000000dbcb00000)]
  0x000001a7af87f880 JavaThread "C2 CompilerThread0" daemon [_thread_blocked, id=21704, stack(0x0000000dbcb00000,0x0000000dbcc00000)]
  0x000001a7af8819e0 JavaThread "C1 CompilerThread0" daemon [_thread_blocked, id=19096, stack(0x0000000dbcc00000,0x0000000dbcd00000)]
  0x000001a7af88d260 JavaThread "Sweeper thread" daemon [_thread_blocked, id=18216, stack(0x0000000dbcd00000,0x0000000dbce00000)]
  0x000001a7b049a480 JavaThread "Notification Thread" daemon [_thread_blocked, id=24768, stack(0x0000000dbce00000,0x0000000dbcf00000)]
  0x000001a7b04ab3c0 JavaThread "Common-Cleaner" daemon [_thread_blocked, id=24440, stack(0x0000000dbd000000,0x0000000dbd100000)]
  0x000001a7b0540040 JavaThread "Java2D Disposer" daemon [_thread_blocked, id=26144, stack(0x0000000dbd100000,0x0000000dbd200000)]
  0x000001a7b0540510 JavaThread "AWT-Shutdown" [_thread_blocked, id=22928, stack(0x0000000dbd200000,0x0000000dbd300000)]
  0x000001a7b05409e0 JavaThread "AWT-Windows" daemon [_thread_in_native, id=8024, stack(0x0000000dbd300000,0x0000000dbd400000)]
  0x000001a7b07832e0 JavaThread "AWT-EventQueue-0" [_thread_blocked, id=15428, stack(0x0000000dbd400000,0x0000000dbd500000)]
=>0x000001a7b07cddf0 JavaThread "Animation Thread" [_thread_in_native, id=13064, stack(0x0000000dbd600000,0x0000000dbd700000)]
  0x000001a78f8f3f40 JavaThread "DestroyJavaVM" [_thread_blocked, id=19256, stack(0x0000000dbbe00000,0x0000000dbbf00000)]
  0x000001a7b194db90 JavaThread "Thread-0" [_thread_in_native, id=4648, stack(0x0000000dbd500000,0x0000000dbd600000)]

Other Threads:
  0x000001a7af856be0 VMThread "VM Thread" [stack: 0x0000000dbc400000,0x0000000dbc500000] [id=11592]
  0x000001a78f94ceb0 WatcherThread [stack: 0x0000000dbcf00000,0x0000000dbd000000] [id=11440]
  0x000001a78f934030 GCTaskThread "GC Thread#0" [stack: 0x0000000dbbf00000,0x0000000dbc000000] [id=24540]
  0x000001a7b07ecd00 GCTaskThread "GC Thread#1" [stack: 0x0000000dbdc00000,0x0000000dbdd00000] [id=25580]
  0x000001a7b18df660 GCTaskThread "GC Thread#2" [stack: 0x0000000dbdd00000,0x0000000dbde00000] [id=7880]
  0x000001a7b18df910 GCTaskThread "GC Thread#3" [stack: 0x0000000dbde00000,0x0000000dbdf00000] [id=24624]
  0x000001a7b18dfbc0 GCTaskThread "GC Thread#4" [stack: 0x0000000dbdf00000,0x0000000dbe000000] [id=7108]
  0x000001a7b1776df0 GCTaskThread "GC Thread#5" [stack: 0x0000000dbe000000,0x0000000dbe100000] [id=10900]
  0x000001a7b17774b0 GCTaskThread "GC Thread#6" [stack: 0x0000000dbe100000,0x0000000dbe200000] [id=1800]
  0x000001a7b1760470 GCTaskThread "GC Thread#7" [stack: 0x0000000dbe200000,0x0000000dbe300000] [id=20820]
  0x000001a78f945360 ConcurrentGCThread "G1 Main Marker" [stack: 0x0000000dbc000000,0x0000000dbc100000] [id=12052]
  0x000001a78f945d70 ConcurrentGCThread "G1 Conc#0" [stack: 0x0000000dbc100000,0x0000000dbc200000] [id=25008]
  0x000001a7af720090 ConcurrentGCThread "G1 Refine#0" [stack: 0x0000000dbc200000,0x0000000dbc300000] [id=15276]
  0x000001a7af720ab0 ConcurrentGCThread "G1 Service" [stack: 0x0000000dbc300000,0x0000000dbc400000] [id=20528]

Threads with active compile tasks:

VM state: not at safepoint (normal execution)

VM Mutex/Monitor currently owned by a thread: None

Heap address: 0x0000000082400000, size: 2012 MB, Compressed Oops mode: 32-bit

CDS archive(s) mapped at: [0x0000000800000000-0x0000000800bc0000-0x0000000800bc0000), size 12320768, SharedBaseAddress: 0x0000000800000000, ArchiveRelocationMode: 0.
Compressed class space mapped at: 0x0000000800c00000-0x0000000840c00000, reserved size: 1073741824
Narrow klass base: 0x0000000800000000, Narrow klass shift: 0, Narrow klass range: 0x100000000

GC Precious Log:
 CPUs: 8 total, 8 available
 Memory: 8044M
 Large Page Support: Disabled
 NUMA Support: Disabled
 Compressed Oops: Enabled (32-bit)
 Heap Region Size: 1M
 Heap Min Capacity: 8M
 Heap Initial Capacity: 126M
 Heap Max Capacity: 2012M
 Pre-touch: Disabled
 Parallel Workers: 8
 Concurrent Workers: 2
 Concurrent Refinement Workers: 8
 Periodic GC: Disabled

Heap:
 garbage-first heap   total 129024K, used 74836K [0x0000000082400000, 0x0000000100000000)
  region size 1024K, 71 young (72704K), 1 survivors (1024K)
 Metaspace       used 10779K, committed 10944K, reserved 1064960K
  class space    used 867K, committed 960K, reserved 1048576K

Heap Regions: E=young(eden), S=young(survivor), O=old, HS=humongous(starts), HC=humongous(continues), CS=collection set, F=free, OA=open archive, CA=closed archive, TAMS=top-at-mark-start (previous, next)
|   0|0x0000000082400000, 0x0000000082500000, 0x0000000082500000|100%| O|  |TAMS 0x0000000082400000, 0x0000000082400000| Untracked 
|   1|0x0000000082500000, 0x0000000082600000, 0x0000000082600000|100%| O|  |TAMS 0x0000000082500000, 0x0000000082500000| Untracked 
|   2|0x0000000082600000, 0x0000000082700000, 0x0000000082700000|100%| O|  |TAMS 0x0000000082600000, 0x0000000082600000| Untracked 
|   3|0x0000000082700000, 0x000000008278e200, 0x0000000082800000| 55%| O|  |TAMS 0x0000000082700000, 0x0000000082700000| Untracked 
|   4|0x0000000082800000, 0x0000000082800000, 0x0000000082900000|  0%| F|  |TAMS 0x0000000082800000, 0x0000000082800000| Untracked 
|   5|0x0000000082900000, 0x0000000082900000, 0x0000000082a00000|  0%| F|  |TAMS 0x0000000082900000, 0x0000000082900000| Untracked 
|   6|0x0000000082a00000, 0x0000000082a00000, 0x0000000082b00000|  0%| F|  |TAMS 0x0000000082a00000, 0x0000000082a00000| Untracked 
|   7|0x0000000082b00000, 0x0000000082b00000, 0x0000000082c00000|  0%| F|  |TAMS 0x0000000082b00000, 0x0000000082b00000| Untracked 
|   8|0x0000000082c00000, 0x0000000082c00000, 0x0000000082d00000|  0%| F|  |TAMS 0x0000000082c00000, 0x0000000082c00000| Untracked 
|   9|0x0000000082d00000, 0x0000000082d00000, 0x0000000082e00000|  0%| F|  |TAMS 0x0000000082d00000, 0x0000000082d00000| Untracked 
|  10|0x0000000082e00000, 0x0000000082e00000, 0x0000000082f00000|  0%| F|  |TAMS 0x0000000082e00000, 0x0000000082e00000| Untracked 
|  11|0x0000000082f00000, 0x0000000082f00000, 0x0000000083000000|  0%| F|  |TAMS 0x0000000082f00000, 0x0000000082f00000| Untracked 
|  12|0x0000000083000000, 0x0000000083000000, 0x0000000083100000|  0%| F|  |TAMS 0x0000000083000000, 0x0000000083000000| Untracked 
|  13|0x0000000083100000, 0x0000000083100000, 0x0000000083200000|  0%| F|  |TAMS 0x0000000083100000, 0x0000000083100000| Untracked 
|  14|0x0000000083200000, 0x0000000083200000, 0x0000000083300000|  0%| F|  |TAMS 0x0000000083200000, 0x0000000083200000| Untracked 
|  15|0x0000000083300000, 0x0000000083300000, 0x0000000083400000|  0%| F|  |TAMS 0x0000000083300000, 0x0000000083300000| Untracked 
|  16|0x0000000083400000, 0x0000000083400000, 0x0000000083500000|  0%| F|  |TAMS 0x0000000083400000, 0x0000000083400000| Untracked 
|  17|0x0000000083500000, 0x0000000083500000, 0x0000000083600000|  0%| F|  |TAMS 0x0000000083500000, 0x0000000083500000| Untracked 
|  18|0x0000000083600000, 0x0000000083600000, 0x0000000083700000|  0%| F|  |TAMS 0x0000000083600000, 0x0000000083600000| Untracked 
|  19|0x0000000083700000, 0x0000000083700000, 0x0000000083800000|  0%| F|  |TAMS 0x0000000083700000, 0x0000000083700000| Untracked 
|  20|0x0000000083800000, 0x0000000083800000, 0x0000000083900000|  0%| F|  |TAMS 0x0000000083800000, 0x0000000083800000| Untracked 
|  21|0x0000000083900000, 0x0000000083900000, 0x0000000083a00000|  0%| F|  |TAMS 0x0000000083900000, 0x0000000083900000| Untracked 
|  22|0x0000000083a00000, 0x0000000083a00000, 0x0000000083b00000|  0%| F|  |TAMS 0x0000000083a00000, 0x0000000083a00000| Untracked 
|  23|0x0000000083b00000, 0x0000000083b00000, 0x0000000083c00000|  0%| F|  |TAMS 0x0000000083b00000, 0x0000000083b00000| Untracked 
|  24|0x0000000083c00000, 0x0000000083c00000, 0x0000000083d00000|  0%| F|  |TAMS 0x0000000083c00000, 0x0000000083c00000| Untracked 
|  25|0x0000000083d00000, 0x0000000083d00000, 0x0000000083e00000|  0%| F|  |TAMS 0x0000000083d00000, 0x0000000083d00000| Untracked 
|  26|0x0000000083e00000, 0x0000000083e00000, 0x0000000083f00000|  0%| F|  |TAMS 0x0000000083e00000, 0x0000000083e00000| Untracked 
|  27|0x0000000083f00000, 0x0000000083f00000, 0x0000000084000000|  0%| F|  |TAMS 0x0000000083f00000, 0x0000000083f00000| Untracked 
|  28|0x0000000084000000, 0x0000000084000000, 0x0000000084100000|  0%| F|  |TAMS 0x0000000084000000, 0x0000000084000000| Untracked 
|  29|0x0000000084100000, 0x0000000084100000, 0x0000000084200000|  0%| F|  |TAMS 0x0000000084100000, 0x0000000084100000| Untracked 
|  30|0x0000000084200000, 0x0000000084200000, 0x0000000084300000|  0%| F|  |TAMS 0x0000000084200000, 0x0000000084200000| Untracked 
|  31|0x0000000084300000, 0x0000000084300000, 0x0000000084400000|  0%| F|  |TAMS 0x0000000084300000, 0x0000000084300000| Untracked 
|  32|0x0000000084400000, 0x0000000084400000, 0x0000000084500000|  0%| F|  |TAMS 0x0000000084400000, 0x0000000084400000| Untracked 
|  33|0x0000000084500000, 0x0000000084500000, 0x0000000084600000|  0%| F|  |TAMS 0x0000000084500000, 0x0000000084500000| Untracked 
|  34|0x0000000084600000, 0x0000000084600000, 0x0000000084700000|  0%| F|  |TAMS 0x0000000084600000, 0x0000000084600000| Untracked 
|  35|0x0000000084700000, 0x0000000084700000, 0x0000000084800000|  0%| F|  |TAMS 0x0000000084700000, 0x0000000084700000| Untracked 
|  36|0x0000000084800000, 0x0000000084800000, 0x0000000084900000|  0%| F|  |TAMS 0x0000000084800000, 0x0000000084800000| Untracked 
|  37|0x0000000084900000, 0x0000000084900000, 0x0000000084a00000|  0%| F|  |TAMS 0x0000000084900000, 0x0000000084900000| Untracked 
|  38|0x0000000084a00000, 0x0000000084a00000, 0x0000000084b00000|  0%| F|  |TAMS 0x0000000084a00000, 0x0000000084a00000| Untracked 
|  39|0x0000000084b00000, 0x0000000084b00000, 0x0000000084c00000|  0%| F|  |TAMS 0x0000000084b00000, 0x0000000084b00000| Untracked 
|  40|0x0000000084c00000, 0x0000000084c00000, 0x0000000084d00000|  0%| F|  |TAMS 0x0000000084c00000, 0x0000000084c00000| Untracked 
|  41|0x0000000084d00000, 0x0000000084d00000, 0x0000000084e00000|  0%| F|  |TAMS 0x0000000084d00000, 0x0000000084d00000| Untracked 
|  42|0x0000000084e00000, 0x0000000084e00000, 0x0000000084f00000|  0%| F|  |TAMS 0x0000000084e00000, 0x0000000084e00000| Untracked 
|  43|0x0000000084f00000, 0x0000000084f00000, 0x0000000085000000|  0%| F|  |TAMS 0x0000000084f00000, 0x0000000084f00000| Untracked 
|  44|0x0000000085000000, 0x0000000085000000, 0x0000000085100000|  0%| F|  |TAMS 0x0000000085000000, 0x0000000085000000| Untracked 
|  45|0x0000000085100000, 0x0000000085100000, 0x0000000085200000|  0%| F|  |TAMS 0x0000000085100000, 0x0000000085100000| Untracked 
|  46|0x0000000085200000, 0x0000000085200000, 0x0000000085300000|  0%| F|  |TAMS 0x0000000085200000, 0x0000000085200000| Untracked 
|  47|0x0000000085300000, 0x0000000085300000, 0x0000000085400000|  0%| F|  |TAMS 0x0000000085300000, 0x0000000085300000| Untracked 
|  48|0x0000000085400000, 0x0000000085400000, 0x0000000085500000|  0%| F|  |TAMS 0x0000000085400000, 0x0000000085400000| Untracked 
|  49|0x0000000085500000, 0x0000000085500000, 0x0000000085600000|  0%| F|  |TAMS 0x0000000085500000, 0x0000000085500000| Untracked 
|  50|0x0000000085600000, 0x0000000085600000, 0x0000000085700000|  0%| F|  |TAMS 0x0000000085600000, 0x0000000085600000| Untracked 
|  51|0x0000000085700000, 0x0000000085700000, 0x0000000085800000|  0%| F|  |TAMS 0x0000000085700000, 0x0000000085700000| Untracked 
|  52|0x0000000085800000, 0x0000000085800000, 0x0000000085900000|  0%| F|  |TAMS 0x0000000085800000, 0x0000000085800000| Untracked 
|  53|0x0000000085900000, 0x0000000085900000, 0x0000000085a00000|  0%| F|  |TAMS 0x0000000085900000, 0x0000000085900000| Untracked 
|  54|0x0000000085a00000, 0x0000000085a00000, 0x0000000085b00000|  0%| F|  |TAMS 0x0000000085a00000, 0x0000000085a00000| Untracked 
|  55|0x0000000085b00000, 0x0000000085c00000, 0x0000000085c00000|100%| E|  |TAMS 0x0000000085b00000, 0x0000000085b00000| Complete 
|  56|0x0000000085c00000, 0x0000000085d00000, 0x0000000085d00000|100%| E|CS|TAMS 0x0000000085c00000, 0x0000000085c00000| Complete 
|  57|0x0000000085d00000, 0x0000000085e00000, 0x0000000085e00000|100%| E|CS|TAMS 0x0000000085d00000, 0x0000000085d00000| Complete 
|  58|0x0000000085e00000, 0x0000000085f00000, 0x0000000085f00000|100%| E|CS|TAMS 0x0000000085e00000, 0x0000000085e00000| Complete 
|  59|0x0000000085f00000, 0x0000000086000000, 0x0000000086000000|100%| E|CS|TAMS 0x0000000085f00000, 0x0000000085f00000| Complete 
|  60|0x0000000086000000, 0x0000000086100000, 0x0000000086100000|100%| E|CS|TAMS 0x0000000086000000, 0x0000000086000000| Complete 
|  61|0x0000000086100000, 0x0000000086200000, 0x0000000086200000|100%| E|CS|TAMS 0x0000000086100000, 0x0000000086100000| Complete 
|  62|0x0000000086200000, 0x0000000086300000, 0x0000000086300000|100%| E|CS|TAMS 0x0000000086200000, 0x0000000086200000| Complete 
|  63|0x0000000086300000, 0x0000000086400000, 0x0000000086400000|100%| E|CS|TAMS 0x0000000086300000, 0x0000000086300000| Complete 
|  64|0x0000000086400000, 0x0000000086500000, 0x0000000086500000|100%| E|CS|TAMS 0x0000000086400000, 0x0000000086400000| Complete 
|  65|0x0000000086500000, 0x0000000086600000, 0x0000000086600000|100%| E|CS|TAMS 0x0000000086500000, 0x0000000086500000| Complete 
|  66|0x0000000086600000, 0x0000000086700000, 0x0000000086700000|100%| E|CS|TAMS 0x0000000086600000, 0x0000000086600000| Complete 
|  67|0x0000000086700000, 0x0000000086800000, 0x0000000086800000|100%| E|CS|TAMS 0x0000000086700000, 0x0000000086700000| Complete 
|  68|0x0000000086800000, 0x0000000086900000, 0x0000000086900000|100%| E|CS|TAMS 0x0000000086800000, 0x0000000086800000| Complete 
|  69|0x0000000086900000, 0x0000000086a00000, 0x0000000086a00000|100%| E|CS|TAMS 0x0000000086900000, 0x0000000086900000| Complete 
|  70|0x0000000086a00000, 0x0000000086b00000, 0x0000000086b00000|100%| E|CS|TAMS 0x0000000086a00000, 0x0000000086a00000| Complete 
|  71|0x0000000086b00000, 0x0000000086c00000, 0x0000000086c00000|100%| E|CS|TAMS 0x0000000086b00000, 0x0000000086b00000| Complete 
|  72|0x0000000086c00000, 0x0000000086d00000, 0x0000000086d00000|100%| E|CS|TAMS 0x0000000086c00000, 0x0000000086c00000| Complete 
|  73|0x0000000086d00000, 0x0000000086e00000, 0x0000000086e00000|100%| E|CS|TAMS 0x0000000086d00000, 0x0000000086d00000| Complete 
|  74|0x0000000086e00000, 0x0000000086f00000, 0x0000000086f00000|100%| E|CS|TAMS 0x0000000086e00000, 0x0000000086e00000| Complete 
|  75|0x0000000086f00000, 0x0000000087000000, 0x0000000087000000|100%| E|CS|TAMS 0x0000000086f00000, 0x0000000086f00000| Complete 
|  76|0x0000000087000000, 0x0000000087100000, 0x0000000087100000|100%| E|CS|TAMS 0x0000000087000000, 0x0000000087000000| Complete 
|  77|0x0000000087100000, 0x0000000087200000, 0x0000000087200000|100%| E|CS|TAMS 0x0000000087100000, 0x0000000087100000| Complete 
|  78|0x0000000087200000, 0x0000000087300000, 0x0000000087300000|100%| E|CS|TAMS 0x0000000087200000, 0x0000000087200000| Complete 
|  79|0x0000000087300000, 0x0000000087400000, 0x0000000087400000|100%| E|CS|TAMS 0x0000000087300000, 0x0000000087300000| Complete 
|  80|0x0000000087400000, 0x0000000087500000, 0x0000000087500000|100%| E|CS|TAMS 0x0000000087400000, 0x0000000087400000| Complete 
|  81|0x0000000087500000, 0x0000000087600000, 0x0000000087600000|100%| E|CS|TAMS 0x0000000087500000, 0x0000000087500000| Complete 
|  82|0x0000000087600000, 0x0000000087700000, 0x0000000087700000|100%| E|CS|TAMS 0x0000000087600000, 0x0000000087600000| Complete 
|  83|0x0000000087700000, 0x0000000087800000, 0x0000000087800000|100%| E|CS|TAMS 0x0000000087700000, 0x0000000087700000| Complete 
|  84|0x0000000087800000, 0x0000000087900000, 0x0000000087900000|100%| E|CS|TAMS 0x0000000087800000, 0x0000000087800000| Complete 
|  85|0x0000000087900000, 0x0000000087a00000, 0x0000000087a00000|100%| E|CS|TAMS 0x0000000087900000, 0x0000000087900000| Complete 
|  86|0x0000000087a00000, 0x0000000087b00000, 0x0000000087b00000|100%| E|CS|TAMS 0x0000000087a00000, 0x0000000087a00000| Complete 
|  87|0x0000000087b00000, 0x0000000087c00000, 0x0000000087c00000|100%| E|CS|TAMS 0x0000000087b00000, 0x0000000087b00000| Complete 
|  88|0x0000000087c00000, 0x0000000087d00000, 0x0000000087d00000|100%| E|CS|TAMS 0x0000000087c00000, 0x0000000087c00000| Complete 
|  89|0x0000000087d00000, 0x0000000087e00000, 0x0000000087e00000|100%| E|CS|TAMS 0x0000000087d00000, 0x0000000087d00000| Complete 
|  90|0x0000000087e00000, 0x0000000087e86e80, 0x0000000087f00000| 52%| S|CS|TAMS 0x0000000087e00000, 0x0000000087e00000| Complete 
|  91|0x0000000087f00000, 0x0000000088000000, 0x0000000088000000|100%| E|CS|TAMS 0x0000000087f00000, 0x0000000087f00000| Complete 
|  92|0x0000000088000000, 0x0000000088100000, 0x0000000088100000|100%| E|CS|TAMS 0x0000000088000000, 0x0000000088000000| Complete 
|  93|0x0000000088100000, 0x0000000088200000, 0x0000000088200000|100%| E|CS|TAMS 0x0000000088100000, 0x0000000088100000| Complete 
|  94|0x0000000088200000, 0x0000000088300000, 0x0000000088300000|100%| E|CS|TAMS 0x0000000088200000, 0x0000000088200000| Complete 
|  95|0x0000000088300000, 0x0000000088400000, 0x0000000088400000|100%| E|CS|TAMS 0x0000000088300000, 0x0000000088300000| Complete 
|  96|0x0000000088400000, 0x0000000088500000, 0x0000000088500000|100%| E|CS|TAMS 0x0000000088400000, 0x0000000088400000| Complete 
|  97|0x0000000088500000, 0x0000000088600000, 0x0000000088600000|100%| E|CS|TAMS 0x0000000088500000, 0x0000000088500000| Complete 
|  98|0x0000000088600000, 0x0000000088700000, 0x0000000088700000|100%| E|CS|TAMS 0x0000000088600000, 0x0000000088600000| Complete 
|  99|0x0000000088700000, 0x0000000088800000, 0x0000000088800000|100%| E|CS|TAMS 0x0000000088700000, 0x0000000088700000| Complete 
| 100|0x0000000088800000, 0x0000000088900000, 0x0000000088900000|100%| E|CS|TAMS 0x0000000088800000, 0x0000000088800000| Complete 
| 101|0x0000000088900000, 0x0000000088a00000, 0x0000000088a00000|100%| E|CS|TAMS 0x0000000088900000, 0x0000000088900000| Complete 
| 102|0x0000000088a00000, 0x0000000088b00000, 0x0000000088b00000|100%| E|CS|TAMS 0x0000000088a00000, 0x0000000088a00000| Complete 
| 103|0x0000000088b00000, 0x0000000088c00000, 0x0000000088c00000|100%| E|CS|TAMS 0x0000000088b00000, 0x0000000088b00000| Complete 
| 104|0x0000000088c00000, 0x0000000088d00000, 0x0000000088d00000|100%| E|CS|TAMS 0x0000000088c00000, 0x0000000088c00000| Complete 
| 105|0x0000000088d00000, 0x0000000088e00000, 0x0000000088e00000|100%| E|CS|TAMS 0x0000000088d00000, 0x0000000088d00000| Complete 
| 106|0x0000000088e00000, 0x0000000088f00000, 0x0000000088f00000|100%| E|CS|TAMS 0x0000000088e00000, 0x0000000088e00000| Complete 
| 107|0x0000000088f00000, 0x0000000089000000, 0x0000000089000000|100%| E|CS|TAMS 0x0000000088f00000, 0x0000000088f00000| Complete 
| 108|0x0000000089000000, 0x0000000089100000, 0x0000000089100000|100%| E|CS|TAMS 0x0000000089000000, 0x0000000089000000| Complete 
| 109|0x0000000089100000, 0x0000000089200000, 0x0000000089200000|100%| E|CS|TAMS 0x0000000089100000, 0x0000000089100000| Complete 
| 110|0x0000000089200000, 0x0000000089300000, 0x0000000089300000|100%| E|CS|TAMS 0x0000000089200000, 0x0000000089200000| Complete 
| 111|0x0000000089300000, 0x0000000089400000, 0x0000000089400000|100%| E|CS|TAMS 0x0000000089300000, 0x0000000089300000| Complete 
| 112|0x0000000089400000, 0x0000000089500000, 0x0000000089500000|100%| E|CS|TAMS 0x0000000089400000, 0x0000000089400000| Complete 
| 113|0x0000000089500000, 0x0000000089600000, 0x0000000089600000|100%| E|CS|TAMS 0x0000000089500000, 0x0000000089500000| Complete 
| 114|0x0000000089600000, 0x0000000089700000, 0x0000000089700000|100%| E|CS|TAMS 0x0000000089600000, 0x0000000089600000| Complete 
| 115|0x0000000089700000, 0x0000000089800000, 0x0000000089800000|100%| E|CS|TAMS 0x0000000089700000, 0x0000000089700000| Complete 
| 116|0x0000000089800000, 0x0000000089900000, 0x0000000089900000|100%| E|CS|TAMS 0x0000000089800000, 0x0000000089800000| Complete 
| 117|0x0000000089900000, 0x0000000089a00000, 0x0000000089a00000|100%| E|CS|TAMS 0x0000000089900000, 0x0000000089900000| Complete 
| 118|0x0000000089a00000, 0x0000000089b00000, 0x0000000089b00000|100%| E|CS|TAMS 0x0000000089a00000, 0x0000000089a00000| Complete 
| 119|0x0000000089b00000, 0x0000000089c00000, 0x0000000089c00000|100%| E|CS|TAMS 0x0000000089b00000, 0x0000000089b00000| Complete 
| 120|0x0000000089c00000, 0x0000000089d00000, 0x0000000089d00000|100%| E|CS|TAMS 0x0000000089c00000, 0x0000000089c00000| Complete 
| 121|0x0000000089d00000, 0x0000000089e00000, 0x0000000089e00000|100%| E|CS|TAMS 0x0000000089d00000, 0x0000000089d00000| Complete 
| 122|0x0000000089e00000, 0x0000000089f00000, 0x0000000089f00000|100%| E|CS|TAMS 0x0000000089e00000, 0x0000000089e00000| Complete 
| 123|0x0000000089f00000, 0x000000008a000000, 0x000000008a000000|100%| E|CS|TAMS 0x0000000089f00000, 0x0000000089f00000| Complete 
| 124|0x000000008a000000, 0x000000008a100000, 0x000000008a100000|100%| E|CS|TAMS 0x000000008a000000, 0x000000008a000000| Complete 
| 125|0x000000008a100000, 0x000000008a200000, 0x000000008a200000|100%| E|CS|TAMS 0x000000008a100000, 0x000000008a100000| Complete 

Card table byte_map: [0x000001a7a8740000,0x000001a7a8b30000] _byte_map_base: 0x000001a7a832e000

Marking Bits (Prev, Next): (CMBitMap*) 0x000001a78f934640, (CMBitMap*) 0x000001a78f934680
 Prev Bits: [0x000001a7a8f20000, 0x000001a7aae90000)
 Next Bits: [0x000001a7aae90000, 0x000001a7ace00000)

Polling page: 0x000001a7988b0000

Metaspace:

Usage:
  Non-class:      9.68 MB used.
      Class:    867.96 KB used.
       Both:     10.53 MB used.

Virtual space:
  Non-class space:       16.00 MB reserved,       9.75 MB ( 61%) committed,  2 nodes.
      Class space:        1.00 GB reserved,     960.00 KB ( <1%) committed,  1 nodes.
             Both:        1.02 GB reserved,      10.69 MB (  1%) committed. 

Chunk freelists:
   Non-Class:  2.08 MB
       Class:  3.04 MB
        Both:  5.12 MB

MaxMetaspaceSize: unlimited
CompressedClassSpaceSize: 1.00 GB
Initial GC threshold: 21.00 MB
Current GC threshold: 21.00 MB
CDS: on
MetaspaceReclaimPolicy: balanced
 - commit_granule_bytes: 65536.
 - commit_granule_words: 8192.
 - virtual_space_node_default_size: 1048576.
 - enlarge_chunks_in_place: 1.
 - new_chunks_are_fully_committed: 0.
 - uncommit_free_chunks: 1.
 - use_allocation_guard: 0.
 - handle_deallocations: 1.


Internal statistics:

num_allocs_failed_limit: 0.
num_arena_births: 102.
num_arena_deaths: 0.
num_vsnodes_births: 3.
num_vsnodes_deaths: 0.
num_space_committed: 169.
num_space_uncommitted: 0.
num_chunks_returned_to_freelist: 0.
num_chunks_taken_from_freelist: 276.
num_chunk_merges: 0.
num_chunk_splits: 194.
num_chunks_enlarged: 135.
num_purges: 0.
num_inconsistent_stats: 0.

CodeHeap 'non-profiled nmethods': size=120000Kb used=1045Kb max_used=1045Kb free=118955Kb
 bounds [0x000001a7a03a0000, 0x000001a7a0610000, 0x000001a7a78d0000]
CodeHeap 'profiled nmethods': size=120000Kb used=3688Kb max_used=3688Kb free=116311Kb
 bounds [0x000001a798e70000, 0x000001a799210000, 0x000001a7a03a0000]
CodeHeap 'non-nmethods': size=5760Kb used=1458Kb max_used=1489Kb free=4301Kb
 bounds [0x000001a7988d0000, 0x000001a798b40000, 0x000001a798e70000]
 total_blobs=2909 nmethods=2066 adapters=755
 compilation: enabled
              stopped_count=0, restarted_count=0
 full_count=0

Compilation events (20 events):
Event: 21.387 Thread 0x000001a7af87f880 2057       4       java.lang.StringBuilder::append (8 bytes)
Event: 21.387 Thread 0x000001a7af87f880 nmethod 2057 0x000001a7a04a1910 code [0x000001a7a04a1aa0, 0x000001a7a04a1b48]
Event: 21.655 Thread 0x000001a7af87f880 2058       4       sun.awt.AWTAutoShutdown::isReadyToShutdown (37 bytes)
Event: 21.656 Thread 0x000001a7af87f880 nmethod 2058 0x000001a7a04a1c10 code [0x000001a7a04a1da0, 0x000001a7a04a1e78]
Event: 21.698 Thread 0x000001a7af87f880 2059       4       controlP5.Controller::inside (146 bytes)
Event: 21.705 Thread 0x000001a7af87f880 nmethod 2059 0x000001a7a04a1f90 code [0x000001a7a04a2180, 0x000001a7a04a2a38]
Event: 21.786 Thread 0x000001a7af87f880 2060       4       java.lang.Integer::toString (55 bytes)
Event: 21.792 Thread 0x000001a7af87f880 nmethod 2060 0x000001a7a04a2e10 code [0x000001a7a04a2fa0, 0x000001a7a04a3658]
Event: 21.995 Thread 0x000001a7af87f880 2061       4       sun.java2d.SunGraphics2D::invalidatePipe (41 bytes)
Event: 21.999 Thread 0x000001a7af87f880 nmethod 2061 0x000001a7a04a3910 code [0x000001a7a04a3a80, 0x000001a7a04a3ff8]
Event: 22.145 Thread 0x000001a7af87f880 2063       4       controlP5.ControlBroadcaster::broadcast (245 bytes)
Event: 22.148 Thread 0x000001a7af87f880 nmethod 2063 0x000001a7a04a4090 code [0x000001a7a04a4240, 0x000001a7a04a4608]
Event: 22.148 Thread 0x000001a7af87f880 2062       4       controlP5.ControlBroadcaster::invokeAction (144 bytes)
Event: 22.150 Thread 0x000001a7af87f880 nmethod 2062 0x000001a7a04a4990 code [0x000001a7a04a4b20, 0x000001a7a04a4c78]
Event: 22.488 Thread 0x000001a7af87f880 2064       4       processing.core.PApplet::radians (6 bytes)
Event: 22.488 Thread 0x000001a7af87f880 nmethod 2064 0x000001a7a04a4e10 code [0x000001a7a04a4fa0, 0x000001a7a04a4ff8]
Event: 22.648 Thread 0x000001a7af87f880 2065       4       jdk.internal.misc.Unsafe::weakCompareAndSetInt (11 bytes)
Event: 22.649 Thread 0x000001a7af87f880 nmethod 2065 0x000001a7a04a5110 code [0x000001a7a04a5280, 0x000001a7a04a5318]
Event: 22.783 Thread 0x000001a7af8819e0 2066       3       java.lang.Byte::<init> (10 bytes)
Event: 22.783 Thread 0x000001a7af8819e0 nmethod 2066 0x000001a799209c10 code [0x000001a799209dc0, 0x000001a799209f98]

GC Heap History (4 events):
Event: 0.880 GC heap before
{Heap before GC invocations=0 (full 0):
 garbage-first heap   total 129024K, used 22528K [0x0000000082400000, 0x0000000100000000)
  region size 1024K, 23 young (23552K), 0 survivors (0K)
 Metaspace       used 9578K, committed 9728K, reserved 1064960K
  class space    used 828K, committed 896K, reserved 1048576K
}
Event: 0.884 GC heap after
{Heap after GC invocations=1 (full 0):
 garbage-first heap   total 129024K, used 3642K [0x0000000082400000, 0x0000000100000000)
  region size 1024K, 3 young (3072K), 3 survivors (3072K)
 Metaspace       used 9578K, committed 9728K, reserved 1064960K
  class space    used 828K, committed 896K, reserved 1048576K
}
Event: 0.898 GC heap before
{Heap before GC invocations=1 (full 0):
 garbage-first heap   total 129024K, used 36410K [0x0000000082400000, 0x0000000100000000)
  region size 1024K, 35 young (35840K), 3 survivors (3072K)
 Metaspace       used 9590K, committed 9728K, reserved 1064960K
  class space    used 829K, committed 896K, reserved 1048576K
}
Event: 0.900 GC heap after
{Heap after GC invocations=2 (full 0):
 garbage-first heap   total 129024K, used 4180K [0x0000000082400000, 0x0000000100000000)
  region size 1024K, 1 young (1024K), 1 survivors (1024K)
 Metaspace       used 9590K, committed 9728K, reserved 1064960K
  class space    used 829K, committed 896K, reserved 1048576K
}

Deoptimization events (20 events):
Event: 19.941 Thread 0x000001a7b07cddf0 Uncommon trap: trap_request=0xffffff76 fr.pc=0x000001a7a03d0c50 relative=0x0000000000000230
Event: 19.941 Thread 0x000001a7b07cddf0 Uncommon trap: reason=predicate action=maybe_recompile pc=0x000001a7a03d0c50 method=java.util.ArrayList.indexOfRange(Ljava/lang/Object;II)I @ 45 c2
Event: 19.941 Thread 0x000001a7b07cddf0 DEOPT PACKING pc=0x000001a7a03d0c50 sp=0x0000000dbd6febc0
Event: 19.941 Thread 0x000001a7b07cddf0 DEOPT UNPACKING pc=0x000001a7989223a3 sp=0x0000000dbd6feb38 mode 2
Event: 20.843 Thread 0x000001a7b07cddf0 Uncommon trap: trap_request=0xffffff45 fr.pc=0x000001a7a0470934 relative=0x0000000000000b74
Event: 20.843 Thread 0x000001a7b07cddf0 Uncommon trap: reason=unstable_if action=reinterpret pc=0x000001a7a0470934 method=controlP5.Controller.broadcast(I)V @ 30 c2
Event: 20.843 Thread 0x000001a7b07cddf0 DEOPT PACKING pc=0x000001a7a0470934 sp=0x0000000dbd6feaa0
Event: 20.843 Thread 0x000001a7b07cddf0 DEOPT UNPACKING pc=0x000001a7989223a3 sp=0x0000000dbd6feab8 mode 2
Event: 20.843 Thread 0x000001a7b07cddf0 Uncommon trap: trap_request=0xffffff45 fr.pc=0x000001a7a04738f0 relative=0x0000000000000070
Event: 20.843 Thread 0x000001a7b07cddf0 Uncommon trap: reason=unstable_if action=reinterpret pc=0x000001a7a04738f0 method=MultiWiiConf.controlEvent(LcontrolP5/ControlEvent;)V @ 4 c2
Event: 20.843 Thread 0x000001a7b07cddf0 DEOPT PACKING pc=0x000001a7a04738f0 sp=0x0000000dbd6fe870
Event: 20.843 Thread 0x000001a7b07cddf0 DEOPT UNPACKING pc=0x000001a7989223a3 sp=0x0000000dbd6fe7f8 mode 2
Event: 22.741 Thread 0x000001a7b07cddf0 Uncommon trap: trap_request=0xffffff45 fr.pc=0x000001a7a04a456c relative=0x000000000000032c
Event: 22.741 Thread 0x000001a7b07cddf0 Uncommon trap: reason=unstable_if action=reinterpret pc=0x000001a7a04a456c method=controlP5.ControlBroadcaster.broadcast(LcontrolP5/ControlEvent;I)LcontrolP5/ControlBroadcaster; @ 65 c2
Event: 22.741 Thread 0x000001a7b07cddf0 DEOPT PACKING pc=0x000001a7a04a456c sp=0x0000000dbd6feaa0
Event: 22.741 Thread 0x000001a7b07cddf0 DEOPT UNPACKING pc=0x000001a7989223a3 sp=0x0000000dbd6fea68 mode 2
Event: 22.741 Thread 0x000001a7b07cddf0 Uncommon trap: trap_request=0xffffff45 fr.pc=0x000001a7a049f734 relative=0x00000000000005b4
Event: 22.741 Thread 0x000001a7b07cddf0 Uncommon trap: reason=unstable_if action=reinterpret pc=0x000001a7a049f734 method=controlP5.ControlBroadcaster.invokeMethod(Ljava/lang/Object;Ljava/lang/reflect/Method;[Ljava/lang/Object;)V @ 3 c2
Event: 22.741 Thread 0x000001a7b07cddf0 DEOPT PACKING pc=0x000001a7a049f734 sp=0x0000000dbd6fe950
Event: 22.741 Thread 0x000001a7b07cddf0 DEOPT UNPACKING pc=0x000001a7989223a3 sp=0x0000000dbd6fe968 mode 2

Classes unloaded (0 events):
No events

Classes redefined (0 events):
No events

Internal exceptions (20 events):
Event: 0.198 Thread 0x000001a7b05409e0 Exception <a 'java/lang/NoSuchMethodError'{0x0000000089e0f948}: 'void java.lang.invoke.DirectMethodHandle$Holder.invokeVirtual(java.lang.Object, java.lang.Object)'> (0x0000000089e0f948) 
thrown [t:\workspace\open\src\hotspot\share\interpreter\linkResolver.cpp, line 766]
Event: 0.211 Thread 0x000001a78f8f3f40 Exception <a 'java/lang/NoSuchMethodError'{0x0000000089d37f20}: 'void java.lang.invoke.DirectMethodHandle$Holder.invokeStaticInit(java.lang.Object)'> (0x0000000089d37f20) 
thrown [t:\workspace\open\src\hotspot\share\interpreter\linkResolver.cpp, line 766]
Event: 0.242 Thread 0x000001a78f8f3f40 Exception <a 'java/lang/NullPointerException'{0x0000000089c11558}> (0x0000000089c11558) 
thrown [t:\workspace\open\src\hotspot\share\interpreter\linkResolver.cpp, line 1440]
Event: 0.731 Thread 0x000001a7b07bde00 Exception <a 'java/lang/NoSuchMethodError'{0x0000000089c89cc8}: 'java.lang.Object java.lang.invoke.DirectMethodHandle$Holder.newInvokeSpecial(java.lang.Object, java.lang.Object, java.lang.Object, int, int, int, int, int)'> (0x0000000089c89cc8) 
thrown [t:\workspace\open\src\hotspot\share\interpreter\linkResolver.cpp, line 766]
Event: 0.842 Thread 0x000001a7b07cddf0 Exception <a 'java/io/IOException'{0x0000000089332408}> (0x0000000089332408) 
thrown [t:\workspace\open\src\hotspot\share\prims\jni.cpp, line 516]
Event: 0.842 Thread 0x000001a7b07cddf0 Exception <a 'java/io/IOException'{0x00000000893327f8}> (0x00000000893327f8) 
thrown [t:\workspace\open\src\hotspot\share\prims\jni.cpp, line 516]
Event: 0.860 Thread 0x000001a7b07cddf0 Exception <a 'java/io/IOException'{0x00000000893e85d8}> (0x00000000893e85d8) 
thrown [t:\workspace\open\src\hotspot\share\prims\jni.cpp, line 516]
Event: 0.860 Thread 0x000001a7b07cddf0 Exception <a 'java/io/IOException'{0x00000000893e8940}> (0x00000000893e8940) 
thrown [t:\workspace\open\src\hotspot\share\prims\jni.cpp, line 516]
Event: 0.860 Thread 0x000001a7b07cddf0 Exception <a 'java/io/FileNotFoundException'{0x00000000893e9168}> (0x00000000893e9168) 
thrown [t:\workspace\open\src\hotspot\share\prims\jni.cpp, line 516]
Event: 0.862 Thread 0x000001a7b07cddf0 Exception <a 'java/io/FileNotFoundException'{0x00000000893fbde8}> (0x00000000893fbde8) 
thrown [t:\workspace\open\src\hotspot\share\prims\jni.cpp, line 516]
Event: 0.864 Thread 0x000001a7b07cddf0 Exception <a 'java/io/FileNotFoundException'{0x000000008920e088}> (0x000000008920e088) 
thrown [t:\workspace\open\src\hotspot\share\prims\jni.cpp, line 516]
Event: 0.865 Thread 0x000001a7b07cddf0 Exception <a 'java/io/FileNotFoundException'{0x000000008921f7c8}> (0x000000008921f7c8) 
thrown [t:\workspace\open\src\hotspot\share\prims\jni.cpp, line 516]
Event: 0.866 Thread 0x000001a7b07cddf0 Exception <a 'java/io/FileNotFoundException'{0x000000008922eba0}> (0x000000008922eba0) 
thrown [t:\workspace\open\src\hotspot\share\prims\jni.cpp, line 516]
Event: 0.868 Thread 0x000001a7b07cddf0 Exception <a 'java/io/FileNotFoundException'{0x00000000892402e0}> (0x00000000892402e0) 
thrown [t:\workspace\open\src\hotspot\share\prims\jni.cpp, line 516]
Event: 0.868 Thread 0x000001a7b07cddf0 Exception <a 'java/io/FileNotFoundException'{0x0000000089257f70}> (0x0000000089257f70) 
thrown [t:\workspace\open\src\hotspot\share\prims\jni.cpp, line 516]
Event: 0.870 Thread 0x000001a7b07cddf0 Exception <a 'java/io/FileNotFoundException'{0x00000000892696b0}> (0x00000000892696b0) 
thrown [t:\workspace\open\src\hotspot\share\prims\jni.cpp, line 516]
Event: 20.843 Thread 0x000001a7b07cddf0 Exception <a 'java/io/FileNotFoundException'{0x0000000085c5b228}> (0x0000000085c5b228) 
thrown [t:\workspace\open\src\hotspot\share\prims\jni.cpp, line 516]
Event: 20.845 Thread 0x000001a7b07cddf0 Exception <a 'java/io/FileNotFoundException'{0x0000000085c6cc10}> (0x0000000085c6cc10) 
thrown [t:\workspace\open\src\hotspot\share\prims\jni.cpp, line 516]
Event: 20.845 Thread 0x000001a7b07cddf0 Exception <a 'java/io/FileNotFoundException'{0x0000000085c7b008}> (0x0000000085c7b008) 
thrown [t:\workspace\open\src\hotspot\share\prims\jni.cpp, line 516]
Event: 20.847 Thread 0x000001a7b07cddf0 Exception <a 'java/io/FileNotFoundException'{0x0000000085c94c50}> (0x0000000085c94c50) 
thrown [t:\workspace\open\src\hotspot\share\prims\jni.cpp, line 516]

VM Operations (20 events):
Event: 7.641 Executing VM operation: Cleanup
Event: 7.642 Executing VM operation: Cleanup done
Event: 8.650 Executing VM operation: Cleanup
Event: 8.650 Executing VM operation: Cleanup done
Event: 11.680 Executing VM operation: Cleanup
Event: 11.681 Executing VM operation: Cleanup done
Event: 13.698 Executing VM operation: Cleanup
Event: 13.699 Executing VM operation: Cleanup done
Event: 14.707 Executing VM operation: Cleanup
Event: 14.707 Executing VM operation: Cleanup done
Event: 18.742 Executing VM operation: Cleanup
Event: 18.742 Executing VM operation: Cleanup done
Event: 18.893 Executing VM operation: HandshakeAllThreads
Event: 18.893 Executing VM operation: HandshakeAllThreads done
Event: 19.905 Executing VM operation: Cleanup
Event: 19.906 Executing VM operation: Cleanup done
Event: 20.915 Executing VM operation: Cleanup
Event: 20.915 Executing VM operation: Cleanup done
Event: 21.926 Executing VM operation: Cleanup
Event: 21.927 Executing VM operation: Cleanup done

Events (20 events):
Event: 18.894 loading class sun/awt/AWTAccessor$MouseEventAccessor
Event: 18.894 loading class sun/awt/AWTAccessor$MouseEventAccessor done
Event: 18.894 loading class java/awt/event/MouseEvent$1 done
Event: 18.899 loading class java/awt/Cursor$CursorDisposer
Event: 18.899 loading class java/awt/Cursor$CursorDisposer done
Event: 19.210 loading class java/awt/event/KeyEvent$1
Event: 19.210 loading class sun/awt/AWTAccessor$KeyEventAccessor
Event: 19.210 loading class sun/awt/AWTAccessor$KeyEventAccessor done
Event: 19.210 loading class java/awt/event/KeyEvent$1 done
Event: 19.211 loading class sun/awt/DebugSettings
Event: 19.212 loading class sun/awt/DebugSettings done
Event: 20.848 loading class java/util/TooManyListenersException
Event: 20.848 loading class java/util/TooManyListenersException done
Event: 20.853 Thread 0x000001a7b194db90 Thread added: 0x000001a7b194db90
Event: 20.870 loading class sun/nio/cs/UTF_8$Encoder
Event: 20.870 loading class sun/nio/cs/UTF_8$Encoder done
Event: 20.870 loading class java/io/FileOutputStream$1
Event: 20.870 loading class java/io/FileOutputStream$1 done
Event: 22.782 loading class java/lang/Byte$ByteCache
Event: 22.782 loading class java/lang/Byte$ByteCache done


Dynamic libraries:
0x00007ff668690000 - 0x00007ff6686a0000 	C:\Program Files\Java\jdk-17.0.1\bin\javaw.exe
0x00007ff8e9000000 - 0x00007ff8e9209000 	C:\WINDOWS\SYSTEM32\ntdll.dll
0x00007ff8afee0000 - 0x00007ff8afef6000 	C:\Program Files\AVG\Antivirus\aswhook.dll
0x00007ff8e6f00000 - 0x00007ff8e6fbd000 	C:\WINDOWS\System32\KERNEL32.DLL
0x00007ff8e6a00000 - 0x00007ff8e6d74000 	C:\WINDOWS\System32\KERNELBASE.dll
0x00007ff8e6d80000 - 0x00007ff8e6e91000 	C:\WINDOWS\System32\ucrtbase.dll
0x00007ff8e01e0000 - 0x00007ff8e01f8000 	C:\Program Files\Java\jdk-17.0.1\bin\jli.dll
0x00007ff8d26d0000 - 0x00007ff8d26ea000 	C:\Program Files\Java\jdk-17.0.1\bin\VCRUNTIME140.dll
0x00007ff8e8b20000 - 0x00007ff8e8bce000 	C:\WINDOWS\System32\ADVAPI32.dll
0x00007ff8e8a70000 - 0x00007ff8e8b13000 	C:\WINDOWS\System32\msvcrt.dll
0x00007ff8e8d70000 - 0x00007ff8e8e0e000 	C:\WINDOWS\System32\sechost.dll
0x00007ff8e7b70000 - 0x00007ff8e7c90000 	C:\WINDOWS\System32\RPCRT4.dll
0x00007ff8e7d10000 - 0x00007ff8e7ebc000 	C:\WINDOWS\System32\USER32.dll
0x00007ff8e6860000 - 0x00007ff8e6886000 	C:\WINDOWS\System32\win32u.dll
0x00007ff8d0120000 - 0x00007ff8d03c5000 	C:\WINDOWS\WinSxS\amd64_microsoft.windows.common-controls_6595b64144ccf1df_6.0.22000.120_none_9d947278b86cc467\COMCTL32.dll
0x00007ff8e87a0000 - 0x00007ff8e87c9000 	C:\WINDOWS\System32\GDI32.dll
0x00007ff8e6610000 - 0x00007ff8e6722000 	C:\WINDOWS\System32\gdi32full.dll
0x00007ff8e64f0000 - 0x00007ff8e658d000 	C:\WINDOWS\System32\msvcp_win.dll
0x00007ff8dd540000 - 0x00007ff8dd54a000 	C:\WINDOWS\SYSTEM32\VERSION.dll
0x00007ff8e8540000 - 0x00007ff8e8571000 	C:\WINDOWS\System32\IMM32.DLL
0x00007ff8e01d0000 - 0x00007ff8e01dc000 	C:\Program Files\Java\jdk-17.0.1\bin\vcruntime140_1.dll
0x00007ff8cd8d0000 - 0x00007ff8cd95d000 	C:\Program Files\Java\jdk-17.0.1\bin\msvcp140.dll
0x00007ff842230000 - 0x00007ff842dee000 	C:\Program Files\Java\jdk-17.0.1\bin\server\jvm.dll
0x00007ff8e8a60000 - 0x00007ff8e8a68000 	C:\WINDOWS\System32\PSAPI.DLL
0x00007ff8cfdd0000 - 0x00007ff8cfdd9000 	C:\WINDOWS\SYSTEM32\WSOCK32.dll
0x00007ff8df590000 - 0x00007ff8df5c3000 	C:\WINDOWS\SYSTEM32\WINMM.dll
0x00007ff8e8830000 - 0x00007ff8e889f000 	C:\WINDOWS\System32\WS2_32.dll
0x00007ff8e55f0000 - 0x00007ff8e5608000 	C:\WINDOWS\SYSTEM32\kernel.appcore.dll
0x00007ff8d3950000 - 0x00007ff8d395a000 	C:\Program Files\Java\jdk-17.0.1\bin\jimage.dll
0x00007ff8e38f0000 - 0x00007ff8e3b11000 	C:\WINDOWS\SYSTEM32\DBGHELP.DLL
0x00007ff8d4f60000 - 0x00007ff8d4f91000 	C:\WINDOWS\SYSTEM32\dbgcore.DLL
0x00007ff8e6590000 - 0x00007ff8e660f000 	C:\WINDOWS\System32\bcryptPrimitives.dll
0x00007ff8ce640000 - 0x00007ff8ce665000 	C:\Program Files\Java\jdk-17.0.1\bin\java.dll
0x00007ff88c700000 - 0x00007ff88c7d6000 	C:\Program Files\Java\jdk-17.0.1\bin\svml.dll
0x00007ff8e6fc0000 - 0x00007ff8e776e000 	C:\WINDOWS\System32\SHELL32.dll
0x00007ff8e4660000 - 0x00007ff8e4ec8000 	C:\WINDOWS\SYSTEM32\windows.storage.dll
0x00007ff8e7770000 - 0x00007ff8e7ae8000 	C:\WINDOWS\System32\combase.dll
0x00007ff8e44f0000 - 0x00007ff8e4656000 	C:\WINDOWS\SYSTEM32\wintypes.dll
0x00007ff8e8590000 - 0x00007ff8e867a000 	C:\WINDOWS\System32\SHCORE.dll
0x00007ff8e87d0000 - 0x00007ff8e882d000 	C:\WINDOWS\System32\shlwapi.dll
0x00007ff8e6420000 - 0x00007ff8e6441000 	C:\WINDOWS\SYSTEM32\profapi.dll
0x00007ff8d1cd0000 - 0x00007ff8d1ce9000 	C:\Program Files\Java\jdk-17.0.1\bin\net.dll
0x00007ff8dffa0000 - 0x00007ff8e00ac000 	C:\WINDOWS\SYSTEM32\WINHTTP.dll
0x00007ff8e5a90000 - 0x00007ff8e5af7000 	C:\WINDOWS\system32\mswsock.dll
0x00007ff8d0f50000 - 0x00007ff8d0f65000 	C:\Program Files\Java\jdk-17.0.1\bin\nio.dll
0x00007ff8ce620000 - 0x00007ff8ce638000 	C:\Program Files\Java\jdk-17.0.1\bin\zip.dll
0x00007ff8d1c40000 - 0x00007ff8d1c50000 	C:\Program Files\Java\jdk-17.0.1\bin\verify.dll
0x00007ff8890f0000 - 0x00007ff88927f000 	C:\Program Files\Java\jdk-17.0.1\bin\awt.dll
0x00007ff8e83e0000 - 0x00007ff8e84b6000 	C:\WINDOWS\System32\OLEAUT32.dll
0x00007ff8e36d0000 - 0x00007ff8e3761000 	C:\WINDOWS\SYSTEM32\apphelp.dll
0x00007ff8e3c30000 - 0x00007ff8e3cdc000 	C:\WINDOWS\system32\uxtheme.dll
0x00007ff89e130000 - 0x00007ff89e261000 	C:\ProgramData\A-Volute\A-Volute.SonicStudio3\Modules\ScheduledModules\x64\AudioDevProps2.dll
0x00007ff8e8e20000 - 0x00007ff8e8fba000 	C:\WINDOWS\System32\ole32.dll
0x00007ff8e8680000 - 0x00007ff8e879e000 	C:\WINDOWS\System32\MSCTF.dll
0x00007ff8e4160000 - 0x00007ff8e418f000 	C:\WINDOWS\system32\DWMAPI.DLL
0x00007ff8ca340000 - 0x00007ff8ca441000 	C:\WINDOWS\system32\opengl32.dll
0x00007ff8ce7e0000 - 0x00007ff8ce80d000 	C:\WINDOWS\SYSTEM32\GLU32.dll
0x00007ff8e4060000 - 0x00007ff8e4098000 	C:\WINDOWS\SYSTEM32\dxcore.dll
0x00007ff8cb3d0000 - 0x00007ff8cb459000 	C:\Program Files\Java\jdk-17.0.1\bin\freetype.dll
0x00007ff8883e0000 - 0x00007ff888488000 	C:\Program Files\Java\jdk-17.0.1\bin\fontmanager.dll
0x0000000010000000 - 0x000000001005a000 	D:\Arduino\QuadX\MultiWiiConf\application.windows64\jogl.dll
0x0000000050670000 - 0x0000000050739000 	C:\WINDOWS\WinSxS\amd64_microsoft.vc80.crt_1fc8b3b9a1e18e3b_8.0.50727.9680_none_88e394a52fab6222\MSVCR80.dll
0x00007ff8d1340000 - 0x00007ff8d1347000 	C:\Program Files\Java\jdk-17.0.1\bin\jawt.dll
0x0000000000580000 - 0x0000000000587000 	D:\Arduino\QuadX\MultiWiiConf\application.windows64\jogl_awt.dll
0x00007ff8cea30000 - 0x00007ff8ceb5d000 	C:\WINDOWS\SYSTEM32\textinputframework.dll
0x00007ff8e00b0000 - 0x00007ff8e00f4000 	C:\WINDOWS\SYSTEM32\directxdatabasehelper.dll
0x00007ff8e40b0000 - 0x00007ff8e40e4000 	C:\WINDOWS\SYSTEM32\ntmarta.dll
0x00007ff8e8cc0000 - 0x00007ff8e8d6f000 	C:\WINDOWS\System32\clbcatq.dll
0x00007ff8ddd30000 - 0x00007ff8dde64000 	C:\Windows\System32\AppXDeploymentClient.dll
0x00007ff8dd990000 - 0x00007ff8ddb7f000 	C:\WINDOWS\SYSTEM32\urlmon.dll
0x00007ff8ddcd0000 - 0x00007ff8ddcf8000 	C:\Windows\System32\srvcli.dll
0x00007ff8dd600000 - 0x00007ff8dd8b3000 	C:\Windows\System32\iertutil.dll
0x00007ff8e5110000 - 0x00007ff8e511c000 	C:\Windows\System32\netutils.dll
0x00007ff841210000 - 0x00007ff84222a000 	C:\WINDOWS\System32\DriverStore\FileRepository\14_asus_coffeelake_hws_iigd_dch.inf_amd64_44acbf350b15f150\ig9icd64.dll
0x00007ff8e3d10000 - 0x00007ff8e3e03000 	C:\WINDOWS\system32\dxgi.dll
0x00007ff87e500000 - 0x00007ff87e99e000 	C:\WINDOWS\System32\DriverStore\FileRepository\14_asus_coffeelake_hws_iigd_dch.inf_amd64_44acbf350b15f150\igdml64.dll
0x00007ff8da1b0000 - 0x00007ff8da571000 	C:\WINDOWS\System32\DriverStore\FileRepository\14_asus_coffeelake_hws_iigd_dch.inf_amd64_44acbf350b15f150\igdgmm64.dll
0x00007ff8d6ef0000 - 0x00007ff8da1ad000 	C:\WINDOWS\System32\DriverStore\FileRepository\14_asus_coffeelake_hws_iigd_dch.inf_amd64_44acbf350b15f150\igc64.dll
0x00007ff8e5e10000 - 0x00007ff8e5e5d000 	C:\WINDOWS\SYSTEM32\powrprof.dll
0x00007ff8e5db0000 - 0x00007ff8e5dc3000 	C:\WINDOWS\SYSTEM32\UMPDC.dll
0x0000000180000000 - 0x0000000180025000 	D:\Arduino\QuadX\MultiWiiConf\application.windows64\rxtxSerial.dll
0x00007ff8e32c0000 - 0x00007ff8e33f2000 	C:\WINDOWS\SYSTEM32\CoreMessaging.dll
0x00007ff8df220000 - 0x00007ff8df58d000 	C:\WINDOWS\SYSTEM32\CoreUIComponents.dll
0x00007ff8e5cf0000 - 0x00007ff8e5cfc000 	C:\WINDOWS\SYSTEM32\CRYPTBASE.DLL

dbghelp: loaded successfully - version: 4.0.5 - missing functions: none
symbol engine: initialized successfully - sym options: 0x614 - pdb path: .;C:\Program Files\Java\jdk-17.0.1\bin;C:\WINDOWS\SYSTEM32;C:\Program Files\AVG\Antivirus;C:\WINDOWS\WinSxS\amd64_microsoft.windows.common-controls_6595b64144ccf1df_6.0.22000.120_none_9d947278b86cc467;C:\Program Files\Java\jdk-17.0.1\bin\server;C:\ProgramData\A-Volute\A-Volute.SonicStudio3\Modules\ScheduledModules\x64;D:\Arduino\QuadX\MultiWiiConf\application.windows64;C:\WINDOWS\WinSxS\amd64_microsoft.vc80.crt_1fc8b3b9a1e18e3b_8.0.50727.9680_none_88e394a52fab6222;C:\WINDOWS\System32\DriverStore\FileRepository\14_asus_coffeelake_hws_iigd_dch.inf_amd64_44acbf350b15f150

VM Arguments:
java_command: MultiWiiConf
java_class_path (initial): D:\Arduino\QuadX\MultiWiiConf\application.windows64\lib\MultiWiiConf.jar;D:\Arduino\QuadX\MultiWiiConf\application.windows64\lib\core.jar;D:\Arduino\QuadX\MultiWiiConf\application.windows64\lib\RXTXcomm.jar;D:\Arduino\QuadX\MultiWiiConf\application.windows64\lib\serial.jar;D:\Arduino\QuadX\MultiWiiConf\application.windows64\lib\controlP5.jar;D:\Arduino\QuadX\MultiWiiConf\application.windows64\lib\gluegen-rt.jar;D:\Arduino\QuadX\MultiWiiConf\application.windows64\lib\jogl.jar;D:\Arduino\QuadX\MultiWiiConf\application.windows64\lib\opengl.jar
Launcher Type: SUN_STANDARD

[Global flags]
     intx CICompilerCount                          = 4                                         {product} {ergonomic}
     uint ConcGCThreads                            = 2                                         {product} {ergonomic}
     uint G1ConcRefinementThreads                  = 8                                         {product} {ergonomic}
   size_t G1HeapRegionSize                         = 1048576                                   {product} {ergonomic}
    uintx GCDrainStackTargetSize                   = 64                                        {product} {ergonomic}
   size_t InitialHeapSize                          = 132120576                                 {product} {ergonomic}
   size_t MarkStackSize                            = 4194304                                   {product} {ergonomic}
   size_t MaxHeapSize                              = 2109734912                                {product} {ergonomic}
   size_t MaxNewSize                               = 1265631232                                {product} {ergonomic}
   size_t MinHeapDeltaBytes                        = 1048576                                   {product} {ergonomic}
   size_t MinHeapSize                              = 8388608                                   {product} {ergonomic}
    uintx NonNMethodCodeHeapSize                   = 5839372                                {pd product} {ergonomic}
    uintx NonProfiledCodeHeapSize                  = 122909434                              {pd product} {ergonomic}
    uintx ProfiledCodeHeapSize                     = 122909434                              {pd product} {ergonomic}
    uintx ReservedCodeCacheSize                    = 251658240                              {pd product} {ergonomic}
     bool SegmentedCodeCache                       = true                                      {product} {ergonomic}
   size_t SoftMaxHeapSize                          = 2109734912                             {manageable} {ergonomic}
     bool UseCompressedClassPointers               = true                           {product lp64_product} {ergonomic}
     bool UseCompressedOops                        = true                           {product lp64_product} {ergonomic}
     bool UseG1GC                                  = true                                      {product} {ergonomic}
     bool UseLargePagesIndividualAllocation        = false                                  {pd product} {ergonomic}

Logging:
Log output configuration:
 #0: stdout all=warning uptime,level,tags
 #1: stderr all=off uptime,level,tags

Environment Variables:
CLASSPATH=D:\Arduino\QuadX\MultiWiiConf\application.windows64\lib\MultiWiiConf.jar;D:\Arduino\QuadX\MultiWiiConf\application.windows64\lib\core.jar;D:\Arduino\QuadX\MultiWiiConf\application.windows64\lib\RXTXcomm.jar;D:\Arduino\QuadX\MultiWiiConf\application.windows64\lib\serial.jar;D:\Arduino\QuadX\MultiWiiConf\application.windows64\lib\controlP5.jar;D:\Arduino\QuadX\MultiWiiConf\application.windows64\lib\gluegen-rt.jar;D:\Arduino\QuadX\MultiWiiConf\application.windows64\lib\jogl.jar;D:\Arduino\QuadX\MultiWiiConf\application.windows64\lib\opengl.jar
PATH=C:\Program Files\Common Files\Oracle\Java\javapath;C:\Windows\system32;C:\Windows;C:\Windows\System32\Wbem;C:\Windows\System32\WindowsPowerShell\v1.0;C:\Program Files (x86)\NVIDIA Corporation\PhysX\Common;C:\Program Files\NVIDIA Corporation\NVIDIA NvDLISR;C:\WINDOWS\system32;C:\WINDOWS;C:\WINDOWS\System32\Wbem;C:\WINDOWS\System32\WindowsPowerShell\v1.0;C:\Gradle\gradle-7.3.3\bin;C:\Program Files\Microsoft SQL Server\Client SDK\ODBC\110\Tools\Binn;C:\Program Files (x86)\Microsoft SQL Server\120\Tools\Binn;C:\Program Files\Microsoft SQL Server\120\Tools\Binn;C:\Program Files\Microsoft SQL Server\120\DTS\Binn;C:\Program Files (x86)\Windows Kits\8.1\Windows Performance Toolkit;C:\Users\admin\AppData\Local\Programs\Python\Python310\Scripts;C:\Users\admin\AppData\Local\Programs\Python\Python310;C:\Users\admin\AppData\Local\Microsoft\WindowsApps;C:\Users\admin\AppData\Local\Programs\Microsoft VS Code\bin;C:\Tools\gradle-7.3.3\bin
USERNAME=admin
OS=Windows_NT
PROCESSOR_IDENTIFIER=Intel64 Family 6 Model 158 Stepping 10, GenuineIntel



---------------  S Y S T E M  ---------------

OS:
 Windows 10 , 64 bit Build 22000 (10.0.22000.434)
OS uptime: 13 days 8:08 hours

CPU: total 8 (initial active 8) (4 cores per cpu, 2 threads per core) family 6 model 158 stepping 10 microcode 0xde, cx8, cmov, fxsr, ht, mmx, 3dnowpref, sse, sse2, sse3, ssse3, sse4.1, sse4.2, popcnt, lzcnt, tsc, tscinvbit, avx, avx2, aes, erms, clmul, bmi1, bmi2, adx, fma, vzeroupper, clflush, clflushopt

Memory: 4k page, system-wide physical 8044M (1162M free)
TotalPageFile size 18284M (AvailPageFile size 4197M)
current process WorkingSet (physical memory assigned to process): 212M, peak: 212M
current process commit charge ("private bytes"): 256M, peak: 264M

vm_info: Java HotSpot(TM) 64-Bit Server VM (17.0.1+12-LTS-39) for windows-amd64 JRE (17.0.1+12-LTS-39), built on Sep 27 2021 18:41:35 by "mach5one" with MS VC++ 16.8 (VS2019)

END.
