#
# A fatal error has been detected by the Java Runtime Environment:
#
#  EXCEPTION_ACCESS_VIOLATION (0xc0000005) at pc=0x00000001800044cb, pid=22936, tid=2904
#
# JRE version: Java(TM) SE Runtime Environment (17.0.1+12) (build 17.0.1+12-LTS-39)
# Java VM: Java HotSpot(TM) 64-Bit Server VM (17.0.1+12-LTS-39, mixed mode, sharing, tiered, compressed oops, compressed class ptrs, g1 gc, windows-amd64)
# Problematic frame:
# C  [rxtxSerial.dll+0x44cb]
#
# No core dump will be written. Minidumps are not enabled by default on client versions of Windows
#
# If you would like to submit a bug report, please visit:
#   https://bugreport.java.com/bugreport/crash.jsp
# The crash happened outside the Java Virtual Machine in native code.
# See problematic frame for where to report the bug.
#

---------------  S U M M A R Y ------------

Command Line: MultiWiiConf

Host: Intel(R) Core(TM) i5-9300H CPU @ 2.40GHz, 8 cores, 7G,  Windows 10 , 64 bit Build 22000 (10.0.22000.434)
Time: Sat Mar 26 23:49:28 2022 SE Asia Standard Time elapsed time: 11.599919 seconds (0d 0h 0m 11s)

---------------  T H R E A D  ---------------

Current thread (0x000002bbf13fad00):  JavaThread "Animation Thread" [_thread_in_native, id=2904, stack(0x000000f3ac000000,0x000000f3ac100000)]

Stack: [0x000000f3ac000000,0x000000f3ac100000],  sp=0x000000f3ac0fed30,  free space=1019k
Native frames: (J=compiled Java code, j=interpreted, Vv=VM code, C=native code)
C  [rxtxSerial.dll+0x44cb]

Java frames: (J=compiled Java code, j=interpreted, Vv=VM code)
j  gnu.io.RXTXPort.nativeDrain(Z)Z+0
j  gnu.io.RXTXPort$SerialOutputStream.flush()V+92
j  processing.serial.Serial.write([B)V+12
j  MultiWiiConf.sendRequestMSP(Ljava/util/List;)V+60
j  MultiWiiConf.draw()V+848
j  processing.core.PApplet.handleDraw()V+145
j  processing.core.PApplet.run()V+72
j  java.lang.Thread.run()V+11 java.base@17.0.1
v  ~StubRoutines::call_stub

siginfo: EXCEPTION_ACCESS_VIOLATION (0xc0000005), reading address 0xffffffffac4febec


Register to memory mapping:

RIP=0x00000001800044cb rxtxSerial.dll
RAX=0x000000000000001c is an unknown value
RBX=0x0000000000000001 is an unknown value
RCX=0x000000f3ac0ff10c is pointing into the stack for thread: 0x000002bbf13fad00
RDX=0x0 is NULL
RSP=0x000000f3ac0fed30 is pointing into the stack for thread: 0x000002bbf13fad00
RBP=0x0000000000000001 is an unknown value
RSI=0x0 is NULL
RDI=0x000002bbf13fafa8 points into unknown readable memory: 0x00007ff842cb3630 | 30 36 cb 42 f8 7f 00 00
R8 =0x000000f3ac0fe9f0 is pointing into the stack for thread: 0x000002bbf13fad00
R9 =0x0000000180000000 rxtxSerial.dll
R10=0x0 is NULL
R11=0x0000000000000200 is an unknown value
R12=0xffffffffac4febe0 is an unknown value
R13=0x0 is NULL
R14=0x000000f3ac0ff228 is pointing into the stack for thread: 0x000002bbf13fad00
R15=0x000002bbf13fad00 is a thread


Registers:
RAX=0x000000000000001c, RBX=0x0000000000000001, RCX=0x000000f3ac0ff10c, RDX=0x0000000000000000
RSP=0x000000f3ac0fed30, RBP=0x0000000000000001, RSI=0x0000000000000000, RDI=0x000002bbf13fafa8
R8 =0x000000f3ac0fe9f0, R9 =0x0000000180000000, R10=0x0000000000000000, R11=0x0000000000000200
R12=0xffffffffac4febe0, R13=0x0000000000000000, R14=0x000000f3ac0ff228, R15=0x000002bbf13fad00
RIP=0x00000001800044cb, EFLAGS=0x0000000000010282

Top of Stack: (sp=0x000000f3ac0fed30)
0x000000f3ac0fed30:   000002bbf9d58ab0 000000018001c4c0
0x000000f3ac0fed40:   0000000000000000 0000000000000001
0x000000f3ac0fed50:   0000000000000000 0000000000000000
0x000000f3ac0fed60:   000000f3ac0ff228 000002bbf13fad00
0x000000f3ac0fed70:   0000000800008968 000000080000fea0
0x000000f3ac0fed80:   000002bbf13fad00 000000080000fea0
0x000000f3ac0fed90:   000002bbf13fad00 fffffffe00000000
0x000000f3ac0feda0:   0000000000000000 0000000000000000
0x000000f3ac0fedb0:   000002bbf064ec00 00007ff8425b3657
0x000000f3ac0fedc0:   000002bbf1369648 0000000800008968
0x000000f3ac0fedd0:   0000000085c426f0 00007ff8425b58ae
0x000000f3ac0fede0:   000000f3ac0fedf0 000000080000fea0
0x000000f3ac0fedf0:   000000f3ac0fee50 00000000824965a8
0x000000f3ac0fee00:   0000000085c426f0 000002bbf13fad00
0x000000f3ac0fee10:   000002bbf064efa8 000002bbf064ebd0
0x000000f3ac0fee20:   0000000800008968 00007ff842871528 

Instructions: (pc=0x00000001800044cb)
0x00000001800043cb:   89 54 24 30 e8 3c f4 ff ff 48 8b 54 24 30 4c 8d
0x00000001800043db:   0d b4 80 01 00 4c 8d 05 b1 80 01 00 48 8b cf 8b
0x00000001800043eb:   e8 e8 1f f4 ff ff 33 db 4c 63 e0 8b cd e8 43 41
0x00000001800043fb:   00 00 ff c3 8b f0 85 c0 74 0f e8 72 63 00 00 83
0x000000018000440b:   38 04 75 05 83 fb 03 7c e2 48 8d 15 a5 80 01 00
0x000000018000441b:   48 8d 8c 24 c0 03 00 00 44 8b c6 e8 11 5e 00 00
0x000000018000442b:   85 f6 0f 84 86 00 00 00 e8 44 63 00 00 8b 08 e8
0x000000018000443b:   59 62 00 00 4c 8b 07 48 8d 15 a7 80 01 00 48 8b
0x000000018000444b:   cf 48 8b f0 41 ff 50 30 48 8b d8 48 85 c0 75 1b
0x000000018000445b:   48 8b 07 48 8b cf ff 90 80 00 00 00 4c 8b 1f 48
0x000000018000446b:   8b cf 41 ff 93 88 00 00 00 eb 43 4c 8d 0d 63 80
0x000000018000447b:   01 00 48 8d 15 7c 90 01 00 48 8d 8c 24 78 03 00
0x000000018000448b:   00 4c 8b c6 e8 a8 5d 00 00 4c 8b 1f 4c 8d 84 24
0x000000018000449b:   78 03 00 00 48 8b d3 48 8b cf 41 ff 53 70 4c 8b
0x00000001800044ab:   1f 48 8b d3 48 8b cf 41 ff 93 b8 00 00 00 45 84
0x00000001800044bb:   ed 0f 85 b7 00 00 00 4d 85 e4 0f 84 ae 00 00 00
0x00000001800044cb:   41 83 7c 24 0c 00 0f 84 a2 00 00 00 48 8d 4c 24
0x00000001800044db:   38 49 8b d4 41 b8 40 03 00 00 e8 06 64 00 00 4c
0x00000001800044eb:   8b 1f 48 8b 54 24 30 48 8b cf 41 ff 93 f8 00 00
0x00000001800044fb:   00 48 8b 54 24 30 4c 8d 0d f8 7a 01 00 4c 8d 05
0x000000018000450b:   f5 7a 01 00 48 8b cf 48 8b d8 e8 f6 f2 ff ff 4c
0x000000018000451b:   8b 1f 4c 8d 0d e4 7a 01 00 4c 8d 05 e5 7a 01 00
0x000000018000452b:   48 8b d3 48 8b cf 41 ff 93 08 01 00 00 83 bc 24
0x000000018000453b:   d0 00 00 00 01 48 8b f0 7f 34 48 85 db 74 2f 48
0x000000018000454b:   8b 17 48 8b cf ff 92 88 00 00 00 4c 8b 1f 48 8b
0x000000018000455b:   54 24 30 41 b9 02 00 00 00 4c 8b c6 48 8b cf c7
0x000000018000456b:   44 24 20 01 00 00 00 41 ff 93 28 01 00 00 32 c0
0x000000018000457b:   48 8b 8c 24 10 04 00 00 48 33 cc e8 05 5b 00 00
0x000000018000458b:   48 8b 9c 24 60 04 00 00 48 81 c4 20 04 00 00 41
0x000000018000459b:   5d 41 5c 5f 5e 5d c3 cc cc cc cc cc cc cc cc cc
0x00000001800045ab:   cc cc cc cc cc 40 53 48 83 ec 20 41 8b d8 4c 8d
0x00000001800045bb:   0d dc 7e 01 00 4c 8d 05 25 7f 01 00 e8 44 f2 ff 


Stack slot to memory mapping:
stack at sp + 0 slots: {method} {0x000002bbf9d58ab8} 'nativeDrain' '(Z)Z' in 'gnu/io/RXTXPort'
stack at sp + 1 slots: 0x000000018001c4c0 rxtxSerial.dll
stack at sp + 2 slots: 0x0 is NULL
stack at sp + 3 slots: 0x0000000000000001 is an unknown value
stack at sp + 4 slots: 0x0 is NULL
stack at sp + 5 slots: 0x0 is NULL
stack at sp + 6 slots: 0x000000f3ac0ff228 is pointing into the stack for thread: 0x000002bbf13fad00
stack at sp + 7 slots: 0x000002bbf13fad00 is a thread


---------------  P R O C E S S  ---------------

Threads class SMR info:
_java_thread_list=0x000002bbf298a1c0, length=18, elements={
0x000002bbf060f2e0, 0x000002bbf060ff50, 0x000002bbf0628530, 0x000002bbf0628ee0,
0x000002bbf062a8a0, 0x000002bbf062e750, 0x000002bbf06374f0, 0x000002bbf063a210,
0x000002bbf064d2e0, 0x000002bbf10a90a0, 0x000002bbf10b59c0, 0x000002bbf13597b0,
0x000002bbf1201330, 0x000002bbf1201800, 0x000002bbf13a62e0, 0x000002bbf13fad00,
0x000002bbd0686c10, 0x000002bbf34a0770
}

Java Threads: ( => current thread )
  0x000002bbf060f2e0 JavaThread "Reference Handler" daemon [_thread_blocked, id=13220, stack(0x000000f3aaf00000,0x000000f3ab000000)]
  0x000002bbf060ff50 JavaThread "Finalizer" daemon [_thread_blocked, id=23216, stack(0x000000f3ab000000,0x000000f3ab100000)]
  0x000002bbf0628530 JavaThread "Signal Dispatcher" daemon [_thread_blocked, id=10732, stack(0x000000f3ab100000,0x000000f3ab200000)]
  0x000002bbf0628ee0 JavaThread "Attach Listener" daemon [_thread_blocked, id=5012, stack(0x000000f3ab200000,0x000000f3ab300000)]
  0x000002bbf062a8a0 JavaThread "Service Thread" daemon [_thread_blocked, id=17124, stack(0x000000f3ab300000,0x000000f3ab400000)]
  0x000002bbf062e750 JavaThread "Monitor Deflation Thread" daemon [_thread_blocked, id=25440, stack(0x000000f3ab400000,0x000000f3ab500000)]
  0x000002bbf06374f0 JavaThread "C2 CompilerThread0" daemon [_thread_blocked, id=4920, stack(0x000000f3ab500000,0x000000f3ab600000)]
  0x000002bbf063a210 JavaThread "C1 CompilerThread0" daemon [_thread_blocked, id=20240, stack(0x000000f3ab600000,0x000000f3ab700000)]
  0x000002bbf064d2e0 JavaThread "Sweeper thread" daemon [_thread_blocked, id=4888, stack(0x000000f3ab700000,0x000000f3ab800000)]
  0x000002bbf10a90a0 JavaThread "Notification Thread" daemon [_thread_blocked, id=15556, stack(0x000000f3ab800000,0x000000f3ab900000)]
  0x000002bbf10b59c0 JavaThread "Common-Cleaner" daemon [_thread_blocked, id=3480, stack(0x000000f3aba00000,0x000000f3abb00000)]
  0x000002bbf13597b0 JavaThread "Java2D Disposer" daemon [_thread_blocked, id=26348, stack(0x000000f3abb00000,0x000000f3abc00000)]
  0x000002bbf1201330 JavaThread "AWT-Shutdown" [_thread_blocked, id=8852, stack(0x000000f3abc00000,0x000000f3abd00000)]
  0x000002bbf1201800 JavaThread "AWT-Windows" daemon [_thread_in_native, id=13012, stack(0x000000f3abd00000,0x000000f3abe00000)]
  0x000002bbf13a62e0 JavaThread "AWT-EventQueue-0" [_thread_blocked, id=14180, stack(0x000000f3abe00000,0x000000f3abf00000)]
=>0x000002bbf13fad00 JavaThread "Animation Thread" [_thread_in_native, id=2904, stack(0x000000f3ac000000,0x000000f3ac100000)]
  0x000002bbd0686c10 JavaThread "DestroyJavaVM" [_thread_blocked, id=24648, stack(0x000000f3aa800000,0x000000f3aa900000)]
  0x000002bbf34a0770 JavaThread "Thread-0" [_thread_in_native, id=16768, stack(0x000000f3ac400000,0x000000f3ac500000)]

Other Threads:
  0x000002bbf060c3c0 VMThread "VM Thread" [stack: 0x000000f3aae00000,0x000000f3aaf00000] [id=4824]
  0x000002bbd06e3890 WatcherThread [stack: 0x000000f3ab900000,0x000000f3aba00000] [id=1984]
  0x000002bbd06c64a0 GCTaskThread "GC Thread#0" [stack: 0x000000f3aa900000,0x000000f3aaa00000] [id=15160]
  0x000002bbf24bb7f0 GCTaskThread "GC Thread#1" [stack: 0x000000f3ac500000,0x000000f3ac600000] [id=23072]
  0x000002bbf26469e0 GCTaskThread "GC Thread#2" [stack: 0x000000f3ac600000,0x000000f3ac700000] [id=23608]
  0x000002bbf2646c90 GCTaskThread "GC Thread#3" [stack: 0x000000f3ac700000,0x000000f3ac800000] [id=16196]
  0x000002bbf2647350 GCTaskThread "GC Thread#4" [stack: 0x000000f3ac800000,0x000000f3ac900000] [id=24604]
  0x000002bbf24b1be0 GCTaskThread "GC Thread#5" [stack: 0x000000f3ac900000,0x000000f3aca00000] [id=6876]
  0x000002bbf24b1e90 GCTaskThread "GC Thread#6" [stack: 0x000000f3aca00000,0x000000f3acb00000] [id=25072]
  0x000002bbf24b2140 GCTaskThread "GC Thread#7" [stack: 0x000000f3acb00000,0x000000f3acc00000] [id=25076]
  0x000002bbd06d6e60 ConcurrentGCThread "G1 Main Marker" [stack: 0x000000f3aaa00000,0x000000f3aab00000] [id=22348]
  0x000002bbd06d7fe0 ConcurrentGCThread "G1 Conc#0" [stack: 0x000000f3aab00000,0x000000f3aac00000] [id=14036]
  0x000002bbf04d0090 ConcurrentGCThread "G1 Refine#0" [stack: 0x000000f3aac00000,0x000000f3aad00000] [id=26448]
  0x000002bbf04d09b0 ConcurrentGCThread "G1 Service" [stack: 0x000000f3aad00000,0x000000f3aae00000] [id=6504]

Threads with active compile tasks:

VM state: not at safepoint (normal execution)

VM Mutex/Monitor currently owned by a thread: None

Heap address: 0x0000000082400000, size: 2012 MB, Compressed Oops mode: 32-bit

CDS archive(s) mapped at: [0x0000000800000000-0x0000000800bc0000-0x0000000800bc0000), size 12320768, SharedBaseAddress: 0x0000000800000000, ArchiveRelocationMode: 0.
Compressed class space mapped at: 0x0000000800c00000-0x0000000840c00000, reserved size: 1073741824
Narrow klass base: 0x0000000800000000, Narrow klass shift: 0, Narrow klass range: 0x100000000

GC Precious Log:
 CPUs: 8 total, 8 available
 Memory: 8044M
 Large Page Support: Disabled
 NUMA Support: Disabled
 Compressed Oops: Enabled (32-bit)
 Heap Region Size: 1M
 Heap Min Capacity: 8M
 Heap Initial Capacity: 126M
 Heap Max Capacity: 2012M
 Pre-touch: Disabled
 Parallel Workers: 8
 Concurrent Workers: 2
 Concurrent Refinement Workers: 8
 Periodic GC: Disabled

Heap:
 garbage-first heap   total 129024K, used 73662K [0x0000000082400000, 0x0000000100000000)
  region size 1024K, 70 young (71680K), 1 survivors (1024K)
 Metaspace       used 10667K, committed 10880K, reserved 1064960K
  class space    used 865K, committed 960K, reserved 1048576K

Heap Regions: E=young(eden), S=young(survivor), O=old, HS=humongous(starts), HC=humongous(continues), CS=collection set, F=free, OA=open archive, CA=closed archive, TAMS=top-at-mark-start (previous, next)
|   0|0x0000000082400000, 0x0000000082500000, 0x0000000082500000|100%| O|  |TAMS 0x0000000082400000, 0x0000000082400000| Untracked 
|   1|0x0000000082500000, 0x0000000082600000, 0x0000000082600000|100%| O|  |TAMS 0x0000000082500000, 0x0000000082500000| Untracked 
|   2|0x0000000082600000, 0x0000000082700000, 0x0000000082700000|100%| O|  |TAMS 0x0000000082600000, 0x0000000082600000| Untracked 
|   3|0x0000000082700000, 0x000000008278ac00, 0x0000000082800000| 54%| O|  |TAMS 0x0000000082700000, 0x0000000082700000| Untracked 
|   4|0x0000000082800000, 0x0000000082800000, 0x0000000082900000|  0%| F|  |TAMS 0x0000000082800000, 0x0000000082800000| Untracked 
|   5|0x0000000082900000, 0x0000000082900000, 0x0000000082a00000|  0%| F|  |TAMS 0x0000000082900000, 0x0000000082900000| Untracked 
|   6|0x0000000082a00000, 0x0000000082a00000, 0x0000000082b00000|  0%| F|  |TAMS 0x0000000082a00000, 0x0000000082a00000| Untracked 
|   7|0x0000000082b00000, 0x0000000082b00000, 0x0000000082c00000|  0%| F|  |TAMS 0x0000000082b00000, 0x0000000082b00000| Untracked 
|   8|0x0000000082c00000, 0x0000000082c00000, 0x0000000082d00000|  0%| F|  |TAMS 0x0000000082c00000, 0x0000000082c00000| Untracked 
|   9|0x0000000082d00000, 0x0000000082d00000, 0x0000000082e00000|  0%| F|  |TAMS 0x0000000082d00000, 0x0000000082d00000| Untracked 
|  10|0x0000000082e00000, 0x0000000082e00000, 0x0000000082f00000|  0%| F|  |TAMS 0x0000000082e00000, 0x0000000082e00000| Untracked 
|  11|0x0000000082f00000, 0x0000000082f00000, 0x0000000083000000|  0%| F|  |TAMS 0x0000000082f00000, 0x0000000082f00000| Untracked 
|  12|0x0000000083000000, 0x0000000083000000, 0x0000000083100000|  0%| F|  |TAMS 0x0000000083000000, 0x0000000083000000| Untracked 
|  13|0x0000000083100000, 0x0000000083100000, 0x0000000083200000|  0%| F|  |TAMS 0x0000000083100000, 0x0000000083100000| Untracked 
|  14|0x0000000083200000, 0x0000000083200000, 0x0000000083300000|  0%| F|  |TAMS 0x0000000083200000, 0x0000000083200000| Untracked 
|  15|0x0000000083300000, 0x0000000083300000, 0x0000000083400000|  0%| F|  |TAMS 0x0000000083300000, 0x0000000083300000| Untracked 
|  16|0x0000000083400000, 0x0000000083400000, 0x0000000083500000|  0%| F|  |TAMS 0x0000000083400000, 0x0000000083400000| Untracked 
|  17|0x0000000083500000, 0x0000000083500000, 0x0000000083600000|  0%| F|  |TAMS 0x0000000083500000, 0x0000000083500000| Untracked 
|  18|0x0000000083600000, 0x0000000083600000, 0x0000000083700000|  0%| F|  |TAMS 0x0000000083600000, 0x0000000083600000| Untracked 
|  19|0x0000000083700000, 0x0000000083700000, 0x0000000083800000|  0%| F|  |TAMS 0x0000000083700000, 0x0000000083700000| Untracked 
|  20|0x0000000083800000, 0x0000000083800000, 0x0000000083900000|  0%| F|  |TAMS 0x0000000083800000, 0x0000000083800000| Untracked 
|  21|0x0000000083900000, 0x0000000083900000, 0x0000000083a00000|  0%| F|  |TAMS 0x0000000083900000, 0x0000000083900000| Untracked 
|  22|0x0000000083a00000, 0x0000000083a00000, 0x0000000083b00000|  0%| F|  |TAMS 0x0000000083a00000, 0x0000000083a00000| Untracked 
|  23|0x0000000083b00000, 0x0000000083b00000, 0x0000000083c00000|  0%| F|  |TAMS 0x0000000083b00000, 0x0000000083b00000| Untracked 
|  24|0x0000000083c00000, 0x0000000083c00000, 0x0000000083d00000|  0%| F|  |TAMS 0x0000000083c00000, 0x0000000083c00000| Untracked 
|  25|0x0000000083d00000, 0x0000000083d00000, 0x0000000083e00000|  0%| F|  |TAMS 0x0000000083d00000, 0x0000000083d00000| Untracked 
|  26|0x0000000083e00000, 0x0000000083e00000, 0x0000000083f00000|  0%| F|  |TAMS 0x0000000083e00000, 0x0000000083e00000| Untracked 
|  27|0x0000000083f00000, 0x0000000083f00000, 0x0000000084000000|  0%| F|  |TAMS 0x0000000083f00000, 0x0000000083f00000| Untracked 
|  28|0x0000000084000000, 0x0000000084000000, 0x0000000084100000|  0%| F|  |TAMS 0x0000000084000000, 0x0000000084000000| Untracked 
|  29|0x0000000084100000, 0x0000000084100000, 0x0000000084200000|  0%| F|  |TAMS 0x0000000084100000, 0x0000000084100000| Untracked 
|  30|0x0000000084200000, 0x0000000084200000, 0x0000000084300000|  0%| F|  |TAMS 0x0000000084200000, 0x0000000084200000| Untracked 
|  31|0x0000000084300000, 0x0000000084300000, 0x0000000084400000|  0%| F|  |TAMS 0x0000000084300000, 0x0000000084300000| Untracked 
|  32|0x0000000084400000, 0x0000000084400000, 0x0000000084500000|  0%| F|  |TAMS 0x0000000084400000, 0x0000000084400000| Untracked 
|  33|0x0000000084500000, 0x0000000084500000, 0x0000000084600000|  0%| F|  |TAMS 0x0000000084500000, 0x0000000084500000| Untracked 
|  34|0x0000000084600000, 0x0000000084600000, 0x0000000084700000|  0%| F|  |TAMS 0x0000000084600000, 0x0000000084600000| Untracked 
|  35|0x0000000084700000, 0x0000000084700000, 0x0000000084800000|  0%| F|  |TAMS 0x0000000084700000, 0x0000000084700000| Untracked 
|  36|0x0000000084800000, 0x0000000084800000, 0x0000000084900000|  0%| F|  |TAMS 0x0000000084800000, 0x0000000084800000| Untracked 
|  37|0x0000000084900000, 0x0000000084900000, 0x0000000084a00000|  0%| F|  |TAMS 0x0000000084900000, 0x0000000084900000| Untracked 
|  38|0x0000000084a00000, 0x0000000084a00000, 0x0000000084b00000|  0%| F|  |TAMS 0x0000000084a00000, 0x0000000084a00000| Untracked 
|  39|0x0000000084b00000, 0x0000000084b00000, 0x0000000084c00000|  0%| F|  |TAMS 0x0000000084b00000, 0x0000000084b00000| Untracked 
|  40|0x0000000084c00000, 0x0000000084c00000, 0x0000000084d00000|  0%| F|  |TAMS 0x0000000084c00000, 0x0000000084c00000| Untracked 
|  41|0x0000000084d00000, 0x0000000084d00000, 0x0000000084e00000|  0%| F|  |TAMS 0x0000000084d00000, 0x0000000084d00000| Untracked 
|  42|0x0000000084e00000, 0x0000000084e00000, 0x0000000084f00000|  0%| F|  |TAMS 0x0000000084e00000, 0x0000000084e00000| Untracked 
|  43|0x0000000084f00000, 0x0000000084f00000, 0x0000000085000000|  0%| F|  |TAMS 0x0000000084f00000, 0x0000000084f00000| Untracked 
|  44|0x0000000085000000, 0x0000000085000000, 0x0000000085100000|  0%| F|  |TAMS 0x0000000085000000, 0x0000000085000000| Untracked 
|  45|0x0000000085100000, 0x0000000085100000, 0x0000000085200000|  0%| F|  |TAMS 0x0000000085100000, 0x0000000085100000| Untracked 
|  46|0x0000000085200000, 0x0000000085200000, 0x0000000085300000|  0%| F|  |TAMS 0x0000000085200000, 0x0000000085200000| Untracked 
|  47|0x0000000085300000, 0x0000000085300000, 0x0000000085400000|  0%| F|  |TAMS 0x0000000085300000, 0x0000000085300000| Untracked 
|  48|0x0000000085400000, 0x0000000085400000, 0x0000000085500000|  0%| F|  |TAMS 0x0000000085400000, 0x0000000085400000| Untracked 
|  49|0x0000000085500000, 0x0000000085500000, 0x0000000085600000|  0%| F|  |TAMS 0x0000000085500000, 0x0000000085500000| Untracked 
|  50|0x0000000085600000, 0x0000000085600000, 0x0000000085700000|  0%| F|  |TAMS 0x0000000085600000, 0x0000000085600000| Untracked 
|  51|0x0000000085700000, 0x0000000085700000, 0x0000000085800000|  0%| F|  |TAMS 0x0000000085700000, 0x0000000085700000| Untracked 
|  52|0x0000000085800000, 0x0000000085800000, 0x0000000085900000|  0%| F|  |TAMS 0x0000000085800000, 0x0000000085800000| Untracked 
|  53|0x0000000085900000, 0x0000000085900000, 0x0000000085a00000|  0%| F|  |TAMS 0x0000000085900000, 0x0000000085900000| Untracked 
|  54|0x0000000085a00000, 0x0000000085a00000, 0x0000000085b00000|  0%| F|  |TAMS 0x0000000085a00000, 0x0000000085a00000| Untracked 
|  55|0x0000000085b00000, 0x0000000085b00000, 0x0000000085c00000|  0%| F|  |TAMS 0x0000000085b00000, 0x0000000085b00000| Untracked 
|  56|0x0000000085c00000, 0x0000000085c80800, 0x0000000085d00000| 50%| E|  |TAMS 0x0000000085c00000, 0x0000000085c00000| Complete 
|  57|0x0000000085d00000, 0x0000000085e00000, 0x0000000085e00000|100%| E|CS|TAMS 0x0000000085d00000, 0x0000000085d00000| Complete 
|  58|0x0000000085e00000, 0x0000000085f00000, 0x0000000085f00000|100%| E|CS|TAMS 0x0000000085e00000, 0x0000000085e00000| Complete 
|  59|0x0000000085f00000, 0x0000000086000000, 0x0000000086000000|100%| E|CS|TAMS 0x0000000085f00000, 0x0000000085f00000| Complete 
|  60|0x0000000086000000, 0x0000000086100000, 0x0000000086100000|100%| E|CS|TAMS 0x0000000086000000, 0x0000000086000000| Complete 
|  61|0x0000000086100000, 0x0000000086200000, 0x0000000086200000|100%| E|CS|TAMS 0x0000000086100000, 0x0000000086100000| Complete 
|  62|0x0000000086200000, 0x0000000086300000, 0x0000000086300000|100%| E|CS|TAMS 0x0000000086200000, 0x0000000086200000| Complete 
|  63|0x0000000086300000, 0x0000000086400000, 0x0000000086400000|100%| E|CS|TAMS 0x0000000086300000, 0x0000000086300000| Complete 
|  64|0x0000000086400000, 0x0000000086500000, 0x0000000086500000|100%| E|CS|TAMS 0x0000000086400000, 0x0000000086400000| Complete 
|  65|0x0000000086500000, 0x0000000086600000, 0x0000000086600000|100%| E|CS|TAMS 0x0000000086500000, 0x0000000086500000| Complete 
|  66|0x0000000086600000, 0x0000000086700000, 0x0000000086700000|100%| E|CS|TAMS 0x0000000086600000, 0x0000000086600000| Complete 
|  67|0x0000000086700000, 0x0000000086800000, 0x0000000086800000|100%| E|CS|TAMS 0x0000000086700000, 0x0000000086700000| Complete 
|  68|0x0000000086800000, 0x0000000086900000, 0x0000000086900000|100%| E|CS|TAMS 0x0000000086800000, 0x0000000086800000| Complete 
|  69|0x0000000086900000, 0x0000000086a00000, 0x0000000086a00000|100%| E|CS|TAMS 0x0000000086900000, 0x0000000086900000| Complete 
|  70|0x0000000086a00000, 0x0000000086b00000, 0x0000000086b00000|100%| E|CS|TAMS 0x0000000086a00000, 0x0000000086a00000| Complete 
|  71|0x0000000086b00000, 0x0000000086c00000, 0x0000000086c00000|100%| E|CS|TAMS 0x0000000086b00000, 0x0000000086b00000| Complete 
|  72|0x0000000086c00000, 0x0000000086d00000, 0x0000000086d00000|100%| E|CS|TAMS 0x0000000086c00000, 0x0000000086c00000| Complete 
|  73|0x0000000086d00000, 0x0000000086e00000, 0x0000000086e00000|100%| E|CS|TAMS 0x0000000086d00000, 0x0000000086d00000| Complete 
|  74|0x0000000086e00000, 0x0000000086f00000, 0x0000000086f00000|100%| E|CS|TAMS 0x0000000086e00000, 0x0000000086e00000| Complete 
|  75|0x0000000086f00000, 0x0000000087000000, 0x0000000087000000|100%| E|CS|TAMS 0x0000000086f00000, 0x0000000086f00000| Complete 
|  76|0x0000000087000000, 0x0000000087100000, 0x0000000087100000|100%| E|CS|TAMS 0x0000000087000000, 0x0000000087000000| Complete 
|  77|0x0000000087100000, 0x0000000087200000, 0x0000000087200000|100%| E|CS|TAMS 0x0000000087100000, 0x0000000087100000| Complete 
|  78|0x0000000087200000, 0x0000000087300000, 0x0000000087300000|100%| E|CS|TAMS 0x0000000087200000, 0x0000000087200000| Complete 
|  79|0x0000000087300000, 0x0000000087400000, 0x0000000087400000|100%| E|CS|TAMS 0x0000000087300000, 0x0000000087300000| Complete 
|  80|0x0000000087400000, 0x0000000087500000, 0x0000000087500000|100%| E|CS|TAMS 0x0000000087400000, 0x0000000087400000| Complete 
|  81|0x0000000087500000, 0x0000000087600000, 0x0000000087600000|100%| E|CS|TAMS 0x0000000087500000, 0x0000000087500000| Complete 
|  82|0x0000000087600000, 0x0000000087700000, 0x0000000087700000|100%| E|CS|TAMS 0x0000000087600000, 0x0000000087600000| Complete 
|  83|0x0000000087700000, 0x0000000087800000, 0x0000000087800000|100%| E|CS|TAMS 0x0000000087700000, 0x0000000087700000| Complete 
|  84|0x0000000087800000, 0x0000000087900000, 0x0000000087900000|100%| E|CS|TAMS 0x0000000087800000, 0x0000000087800000| Complete 
|  85|0x0000000087900000, 0x0000000087a00000, 0x0000000087a00000|100%| E|CS|TAMS 0x0000000087900000, 0x0000000087900000| Complete 
|  86|0x0000000087a00000, 0x0000000087b00000, 0x0000000087b00000|100%| E|CS|TAMS 0x0000000087a00000, 0x0000000087a00000| Complete 
|  87|0x0000000087b00000, 0x0000000087c00000, 0x0000000087c00000|100%| E|CS|TAMS 0x0000000087b00000, 0x0000000087b00000| Complete 
|  88|0x0000000087c00000, 0x0000000087d00000, 0x0000000087d00000|100%| E|CS|TAMS 0x0000000087c00000, 0x0000000087c00000| Complete 
|  89|0x0000000087d00000, 0x0000000087e00000, 0x0000000087e00000|100%| E|CS|TAMS 0x0000000087d00000, 0x0000000087d00000| Complete 
|  90|0x0000000087e00000, 0x0000000087e64f80, 0x0000000087f00000| 39%| S|CS|TAMS 0x0000000087e00000, 0x0000000087e00000| Complete 
|  91|0x0000000087f00000, 0x0000000088000000, 0x0000000088000000|100%| E|CS|TAMS 0x0000000087f00000, 0x0000000087f00000| Complete 
|  92|0x0000000088000000, 0x0000000088100000, 0x0000000088100000|100%| E|CS|TAMS 0x0000000088000000, 0x0000000088000000| Complete 
|  93|0x0000000088100000, 0x0000000088200000, 0x0000000088200000|100%| E|CS|TAMS 0x0000000088100000, 0x0000000088100000| Complete 
|  94|0x0000000088200000, 0x0000000088300000, 0x0000000088300000|100%| E|CS|TAMS 0x0000000088200000, 0x0000000088200000| Complete 
|  95|0x0000000088300000, 0x0000000088400000, 0x0000000088400000|100%| E|CS|TAMS 0x0000000088300000, 0x0000000088300000| Complete 
|  96|0x0000000088400000, 0x0000000088500000, 0x0000000088500000|100%| E|CS|TAMS 0x0000000088400000, 0x0000000088400000| Complete 
|  97|0x0000000088500000, 0x0000000088600000, 0x0000000088600000|100%| E|CS|TAMS 0x0000000088500000, 0x0000000088500000| Complete 
|  98|0x0000000088600000, 0x0000000088700000, 0x0000000088700000|100%| E|CS|TAMS 0x0000000088600000, 0x0000000088600000| Complete 
|  99|0x0000000088700000, 0x0000000088800000, 0x0000000088800000|100%| E|CS|TAMS 0x0000000088700000, 0x0000000088700000| Complete 
| 100|0x0000000088800000, 0x0000000088900000, 0x0000000088900000|100%| E|CS|TAMS 0x0000000088800000, 0x0000000088800000| Complete 
| 101|0x0000000088900000, 0x0000000088a00000, 0x0000000088a00000|100%| E|CS|TAMS 0x0000000088900000, 0x0000000088900000| Complete 
| 102|0x0000000088a00000, 0x0000000088b00000, 0x0000000088b00000|100%| E|CS|TAMS 0x0000000088a00000, 0x0000000088a00000| Complete 
| 103|0x0000000088b00000, 0x0000000088c00000, 0x0000000088c00000|100%| E|CS|TAMS 0x0000000088b00000, 0x0000000088b00000| Complete 
| 104|0x0000000088c00000, 0x0000000088d00000, 0x0000000088d00000|100%| E|CS|TAMS 0x0000000088c00000, 0x0000000088c00000| Complete 
| 105|0x0000000088d00000, 0x0000000088e00000, 0x0000000088e00000|100%| E|CS|TAMS 0x0000000088d00000, 0x0000000088d00000| Complete 
| 106|0x0000000088e00000, 0x0000000088f00000, 0x0000000088f00000|100%| E|CS|TAMS 0x0000000088e00000, 0x0000000088e00000| Complete 
| 107|0x0000000088f00000, 0x0000000089000000, 0x0000000089000000|100%| E|CS|TAMS 0x0000000088f00000, 0x0000000088f00000| Complete 
| 108|0x0000000089000000, 0x0000000089100000, 0x0000000089100000|100%| E|CS|TAMS 0x0000000089000000, 0x0000000089000000| Complete 
| 109|0x0000000089100000, 0x0000000089200000, 0x0000000089200000|100%| E|CS|TAMS 0x0000000089100000, 0x0000000089100000| Complete 
| 110|0x0000000089200000, 0x0000000089300000, 0x0000000089300000|100%| E|CS|TAMS 0x0000000089200000, 0x0000000089200000| Complete 
| 111|0x0000000089300000, 0x0000000089400000, 0x0000000089400000|100%| E|CS|TAMS 0x0000000089300000, 0x0000000089300000| Complete 
| 112|0x0000000089400000, 0x0000000089500000, 0x0000000089500000|100%| E|CS|TAMS 0x0000000089400000, 0x0000000089400000| Complete 
| 113|0x0000000089500000, 0x0000000089600000, 0x0000000089600000|100%| E|CS|TAMS 0x0000000089500000, 0x0000000089500000| Complete 
| 114|0x0000000089600000, 0x0000000089700000, 0x0000000089700000|100%| E|CS|TAMS 0x0000000089600000, 0x0000000089600000| Complete 
| 115|0x0000000089700000, 0x0000000089800000, 0x0000000089800000|100%| E|CS|TAMS 0x0000000089700000, 0x0000000089700000| Complete 
| 116|0x0000000089800000, 0x0000000089900000, 0x0000000089900000|100%| E|CS|TAMS 0x0000000089800000, 0x0000000089800000| Complete 
| 117|0x0000000089900000, 0x0000000089a00000, 0x0000000089a00000|100%| E|CS|TAMS 0x0000000089900000, 0x0000000089900000| Complete 
| 118|0x0000000089a00000, 0x0000000089b00000, 0x0000000089b00000|100%| E|CS|TAMS 0x0000000089a00000, 0x0000000089a00000| Complete 
| 119|0x0000000089b00000, 0x0000000089c00000, 0x0000000089c00000|100%| E|CS|TAMS 0x0000000089b00000, 0x0000000089b00000| Complete 
| 120|0x0000000089c00000, 0x0000000089d00000, 0x0000000089d00000|100%| E|CS|TAMS 0x0000000089c00000, 0x0000000089c00000| Complete 
| 121|0x0000000089d00000, 0x0000000089e00000, 0x0000000089e00000|100%| E|CS|TAMS 0x0000000089d00000, 0x0000000089d00000| Complete 
| 122|0x0000000089e00000, 0x0000000089f00000, 0x0000000089f00000|100%| E|CS|TAMS 0x0000000089e00000, 0x0000000089e00000| Complete 
| 123|0x0000000089f00000, 0x000000008a000000, 0x000000008a000000|100%| E|CS|TAMS 0x0000000089f00000, 0x0000000089f00000| Complete 
| 124|0x000000008a000000, 0x000000008a100000, 0x000000008a100000|100%| E|CS|TAMS 0x000000008a000000, 0x000000008a000000| Complete 
| 125|0x000000008a100000, 0x000000008a200000, 0x000000008a200000|100%| E|CS|TAMS 0x000000008a100000, 0x000000008a100000| Complete 

Card table byte_map: [0x000002bbe94e0000,0x000002bbe98d0000] _byte_map_base: 0x000002bbe90ce000

Marking Bits (Prev, Next): (CMBitMap*) 0x000002bbd06c69b0, (CMBitMap*) 0x000002bbd06c69f0
 Prev Bits: [0x000002bbe9cc0000, 0x000002bbebc30000)
 Next Bits: [0x000002bbebc30000, 0x000002bbedba0000)

Polling page: 0x000002bbd0470000

Metaspace:

Usage:
  Non-class:      9.57 MB used.
      Class:    865.88 KB used.
       Both:     10.42 MB used.

Virtual space:
  Non-class space:       16.00 MB reserved,       9.69 MB ( 61%) committed,  2 nodes.
      Class space:        1.00 GB reserved,     960.00 KB ( <1%) committed,  1 nodes.
             Both:        1.02 GB reserved,      10.62 MB (  1%) committed. 

Chunk freelists:
   Non-Class:  2.16 MB
       Class:  3.04 MB
        Both:  5.20 MB

MaxMetaspaceSize: unlimited
CompressedClassSpaceSize: 1.00 GB
Initial GC threshold: 21.00 MB
Current GC threshold: 21.00 MB
CDS: on
MetaspaceReclaimPolicy: balanced
 - commit_granule_bytes: 65536.
 - commit_granule_words: 8192.
 - virtual_space_node_default_size: 1048576.
 - enlarge_chunks_in_place: 1.
 - new_chunks_are_fully_committed: 0.
 - uncommit_free_chunks: 1.
 - use_allocation_guard: 0.
 - handle_deallocations: 1.


Internal statistics:

num_allocs_failed_limit: 0.
num_arena_births: 100.
num_arena_deaths: 0.
num_vsnodes_births: 3.
num_vsnodes_deaths: 0.
num_space_committed: 168.
num_space_uncommitted: 0.
num_chunks_returned_to_freelist: 0.
num_chunks_taken_from_freelist: 272.
num_chunk_merges: 0.
num_chunk_splits: 189.
num_chunks_enlarged: 131.
num_purges: 0.
num_inconsistent_stats: 0.

CodeHeap 'non-profiled nmethods': size=120000Kb used=960Kb max_used=960Kb free=119039Kb
 bounds [0x000002bbe1160000, 0x000002bbe13d0000, 0x000002bbe8690000]
CodeHeap 'profiled nmethods': size=120000Kb used=3333Kb max_used=3333Kb free=116666Kb
 bounds [0x000002bbd9c30000, 0x000002bbd9f80000, 0x000002bbe1160000]
CodeHeap 'non-nmethods': size=5760Kb used=1458Kb max_used=1493Kb free=4301Kb
 bounds [0x000002bbd9690000, 0x000002bbd9900000, 0x000002bbd9c30000]
 total_blobs=2779 nmethods=1939 adapters=752
 compilation: enabled
              stopped_count=0, restarted_count=0
 full_count=0

Compilation events (20 events):
Event: 10.540 Thread 0x000002bbf063a210 1929       3       controlP5.ControllerGroup::postDraw (1 bytes)
Event: 10.540 Thread 0x000002bbf063a210 nmethod 1929 0x000002bbd9f6d390 code [0x000002bbd9f6d520, 0x000002bbd9f6d638]
Event: 10.540 Thread 0x000002bbf063a210 1930       3       processing.core.PApplet::ellipseMode (24 bytes)
Event: 10.540 Thread 0x000002bbf063a210 nmethod 1930 0x000002bbd9f6d710 code [0x000002bbd9f6d8a0, 0x000002bbd9f6db38]
Event: 10.540 Thread 0x000002bbf063a210 1931       3       processing.core.PApplet::imageMode (24 bytes)
Event: 10.540 Thread 0x000002bbf063a210 nmethod 1931 0x000002bbd9f6dc10 code [0x000002bbd9f6de00, 0x000002bbd9f6e458]
Event: 10.845 Thread 0x000002bbf06374f0 1932       4       jdk.internal.math.FloatingDecimal$BinaryToASCIIBuffer::dtoa (1509 bytes)
Event: 10.909 Thread 0x000002bbf06374f0 nmethod 1932 0x000002bbe1249d90 code [0x000002bbe124a0e0, 0x000002bbe124d1c0]
Event: 10.910 Thread 0x000002bbf06374f0 1933       4       controlP5.ControllerList::size (10 bytes)
Event: 10.910 Thread 0x000002bbf06374f0 nmethod 1933 0x000002bbe124f290 code [0x000002bbe124f420, 0x000002bbe124f5f8]
Event: 10.932 Thread 0x000002bbf063a210 1934       3       java.util.HashMap$HashIterator::<init> (79 bytes)
Event: 10.933 Thread 0x000002bbf063a210 nmethod 1934 0x000002bbd9f6e610 code [0x000002bbd9f6e7c0, 0x000002bbd9f6ebf8]
Event: 10.937 Thread 0x000002bbf06374f0 1935       4       processing.core.PApplet::sin (7 bytes)
Event: 10.937 Thread 0x000002bbf06374f0 nmethod 1935 0x000002bbe124f710 code [0x000002bbe124f880, 0x000002bbe124f8f8]
Event: 11.089 Thread 0x000002bbf063a210 1936   !   3       sun.awt.RepaintArea::paint (354 bytes)
Event: 11.090 Thread 0x000002bbf063a210 nmethod 1936 0x000002bbd9f6ed90 code [0x000002bbd9f6f100, 0x000002bbd9f70858]
Event: 11.287 Thread 0x000002bbf06374f0 1937       4       processing.core.PApplet::cos (7 bytes)
Event: 11.287 Thread 0x000002bbf06374f0 nmethod 1937 0x000002bbe124fa10 code [0x000002bbe124fb80, 0x000002bbe124fbf8]
Event: 11.583 Thread 0x000002bbf063a210 1939       3       java.lang.Byte::<init> (10 bytes)
Event: 11.583 Thread 0x000002bbf063a210 nmethod 1939 0x000002bbd9f71310 code [0x000002bbd9f714c0, 0x000002bbd9f71698]

GC Heap History (4 events):
Event: 0.809 GC heap before
{Heap before GC invocations=0 (full 0):
 garbage-first heap   total 129024K, used 22528K [0x0000000082400000, 0x0000000100000000)
  region size 1024K, 23 young (23552K), 0 survivors (0K)
 Metaspace       used 9614K, committed 9792K, reserved 1064960K
  class space    used 830K, committed 896K, reserved 1048576K
}
Event: 0.813 GC heap after
{Heap after GC invocations=1 (full 0):
 garbage-first heap   total 129024K, used 3645K [0x0000000082400000, 0x0000000100000000)
  region size 1024K, 3 young (3072K), 3 survivors (3072K)
 Metaspace       used 9614K, committed 9792K, reserved 1064960K
  class space    used 830K, committed 896K, reserved 1048576K
}
Event: 0.826 GC heap before
{Heap before GC invocations=1 (full 0):
 garbage-first heap   total 129024K, used 36413K [0x0000000082400000, 0x0000000100000000)
  region size 1024K, 35 young (35840K), 3 survivors (3072K)
 Metaspace       used 9628K, committed 9792K, reserved 1064960K
  class space    used 831K, committed 896K, reserved 1048576K
}
Event: 0.828 GC heap after
{Heap after GC invocations=2 (full 0):
 garbage-first heap   total 129024K, used 4030K [0x0000000082400000, 0x0000000100000000)
  region size 1024K, 1 young (1024K), 1 survivors (1024K)
 Metaspace       used 9628K, committed 9792K, reserved 1064960K
  class space    used 831K, committed 896K, reserved 1048576K
}

Deoptimization events (20 events):
Event: 8.333 Thread 0x000002bbf13fad00 DEOPT PACKING pc=0x000002bbe123c614 sp=0x000000f3ac0ff390
Event: 8.333 Thread 0x000002bbf13fad00 DEOPT UNPACKING pc=0x000002bbd96e23a3 sp=0x000000f3ac0ff350 mode 2
Event: 8.333 Thread 0x000002bbf13fad00 Uncommon trap: trap_request=0xffffffbe fr.pc=0x000002bbe123538c relative=0x00000000000001ec
Event: 8.333 Thread 0x000002bbf13fad00 Uncommon trap: reason=profile_predicate action=maybe_recompile pc=0x000002bbe123538c method=java.util.Arrays.fill([Ljava/lang/Object;Ljava/lang/Object;)V @ 5 c2
Event: 8.333 Thread 0x000002bbf13fad00 DEOPT PACKING pc=0x000002bbe123538c sp=0x000000f3ac0ff390
Event: 8.333 Thread 0x000002bbf13fad00 DEOPT UNPACKING pc=0x000002bbd96e23a3 sp=0x000000f3ac0ff368 mode 2
Event: 8.383 Thread 0x000002bbf13fad00 Uncommon trap: trap_request=0xffffffd6 fr.pc=0x000002bbe123c614 relative=0x0000000000000374
Event: 8.384 Thread 0x000002bbf13fad00 Uncommon trap: reason=array_check action=maybe_recompile pc=0x000002bbe123c614 method=java.util.Arrays.fill([Ljava/lang/Object;Ljava/lang/Object;)V @ 13 c2
Event: 8.384 Thread 0x000002bbf13fad00 DEOPT PACKING pc=0x000002bbe123c614 sp=0x000000f3ac0ff390
Event: 8.384 Thread 0x000002bbf13fad00 DEOPT UNPACKING pc=0x000002bbd96e23a3 sp=0x000000f3ac0ff350 mode 2
Event: 8.432 Thread 0x000002bbf13fad00 Uncommon trap: trap_request=0xffffffd6 fr.pc=0x000002bbe123c614 relative=0x0000000000000374
Event: 8.432 Thread 0x000002bbf13fad00 Uncommon trap: reason=array_check action=maybe_recompile pc=0x000002bbe123c614 method=java.util.Arrays.fill([Ljava/lang/Object;Ljava/lang/Object;)V @ 13 c2
Event: 8.432 Thread 0x000002bbf13fad00 DEOPT PACKING pc=0x000002bbe123c614 sp=0x000000f3ac0ff390
Event: 8.432 Thread 0x000002bbf13fad00 DEOPT UNPACKING pc=0x000002bbd96e23a3 sp=0x000000f3ac0ff350 mode 2
Event: 8.432 Thread 0x000002bbf13fad00 Uncommon trap: trap_request=0xffffffbe fr.pc=0x000002bbe123538c relative=0x00000000000001ec
Event: 8.432 Thread 0x000002bbf13fad00 Uncommon trap: reason=profile_predicate action=maybe_recompile pc=0x000002bbe123538c method=java.util.Arrays.fill([Ljava/lang/Object;Ljava/lang/Object;)V @ 5 c2
Event: 8.432 Thread 0x000002bbf13fad00 DEOPT PACKING pc=0x000002bbe123538c sp=0x000000f3ac0ff390
Event: 8.432 Thread 0x000002bbf13fad00 DEOPT UNPACKING pc=0x000002bbd96e23a3 sp=0x000000f3ac0ff368 mode 2
Event: 9.883 Thread 0x000002bbf13fad00 DEOPT PACKING pc=0x000002bbd9ebf24d sp=0x000000f3ac0ff220
Event: 9.883 Thread 0x000002bbf13fad00 DEOPT UNPACKING pc=0x000002bbd96e2b43 sp=0x000000f3ac0fe6c8 mode 0

Classes unloaded (0 events):
No events

Classes redefined (0 events):
No events

Internal exceptions (20 events):
Event: 0.206 Thread 0x000002bbf1201800 Exception <a 'java/lang/NoSuchMethodError'{0x0000000089e0f948}: 'void java.lang.invoke.DirectMethodHandle$Holder.invokeVirtual(java.lang.Object, java.lang.Object)'> (0x0000000089e0f948) 
thrown [t:\workspace\open\src\hotspot\share\interpreter\linkResolver.cpp, line 766]
Event: 0.217 Thread 0x000002bbd0686c10 Exception <a 'java/lang/NoSuchMethodError'{0x0000000089d37e10}: 'void java.lang.invoke.DirectMethodHandle$Holder.invokeStaticInit(java.lang.Object)'> (0x0000000089d37e10) 
thrown [t:\workspace\open\src\hotspot\share\interpreter\linkResolver.cpp, line 766]
Event: 0.270 Thread 0x000002bbd0686c10 Exception <a 'java/lang/NullPointerException'{0x0000000089c11450}> (0x0000000089c11450) 
thrown [t:\workspace\open\src\hotspot\share\interpreter\linkResolver.cpp, line 1440]
Event: 0.722 Thread 0x000002bbf13e5950 Exception <a 'java/lang/NoSuchMethodError'{0x0000000089c89d38}: 'java.lang.Object java.lang.invoke.DirectMethodHandle$Holder.newInvokeSpecial(java.lang.Object, java.lang.Object, java.lang.Object, int, int, int, int, int)'> (0x0000000089c89d38) 
thrown [t:\workspace\open\src\hotspot\share\interpreter\linkResolver.cpp, line 766]
Event: 0.748 Thread 0x000002bbf13fad00 Exception <a 'java/io/IOException'{0x0000000089338c98}> (0x0000000089338c98) 
thrown [t:\workspace\open\src\hotspot\share\prims\jni.cpp, line 516]
Event: 0.748 Thread 0x000002bbf13fad00 Exception <a 'java/io/IOException'{0x0000000089339088}> (0x0000000089339088) 
thrown [t:\workspace\open\src\hotspot\share\prims\jni.cpp, line 516]
Event: 0.776 Thread 0x000002bbf13fad00 Exception <a 'java/io/IOException'{0x00000000893ef0d8}> (0x00000000893ef0d8) 
thrown [t:\workspace\open\src\hotspot\share\prims\jni.cpp, line 516]
Event: 0.776 Thread 0x000002bbf13fad00 Exception <a 'java/io/IOException'{0x00000000893ef440}> (0x00000000893ef440) 
thrown [t:\workspace\open\src\hotspot\share\prims\jni.cpp, line 516]
Event: 0.777 Thread 0x000002bbf13fad00 Exception <a 'java/io/FileNotFoundException'{0x00000000893efc68}> (0x00000000893efc68) 
thrown [t:\workspace\open\src\hotspot\share\prims\jni.cpp, line 516]
Event: 0.783 Thread 0x000002bbf13fad00 Exception <a 'java/io/FileNotFoundException'{0x0000000089201d30}> (0x0000000089201d30) 
thrown [t:\workspace\open\src\hotspot\share\prims\jni.cpp, line 516]
Event: 0.788 Thread 0x000002bbf13fad00 Exception <a 'java/io/FileNotFoundException'{0x0000000089213b40}> (0x0000000089213b40) 
thrown [t:\workspace\open\src\hotspot\share\prims\jni.cpp, line 516]
Event: 0.791 Thread 0x000002bbf13fad00 Exception <a 'java/io/FileNotFoundException'{0x0000000089225280}> (0x0000000089225280) 
thrown [t:\workspace\open\src\hotspot\share\prims\jni.cpp, line 516]
Event: 0.791 Thread 0x000002bbf13fad00 Exception <a 'java/io/FileNotFoundException'{0x0000000089234658}> (0x0000000089234658) 
thrown [t:\workspace\open\src\hotspot\share\prims\jni.cpp, line 516]
Event: 0.793 Thread 0x000002bbf13fad00 Exception <a 'java/io/FileNotFoundException'{0x0000000089245d98}> (0x0000000089245d98) 
thrown [t:\workspace\open\src\hotspot\share\prims\jni.cpp, line 516]
Event: 0.793 Thread 0x000002bbf13fad00 Exception <a 'java/io/FileNotFoundException'{0x000000008925da28}> (0x000000008925da28) 
thrown [t:\workspace\open\src\hotspot\share\prims\jni.cpp, line 516]
Event: 0.795 Thread 0x000002bbf13fad00 Exception <a 'java/io/FileNotFoundException'{0x000000008926f168}> (0x000000008926f168) 
thrown [t:\workspace\open\src\hotspot\share\prims\jni.cpp, line 516]
Event: 4.387 Thread 0x000002bbf13fad00 Exception <a 'java/io/FileNotFoundException'{0x000000008607d4d0}> (0x000000008607d4d0) 
thrown [t:\workspace\open\src\hotspot\share\prims\jni.cpp, line 516]
Event: 4.390 Thread 0x000002bbf13fad00 Exception <a 'java/io/FileNotFoundException'{0x000000008608f100}> (0x000000008608f100) 
thrown [t:\workspace\open\src\hotspot\share\prims\jni.cpp, line 516]
Event: 4.390 Thread 0x000002bbf13fad00 Exception <a 'java/io/FileNotFoundException'{0x00000000860a5538}> (0x00000000860a5538) 
thrown [t:\workspace\open\src\hotspot\share\prims\jni.cpp, line 516]
Event: 4.392 Thread 0x000002bbf13fad00 Exception <a 'java/io/FileNotFoundException'{0x00000000860b6f20}> (0x00000000860b6f20) 
thrown [t:\workspace\open\src\hotspot\share\prims\jni.cpp, line 516]

VM Operations (20 events):
Event: 1.589 Executing VM operation: ICBufferFull
Event: 1.589 Executing VM operation: ICBufferFull done
Event: 2.591 Executing VM operation: Cleanup
Event: 2.591 Executing VM operation: Cleanup done
Event: 3.597 Executing VM operation: Cleanup
Event: 3.598 Executing VM operation: Cleanup done
Event: 4.598 Executing VM operation: Cleanup
Event: 4.598 Executing VM operation: Cleanup done
Event: 5.599 Executing VM operation: Cleanup
Event: 5.599 Executing VM operation: Cleanup done
Event: 6.608 Executing VM operation: Cleanup
Event: 6.608 Executing VM operation: Cleanup done
Event: 7.609 Executing VM operation: Cleanup
Event: 7.609 Executing VM operation: Cleanup done
Event: 8.611 Executing VM operation: Cleanup
Event: 8.611 Executing VM operation: Cleanup done
Event: 9.611 Executing VM operation: Cleanup
Event: 9.612 Executing VM operation: Cleanup done
Event: 10.612 Executing VM operation: Cleanup
Event: 10.612 Executing VM operation: Cleanup done

Events (20 events):
Event: 0.958 loading class jdk/internal/reflect/Label$PatchInfo done
Event: 0.958 loading class jdk/internal/reflect/MethodAccessorGenerator$1
Event: 0.958 loading class jdk/internal/reflect/MethodAccessorGenerator$1 done
Event: 0.958 loading class jdk/internal/reflect/ClassDefiner
Event: 0.958 loading class jdk/internal/reflect/ClassDefiner done
Event: 0.958 loading class jdk/internal/reflect/ClassDefiner$1
Event: 0.958 loading class jdk/internal/reflect/ClassDefiner$1 done
Event: 0.958 loading class java/nio/DirectFloatBufferU
Event: 0.958 loading class java/nio/DirectFloatBufferU done
Event: 1.483 Thread 0x000002bbf25e92e0 Thread exited: 0x000002bbf25e92e0
Event: 4.393 loading class java/util/TooManyListenersException
Event: 4.393 loading class java/util/TooManyListenersException done
Event: 4.397 Thread 0x000002bbf34a0770 Thread added: 0x000002bbf34a0770
Event: 4.404 loading class sun/nio/cs/UTF_8$Encoder
Event: 4.404 loading class sun/nio/cs/UTF_8$Encoder done
Event: 4.404 loading class java/io/FileOutputStream$1
Event: 4.404 loading class java/io/FileOutputStream$1 done
Event: 5.740 Thread 0x000002bbf13e5950 Thread exited: 0x000002bbf13e5950
Event: 11.583 loading class java/lang/Byte$ByteCache
Event: 11.583 loading class java/lang/Byte$ByteCache done


Dynamic libraries:
0x00007ff668690000 - 0x00007ff6686a0000 	C:\Program Files\Java\jdk-17.0.1\bin\javaw.exe
0x00007ff8e9000000 - 0x00007ff8e9209000 	C:\WINDOWS\SYSTEM32\ntdll.dll
0x00007ff8afee0000 - 0x00007ff8afef6000 	C:\Program Files\AVG\Antivirus\aswhook.dll
0x00007ff8e6f00000 - 0x00007ff8e6fbd000 	C:\WINDOWS\System32\KERNEL32.DLL
0x00007ff8e6a00000 - 0x00007ff8e6d74000 	C:\WINDOWS\System32\KERNELBASE.dll
0x00007ff8e6d80000 - 0x00007ff8e6e91000 	C:\WINDOWS\System32\ucrtbase.dll
0x00007ff8d1cd0000 - 0x00007ff8d1ce8000 	C:\Program Files\Java\jdk-17.0.1\bin\jli.dll
0x00007ff8d0f50000 - 0x00007ff8d0f6a000 	C:\Program Files\Java\jdk-17.0.1\bin\VCRUNTIME140.dll
0x00007ff8e8b20000 - 0x00007ff8e8bce000 	C:\WINDOWS\System32\ADVAPI32.dll
0x00007ff8e8a70000 - 0x00007ff8e8b13000 	C:\WINDOWS\System32\msvcrt.dll
0x00007ff8e8d70000 - 0x00007ff8e8e0e000 	C:\WINDOWS\System32\sechost.dll
0x00007ff8e7b70000 - 0x00007ff8e7c90000 	C:\WINDOWS\System32\RPCRT4.dll
0x00007ff8e7d10000 - 0x00007ff8e7ebc000 	C:\WINDOWS\System32\USER32.dll
0x00007ff8d0120000 - 0x00007ff8d03c5000 	C:\WINDOWS\WinSxS\amd64_microsoft.windows.common-controls_6595b64144ccf1df_6.0.22000.120_none_9d947278b86cc467\COMCTL32.dll
0x00007ff8e6860000 - 0x00007ff8e6886000 	C:\WINDOWS\System32\win32u.dll
0x00007ff8e87a0000 - 0x00007ff8e87c9000 	C:\WINDOWS\System32\GDI32.dll
0x00007ff8e6610000 - 0x00007ff8e6722000 	C:\WINDOWS\System32\gdi32full.dll
0x00007ff8e64f0000 - 0x00007ff8e658d000 	C:\WINDOWS\System32\msvcp_win.dll
0x00007ff8dd540000 - 0x00007ff8dd54a000 	C:\WINDOWS\SYSTEM32\VERSION.dll
0x00007ff8e8540000 - 0x00007ff8e8571000 	C:\WINDOWS\System32\IMM32.DLL
0x00007ff8d3950000 - 0x00007ff8d395c000 	C:\Program Files\Java\jdk-17.0.1\bin\vcruntime140_1.dll
0x00007ff8cb3d0000 - 0x00007ff8cb45d000 	C:\Program Files\Java\jdk-17.0.1\bin\msvcp140.dll
0x00007ff842230000 - 0x00007ff842dee000 	C:\Program Files\Java\jdk-17.0.1\bin\server\jvm.dll
0x00007ff8e8a60000 - 0x00007ff8e8a68000 	C:\WINDOWS\System32\PSAPI.DLL
0x00007ff8cfdd0000 - 0x00007ff8cfdd9000 	C:\WINDOWS\SYSTEM32\WSOCK32.dll
0x00007ff8df590000 - 0x00007ff8df5c3000 	C:\WINDOWS\SYSTEM32\WINMM.dll
0x00007ff8e8830000 - 0x00007ff8e889f000 	C:\WINDOWS\System32\WS2_32.dll
0x00007ff8e55f0000 - 0x00007ff8e5608000 	C:\WINDOWS\SYSTEM32\kernel.appcore.dll
0x00007ff8d1c40000 - 0x00007ff8d1c4a000 	C:\Program Files\Java\jdk-17.0.1\bin\jimage.dll
0x00007ff8e38f0000 - 0x00007ff8e3b11000 	C:\WINDOWS\SYSTEM32\DBGHELP.DLL
0x00007ff8d4f60000 - 0x00007ff8d4f91000 	C:\WINDOWS\SYSTEM32\dbgcore.DLL
0x00007ff8e6590000 - 0x00007ff8e660f000 	C:\WINDOWS\System32\bcryptPrimitives.dll
0x00007ff8ce640000 - 0x00007ff8ce665000 	C:\Program Files\Java\jdk-17.0.1\bin\java.dll
0x00007ff88c700000 - 0x00007ff88c7d6000 	C:\Program Files\Java\jdk-17.0.1\bin\svml.dll
0x00007ff8e6fc0000 - 0x00007ff8e776e000 	C:\WINDOWS\System32\SHELL32.dll
0x00007ff8e4660000 - 0x00007ff8e4ec8000 	C:\WINDOWS\SYSTEM32\windows.storage.dll
0x00007ff8e7770000 - 0x00007ff8e7ae8000 	C:\WINDOWS\System32\combase.dll
0x00007ff8e44f0000 - 0x00007ff8e4656000 	C:\WINDOWS\SYSTEM32\wintypes.dll
0x00007ff8e8590000 - 0x00007ff8e867a000 	C:\WINDOWS\System32\SHCORE.dll
0x00007ff8e87d0000 - 0x00007ff8e882d000 	C:\WINDOWS\System32\shlwapi.dll
0x00007ff8e6420000 - 0x00007ff8e6441000 	C:\WINDOWS\SYSTEM32\profapi.dll
0x00007ff8ce620000 - 0x00007ff8ce639000 	C:\Program Files\Java\jdk-17.0.1\bin\net.dll
0x00007ff8dffa0000 - 0x00007ff8e00ac000 	C:\WINDOWS\SYSTEM32\WINHTTP.dll
0x00007ff8e5a90000 - 0x00007ff8e5af7000 	C:\WINDOWS\system32\mswsock.dll
0x00007ff8ce500000 - 0x00007ff8ce515000 	C:\Program Files\Java\jdk-17.0.1\bin\nio.dll
0x00007ff8ce4e0000 - 0x00007ff8ce4f8000 	C:\Program Files\Java\jdk-17.0.1\bin\zip.dll
0x00007ff8d1340000 - 0x00007ff8d1350000 	C:\Program Files\Java\jdk-17.0.1\bin\verify.dll
0x00007ff8890f0000 - 0x00007ff88927f000 	C:\Program Files\Java\jdk-17.0.1\bin\awt.dll
0x00007ff8e83e0000 - 0x00007ff8e84b6000 	C:\WINDOWS\System32\OLEAUT32.dll
0x00007ff8e36d0000 - 0x00007ff8e3761000 	C:\WINDOWS\SYSTEM32\apphelp.dll
0x00007ff8e3c30000 - 0x00007ff8e3cdc000 	C:\WINDOWS\system32\uxtheme.dll
0x00007ff89e130000 - 0x00007ff89e261000 	C:\ProgramData\A-Volute\A-Volute.SonicStudio3\Modules\ScheduledModules\x64\AudioDevProps2.dll
0x00007ff8e8e20000 - 0x00007ff8e8fba000 	C:\WINDOWS\System32\ole32.dll
0x00007ff8e8680000 - 0x00007ff8e879e000 	C:\WINDOWS\System32\MSCTF.dll
0x00007ff8e4160000 - 0x00007ff8e418f000 	C:\WINDOWS\system32\DWMAPI.DLL
0x00007ff8ca340000 - 0x00007ff8ca441000 	C:\WINDOWS\system32\opengl32.dll
0x00007ff8ce7e0000 - 0x00007ff8ce80d000 	C:\WINDOWS\SYSTEM32\GLU32.dll
0x00007ff8e4060000 - 0x00007ff8e4098000 	C:\WINDOWS\SYSTEM32\dxcore.dll
0x00007ff8a2330000 - 0x00007ff8a23b9000 	C:\Program Files\Java\jdk-17.0.1\bin\freetype.dll
0x00007ff8883e0000 - 0x00007ff888488000 	C:\Program Files\Java\jdk-17.0.1\bin\fontmanager.dll
0x0000000010000000 - 0x000000001005a000 	D:\Arduino\QuadX\MultiWiiConf\application.windows64\jogl.dll
0x0000000050670000 - 0x0000000050739000 	C:\WINDOWS\WinSxS\amd64_microsoft.vc80.crt_1fc8b3b9a1e18e3b_8.0.50727.9680_none_88e394a52fab6222\MSVCR80.dll
0x00007ff8d12c0000 - 0x00007ff8d12c7000 	C:\Program Files\Java\jdk-17.0.1\bin\jawt.dll
0x00000000002f0000 - 0x00000000002f7000 	D:\Arduino\QuadX\MultiWiiConf\application.windows64\jogl_awt.dll
0x00007ff8e00b0000 - 0x00007ff8e00f4000 	C:\WINDOWS\SYSTEM32\directxdatabasehelper.dll
0x00007ff8e40b0000 - 0x00007ff8e40e4000 	C:\WINDOWS\SYSTEM32\ntmarta.dll
0x00007ff8cea30000 - 0x00007ff8ceb5d000 	C:\WINDOWS\SYSTEM32\textinputframework.dll
0x00007ff8e8cc0000 - 0x00007ff8e8d6f000 	C:\WINDOWS\System32\clbcatq.dll
0x00007ff8ddd30000 - 0x00007ff8dde64000 	C:\Windows\System32\AppXDeploymentClient.dll
0x00007ff8dd990000 - 0x00007ff8ddb7f000 	C:\WINDOWS\SYSTEM32\urlmon.dll
0x00007ff8dd600000 - 0x00007ff8dd8b3000 	C:\Windows\System32\iertutil.dll
0x00007ff8ddcd0000 - 0x00007ff8ddcf8000 	C:\Windows\System32\srvcli.dll
0x00007ff8e5110000 - 0x00007ff8e511c000 	C:\Windows\System32\netutils.dll
0x00007ff841210000 - 0x00007ff84222a000 	C:\WINDOWS\System32\DriverStore\FileRepository\14_asus_coffeelake_hws_iigd_dch.inf_amd64_44acbf350b15f150\ig9icd64.dll
0x00007ff8e3d10000 - 0x00007ff8e3e03000 	C:\WINDOWS\system32\dxgi.dll
0x00007ff8765c0000 - 0x00007ff876a5e000 	C:\WINDOWS\System32\DriverStore\FileRepository\14_asus_coffeelake_hws_iigd_dch.inf_amd64_44acbf350b15f150\igdml64.dll
0x00007ff8da1b0000 - 0x00007ff8da571000 	C:\WINDOWS\System32\DriverStore\FileRepository\14_asus_coffeelake_hws_iigd_dch.inf_amd64_44acbf350b15f150\igdgmm64.dll
0x00007ff8d6ef0000 - 0x00007ff8da1ad000 	C:\WINDOWS\System32\DriverStore\FileRepository\14_asus_coffeelake_hws_iigd_dch.inf_amd64_44acbf350b15f150\igc64.dll
0x00007ff8e5e10000 - 0x00007ff8e5e5d000 	C:\WINDOWS\SYSTEM32\powrprof.dll
0x00007ff8e5db0000 - 0x00007ff8e5dc3000 	C:\WINDOWS\SYSTEM32\UMPDC.dll
0x0000000180000000 - 0x0000000180025000 	D:\Arduino\QuadX\MultiWiiConf\application.windows64\rxtxSerial.dll
0x00007ff8e32c0000 - 0x00007ff8e33f2000 	C:\WINDOWS\SYSTEM32\CoreMessaging.dll
0x00007ff8df220000 - 0x00007ff8df58d000 	C:\WINDOWS\SYSTEM32\CoreUIComponents.dll
0x00007ff8e5cf0000 - 0x00007ff8e5cfc000 	C:\WINDOWS\SYSTEM32\CRYPTBASE.DLL

dbghelp: loaded successfully - version: 4.0.5 - missing functions: none
symbol engine: initialized successfully - sym options: 0x614 - pdb path: .;C:\Program Files\Java\jdk-17.0.1\bin;C:\WINDOWS\SYSTEM32;C:\Program Files\AVG\Antivirus;C:\WINDOWS\WinSxS\amd64_microsoft.windows.common-controls_6595b64144ccf1df_6.0.22000.120_none_9d947278b86cc467;C:\Program Files\Java\jdk-17.0.1\bin\server;C:\ProgramData\A-Volute\A-Volute.SonicStudio3\Modules\ScheduledModules\x64;D:\Arduino\QuadX\MultiWiiConf\application.windows64;C:\WINDOWS\WinSxS\amd64_microsoft.vc80.crt_1fc8b3b9a1e18e3b_8.0.50727.9680_none_88e394a52fab6222;C:\WINDOWS\System32\DriverStore\FileRepository\14_asus_coffeelake_hws_iigd_dch.inf_amd64_44acbf350b15f150

VM Arguments:
java_command: MultiWiiConf
java_class_path (initial): D:\Arduino\QuadX\MultiWiiConf\application.windows64\lib\MultiWiiConf.jar;D:\Arduino\QuadX\MultiWiiConf\application.windows64\lib\core.jar;D:\Arduino\QuadX\MultiWiiConf\application.windows64\lib\RXTXcomm.jar;D:\Arduino\QuadX\MultiWiiConf\application.windows64\lib\serial.jar;D:\Arduino\QuadX\MultiWiiConf\application.windows64\lib\controlP5.jar;D:\Arduino\QuadX\MultiWiiConf\application.windows64\lib\gluegen-rt.jar;D:\Arduino\QuadX\MultiWiiConf\application.windows64\lib\jogl.jar;D:\Arduino\QuadX\MultiWiiConf\application.windows64\lib\opengl.jar
Launcher Type: SUN_STANDARD

[Global flags]
     intx CICompilerCount                          = 4                                         {product} {ergonomic}
     uint ConcGCThreads                            = 2                                         {product} {ergonomic}
     uint G1ConcRefinementThreads                  = 8                                         {product} {ergonomic}
   size_t G1HeapRegionSize                         = 1048576                                   {product} {ergonomic}
    uintx GCDrainStackTargetSize                   = 64                                        {product} {ergonomic}
   size_t InitialHeapSize                          = 132120576                                 {product} {ergonomic}
   size_t MarkStackSize                            = 4194304                                   {product} {ergonomic}
   size_t MaxHeapSize                              = 2109734912                                {product} {ergonomic}
   size_t MaxNewSize                               = 1265631232                                {product} {ergonomic}
   size_t MinHeapDeltaBytes                        = 1048576                                   {product} {ergonomic}
   size_t MinHeapSize                              = 8388608                                   {product} {ergonomic}
    uintx NonNMethodCodeHeapSize                   = 5839372                                {pd product} {ergonomic}
    uintx NonProfiledCodeHeapSize                  = 122909434                              {pd product} {ergonomic}
    uintx ProfiledCodeHeapSize                     = 122909434                              {pd product} {ergonomic}
    uintx ReservedCodeCacheSize                    = 251658240                              {pd product} {ergonomic}
     bool SegmentedCodeCache                       = true                                      {product} {ergonomic}
   size_t SoftMaxHeapSize                          = 2109734912                             {manageable} {ergonomic}
     bool UseCompressedClassPointers               = true                           {product lp64_product} {ergonomic}
     bool UseCompressedOops                        = true                           {product lp64_product} {ergonomic}
     bool UseG1GC                                  = true                                      {product} {ergonomic}
     bool UseLargePagesIndividualAllocation        = false                                  {pd product} {ergonomic}

Logging:
Log output configuration:
 #0: stdout all=warning uptime,level,tags
 #1: stderr all=off uptime,level,tags

Environment Variables:
CLASSPATH=D:\Arduino\QuadX\MultiWiiConf\application.windows64\lib\MultiWiiConf.jar;D:\Arduino\QuadX\MultiWiiConf\application.windows64\lib\core.jar;D:\Arduino\QuadX\MultiWiiConf\application.windows64\lib\RXTXcomm.jar;D:\Arduino\QuadX\MultiWiiConf\application.windows64\lib\serial.jar;D:\Arduino\QuadX\MultiWiiConf\application.windows64\lib\controlP5.jar;D:\Arduino\QuadX\MultiWiiConf\application.windows64\lib\gluegen-rt.jar;D:\Arduino\QuadX\MultiWiiConf\application.windows64\lib\jogl.jar;D:\Arduino\QuadX\MultiWiiConf\application.windows64\lib\opengl.jar
PATH=C:\Program Files\Common Files\Oracle\Java\javapath;C:\Windows\system32;C:\Windows;C:\Windows\System32\Wbem;C:\Windows\System32\WindowsPowerShell\v1.0;C:\Program Files (x86)\NVIDIA Corporation\PhysX\Common;C:\Program Files\NVIDIA Corporation\NVIDIA NvDLISR;C:\WINDOWS\system32;C:\WINDOWS;C:\WINDOWS\System32\Wbem;C:\WINDOWS\System32\WindowsPowerShell\v1.0;C:\Gradle\gradle-7.3.3\bin;C:\Program Files\Microsoft SQL Server\Client SDK\ODBC\110\Tools\Binn;C:\Program Files (x86)\Microsoft SQL Server\120\Tools\Binn;C:\Program Files\Microsoft SQL Server\120\Tools\Binn;C:\Program Files\Microsoft SQL Server\120\DTS\Binn;C:\Program Files (x86)\Windows Kits\8.1\Windows Performance Toolkit;C:\Users\admin\AppData\Local\Programs\Python\Python310\Scripts;C:\Users\admin\AppData\Local\Programs\Python\Python310;C:\Users\admin\AppData\Local\Microsoft\WindowsApps;C:\Users\admin\AppData\Local\Programs\Microsoft VS Code\bin;C:\Tools\gradle-7.3.3\bin
USERNAME=admin
OS=Windows_NT
PROCESSOR_IDENTIFIER=Intel64 Family 6 Model 158 Stepping 10, GenuineIntel



---------------  S Y S T E M  ---------------

OS:
 Windows 10 , 64 bit Build 22000 (10.0.22000.434)
OS uptime: 13 days 8:09 hours

CPU: total 8 (initial active 8) (4 cores per cpu, 2 threads per core) family 6 model 158 stepping 10 microcode 0xde, cx8, cmov, fxsr, ht, mmx, 3dnowpref, sse, sse2, sse3, ssse3, sse4.1, sse4.2, popcnt, lzcnt, tsc, tscinvbit, avx, avx2, aes, erms, clmul, bmi1, bmi2, adx, fma, vzeroupper, clflush, clflushopt

Memory: 4k page, system-wide physical 8044M (1221M free)
TotalPageFile size 18284M (AvailPageFile size 3624M)
current process WorkingSet (physical memory assigned to process): 214M, peak: 216M
current process commit charge ("private bytes"): 259M, peak: 266M

vm_info: Java HotSpot(TM) 64-Bit Server VM (17.0.1+12-LTS-39) for windows-amd64 JRE (17.0.1+12-LTS-39), built on Sep 27 2021 18:41:35 by "mach5one" with MS VC++ 16.8 (VS2019)

END.
